#
# There is insufficient memory for the Java Runtime Environment to continue.
# Native memory allocation (mmap) failed to map 15728640 bytes for Failed to commit area from 0x00000000a4b00000 to 0x00000000a5a00000 of length 15728640.
# Possible reasons:
#   The system is out of physical RAM or swap space
#   The process is running with CompressedOops enabled, and the Java Heap may be blocking the growth of the native heap
# Possible solutions:
#   Reduce memory load on the system
#   Increase physical memory or swap space
#   Check if swap backing store is full
#   Decrease Java heap size (-Xmx/-Xms)
#   Decrease number of Java threads
#   Decrease Java thread stack sizes (-Xss)
#   Set larger code cache with -XX:ReservedCodeCacheSize=
#   JVM is running with Unscaled Compressed Oops mode in which the Java heap is
#     placed in the first 4GB address space. The Java Heap base address is the
#     maximum limit for the native heap growth. Please use -XX:HeapBaseMinAddress
#     to set the Java Heap base and to place the Java Heap above 4GB virtual address.
# This output file may be truncated or incomplete.
#
#  Out of Memory Error (./src/hotspot/os/windows/os_windows.cpp:3301), pid=15940, tid=23896
#
# JRE version: OpenJDK Runtime Environment (11.0.10) (build 11.0.10+0-b96-7249189)
# Java VM: OpenJDK 64-Bit Server VM (11.0.10+0-b96-7249189, mixed mode, tiered, compressed oops, g1 gc, windows-amd64)
# No core dump will be written. Minidumps are not enabled by default on client versions of Windows
#

---------------  S U M M A R Y ------------

Command Line: --add-opens=java.base/java.util=ALL-UNNAMED --add-opens=java.base/java.lang=ALL-UNNAMED --add-opens=java.base/java.lang.invoke=ALL-UNNAMED --add-opens=java.prefs/java.util.prefs=ALL-UNNAMED -Xmx1536M -Dfile.encoding=windows-1252 -Duser.country=US -Duser.language=en -Duser.variant org.gradle.launcher.daemon.bootstrap.GradleDaemon 6.7

Host: Intel(R) Core(TM) i5-9300H CPU @ 2.40GHz, 8 cores, 3G,  Windows 10 , 64 bit Build 19041 (10.0.19041.1202)
Time: Tue Feb 15 13:20:36 2022 Malay Peninsula Standard Time elapsed time: 18.252526 seconds (0d 0h 0m 18s)

---------------  T H R E A D  ---------------

Current thread (0x000001fe995e9000):  VMThread "VM Thread" [stack: 0x0000004390700000,0x0000004390800000] [id=23896]

Stack: [0x0000004390700000,0x0000004390800000]
[error occurred during error reporting (printing stack bounds), id 0xc0000005, EXCEPTION_ACCESS_VIOLATION (0xc0000005) at pc=0x000001fe83a10f2d]

Native frames: (J=compiled Java code, j=interpreted, Vv=VM code, C=native code)
V  [jvm.dll+0x5ecfaa]
V  [jvm.dll+0x722bd5]
V  [jvm.dll+0x72412d]
V  [jvm.dll+0x724745]
V  [jvm.dll+0x7246fb]
V  [jvm.dll+0x5ec348]
V  [jvm.dll+0x5ecad8]
C  [ntdll.dll+0xa20cf]
C  [ntdll.dll+0x51454]
C  [ntdll.dll+0xa0bfe]
C  0x000001fe83a10f2d

VM_Operation (0x00000043921f24a0): G1CollectForAllocation, mode: safepoint, requested by thread 0x000001fe9b8f6800


---------------  P R O C E S S  ---------------

Threads class SMR info:
_java_thread_list=0x000001fea02c37f0, length=151, elements={
0x000001fefe52c800, 0x000001fe9960c000, 0x000001fe9960d000, 0x000001fe9966a000,
0x000001fe9966c000, 0x000001fe9966d000, 0x000001fe99670000, 0x000001fe99671800,
0x000001fe99f84000, 0x000001fe9a0e6000, 0x000001fe9b18c000, 0x000001fe9b406800,
0x000001fe9b6d6800, 0x000001fe9bc1e000, 0x000001fe9b5ef800, 0x000001fe9b8f5800,
0x000001fe9b8f6800, 0x000001fe9a22d800, 0x000001fe9a8d7800, 0x000001fe9bd1c800,
0x000001fe9bd1f000, 0x000001fe9bd1b800, 0x000001fe9bd1f800, 0x000001fe9bd1d000,
0x000001fe9bd1e000, 0x000001fe9bd20800, 0x000001fe9bd1a800, 0x000001fe9bd21800,
0x000001fe9dea2800, 0x000001fe9dea3800, 0x000001fe9dea5000, 0x000001fe9dea2000,
0x000001fe9dea6000, 0x000001fe9dea7000, 0x000001fe9dea1000, 0x000001fe9deac800,
0x000001fe9dea8800, 0x000001fe9deab000, 0x000001fe9dea9800, 0x000001fe9deab800,
0x000001fe9dead800, 0x000001fe9deaa000, 0x000001fe9dea7800, 0x000001fe9deaf000,
0x000001fe9deae000, 0x000001fe9c2e9000, 0x000001fe9c2ea000, 0x000001fe9c2ed000,
0x000001fe9c2ee000, 0x000001fe9c2e8800, 0x000001fe9c2ea800, 0x000001fe9c2ef000,
0x000001fe9c2eb800, 0x000001fe9c2ef800, 0x000001fe9c2f1800, 0x000001fe9c2f0800,
0x000001fe9c2f2000, 0x000001fe9c2ec800, 0x000001fe9c2f3000, 0x000001fe9c2f5800,
0x000001fe9c2f3800, 0x000001fe9c2f7000, 0x000001fe9c2f4800, 0x000001fe9c2f6000,
0x000001fe9ea44000, 0x000001fe9ea43800, 0x000001fe9ea41000, 0x000001fe9ea41800,
0x000001fe9ea46000, 0x000001fe9ea45000, 0x000001fe9ea42800, 0x000001fe9ea40000,
0x000001fe9ea4b800, 0x000001fe9ea49000, 0x000001fe9ea46800, 0x000001fe9ea47800,
0x000001fe9ea4a000, 0x000001fe9ea4a800, 0x000001fe9ea4c800, 0x000001fe9ea4e000,
0x000001fe9ea4d000, 0x000001fe9ea48000, 0x000001fe9ea4e800, 0x000001fe9ea30000,
0x000001fe9ea35000, 0x000001fe9ea32800, 0x000001fe9ea31800, 0x000001fe9ea33800,
0x000001fe9ea34000, 0x000001fe9ea35800, 0x000001fe9ea36800, 0x000001fe9ea31000,
0x000001fe9ea38000, 0x000001fe9ea3a800, 0x000001fe9ea39000, 0x000001fe9ea3a000,
0x000001fe9ea3b800, 0x000001fe9ea3c800, 0x000001fe9ea3d000, 0x000001fe9ea37800,
0x000001fe9ea3e000, 0x000001fe9ea3e800, 0x000001fe9e2c1800, 0x000001fe9e2bf000,
0x000001fe9e2c1000, 0x000001fe9e2c3800, 0x000001fe9e2c4000, 0x000001fe9e2c0000,
0x000001fe9e2c2800, 0x000001fe9e2be800, 0x000001fe9e2ca000, 0x000001fe9e2c6800,
0x000001fe9e2c7800, 0x000001fe9e2ca800, 0x000001fe9e2c5000, 0x000001fe9e2c8000,
0x000001fe9e2c9000, 0x000001fe9e2cb800, 0x000001fe9e2c5800, 0x000001fe9e2cc800,
0x000001fe9e2cd000, 0x000001fe9e828800, 0x000001fe9e82a000, 0x000001fe9e827000,
0x000001fe9e826000, 0x000001fe9e82b000, 0x000001fe9e82d800, 0x000001fe9e827800,
0x000001fe9e82e800, 0x000001fe9e82f000, 0x000001fe9e82c800, 0x000001fe9e829800,
0x000001fe9e82c000, 0x000001fe9e833000, 0x000001fe9e831800, 0x000001fe9e835000,
0x000001fe9e834000, 0x000001fe9e830000, 0x000001fe9e830800, 0x000001fe9e832800,
0x000001fe9e3ae000, 0x000001fe9e3ab000, 0x000001fe9e3af000, 0x000001fe9e3af800,
0x000001fe9e3aa000, 0x000001fe9e3ab800, 0x000001fe9e3b0800, 0x000001fe9e3ac800,
0x000001fe9e3ad000, 0x000001fe9e003800, 0x000001fe9e004000
}

Java Threads: ( => current thread )
  0x000001fefe52c800 JavaThread "main" [_thread_blocked, id=15280, stack(0x0000004390100000,0x0000004390200000)]
  0x000001fe9960c000 JavaThread "Reference Handler" daemon [_thread_blocked, id=2696, stack(0x0000004390800000,0x0000004390900000)]
  0x000001fe9960d000 JavaThread "Finalizer" daemon [_thread_blocked, id=12152, stack(0x0000004390900000,0x0000004390a00000)]
  0x000001fe9966a000 JavaThread "Signal Dispatcher" daemon [_thread_blocked, id=23660, stack(0x0000004390a00000,0x0000004390b00000)]
  0x000001fe9966c000 JavaThread "Attach Listener" daemon [_thread_blocked, id=2336, stack(0x0000004390b00000,0x0000004390c00000)]
  0x000001fe9966d000 JavaThread "Service Thread" daemon [_thread_blocked, id=12548, stack(0x0000004390c00000,0x0000004390d00000)]
  0x000001fe99670000 JavaThread "C2 CompilerThread0" daemon [_thread_in_native, id=22108, stack(0x0000004390d00000,0x0000004390e00000)]
  0x000001fe99671800 JavaThread "C1 CompilerThread0" daemon [_thread_blocked, id=6276, stack(0x0000004390e00000,0x0000004390f00000)]
  0x000001fe99f84000 JavaThread "Sweeper thread" daemon [_thread_blocked, id=23580, stack(0x0000004390f00000,0x0000004391000000)]
  0x000001fe9a0e6000 JavaThread "Common-Cleaner" daemon [_thread_blocked, id=14288, stack(0x0000004391000000,0x0000004391100000)]
  0x000001fe9b18c000 JavaThread "Daemon health stats" [_thread_blocked, id=20808, stack(0x0000004391300000,0x0000004391400000)]
  0x000001fe9b406800 JavaThread "Incoming local TCP Connector on port 50399" [_thread_in_native, id=24528, stack(0x0000004391600000,0x0000004391700000)]
  0x000001fe9b6d6800 JavaThread "Daemon periodic checks" [_thread_blocked, id=5176, stack(0x0000004391700000,0x0000004391800000)]
  0x000001fe9bc1e000 JavaThread "Daemon" [_thread_blocked, id=24380, stack(0x0000004391800000,0x0000004391900000)]
  0x000001fe9b5ef800 JavaThread "Handler for socket connection from /127.0.0.1:50399 to /127.0.0.1:50400" [_thread_in_native, id=17140, stack(0x0000004391900000,0x0000004391a00000)]
  0x000001fe9b8f5800 JavaThread "Cancel handler" [_thread_blocked, id=272, stack(0x0000004392000000,0x0000004392100000)]
  0x000001fe9b8f6800 JavaThread "Daemon worker" [_thread_blocked, id=24364, stack(0x0000004392100000,0x0000004392200000)]
  0x000001fe9a22d800 JavaThread "Asynchronous log dispatcher for DefaultDaemonConnection: socket connection from /127.0.0.1:50399 to /127.0.0.1:50400" [_thread_blocked, id=24408, stack(0x0000004392200000,0x0000004392300000)]
  0x000001fe9a8d7800 JavaThread "Stdin handler" [_thread_blocked, id=18628, stack(0x0000004392300000,0x0000004392400000)]
  0x000001fe9bd1c800 JavaThread "Thread-8" [_thread_blocked, id=16252, stack(0x0000004392400000,0x0000004392500000)]
  0x000001fe9bd1f000 JavaThread "Cache worker for file hash cache (C:\Users\ASUS\.gradle\caches\6.7\fileHashes)" [_thread_blocked, id=4916, stack(0x0000004392500000,0x0000004392600000)]
  0x000001fe9bd1b800 JavaThread "File lock request listener" [_thread_in_native, id=17076, stack(0x0000004392600000,0x0000004392700000)]
  0x000001fe9bd1f800 JavaThread "Cache worker for journal cache (C:\Users\ASUS\.gradle\caches\journal-1)" [_thread_blocked, id=1176, stack(0x0000004392700000,0x0000004392800000)]
  0x000001fe9bd1d000 JavaThread "Cache worker for file hash cache (C:\Users\ASUS\Documents\MP\tmj_finalproject\android\.gradle\6.7\fileHashes)" [_thread_blocked, id=20288, stack(0x0000004392900000,0x0000004392a00000)]
  0x000001fe9bd1e000 JavaThread "Cache worker for checksums cache (C:\Users\ASUS\Documents\MP\tmj_finalproject\android\.gradle\checksums)" [_thread_blocked, id=20224, stack(0x0000004392a00000,0x0000004392b00000)]
  0x000001fe9bd20800 JavaThread "Cache worker for cache directory md-supplier (C:\Users\ASUS\.gradle\caches\6.7\md-supplier)" [_thread_blocked, id=8128, stack(0x0000004392b00000,0x0000004392c00000)]
  0x000001fe9bd1a800 JavaThread "Cache worker for cache directory md-rule (C:\Users\ASUS\.gradle\caches\6.7\md-rule)" [_thread_blocked, id=20560, stack(0x0000004392c00000,0x0000004392d00000)]
  0x000001fe9bd21800 JavaThread "Cache worker for execution history cache (C:\Users\ASUS\.gradle\caches\6.7\executionHistory)" [_thread_blocked, id=19204, stack(0x0000004392d00000,0x0000004392e00000)]
  0x000001fe9dea2800 JavaThread "jar transforms" [_thread_blocked, id=5088, stack(0x0000004392e00000,0x0000004392f00000)]
  0x000001fe9dea3800 JavaThread "Cache worker for file content cache (C:\Users\ASUS\.gradle\caches\6.7\fileContent)" [_thread_blocked, id=22060, stack(0x0000004392f00000,0x0000004393000000)]
  0x000001fe9dea5000 JavaThread "Cache worker for Build Output Cleanup Cache (C:\Users\ASUS\Documents\MP\tmj_finalproject\android\.gradle\buildOutputCleanup)" [_thread_blocked, id=23752, stack(0x0000004393000000,0x0000004393100000)]
  0x000001fe9dea2000 JavaThread "Build operations" [_thread_blocked, id=22924, stack(0x0000004393100000,0x0000004393200000)]
  0x000001fe9dea6000 JavaThread "Build operations Thread 2" [_thread_blocked, id=20900, stack(0x0000004393200000,0x0000004393300000)]
  0x000001fe9dea7000 JavaThread "Build operations Thread 3" [_thread_blocked, id=24104, stack(0x0000004393300000,0x0000004393400000)]
  0x000001fe9dea1000 JavaThread "Build operations Thread 4" [_thread_blocked, id=21332, stack(0x0000004393400000,0x0000004393500000)]
  0x000001fe9deac800 JavaThread "Build operations Thread 5" [_thread_blocked, id=22204, stack(0x0000004393500000,0x0000004393600000)]
  0x000001fe9dea8800 JavaThread "Build operations Thread 6" [_thread_blocked, id=23024, stack(0x0000004393600000,0x0000004393700000)]
  0x000001fe9deab000 JavaThread "Build operations Thread 7" [_thread_blocked, id=22264, stack(0x0000004393700000,0x0000004393800000)]
  0x000001fe9dea9800 JavaThread "Build operations Thread 8" [_thread_blocked, id=15412, stack(0x0000004393800000,0x0000004393900000)]
  0x000001fe9deab800 JavaThread "jar transforms Thread 2" [_thread_blocked, id=22876, stack(0x0000004393900000,0x0000004393a00000)]
  0x000001fe9dead800 JavaThread "jar transforms Thread 3" [_thread_blocked, id=20928, stack(0x0000004393a00000,0x0000004393b00000)]
  0x000001fe9deaa000 JavaThread "jar transforms Thread 4" [_thread_blocked, id=20996, stack(0x0000004393b00000,0x0000004393c00000)]
  0x000001fe9dea7800 JavaThread "jar transforms Thread 5" [_thread_blocked, id=1528, stack(0x0000004393c00000,0x0000004393d00000)]
  0x000001fe9deaf000 JavaThread "jar transforms Thread 6" [_thread_blocked, id=21436, stack(0x0000004393d00000,0x0000004393e00000)]
  0x000001fe9deae000 JavaThread "jar transforms Thread 7" [_thread_blocked, id=3768, stack(0x0000004393e00000,0x0000004393f00000)]
  0x000001fe9c2e9000 JavaThread "jar transforms Thread 8" [_thread_blocked, id=23272, stack(0x0000004393f00000,0x0000004394000000)]
  0x000001fe9c2ea000 JavaThread "jar transforms Thread 9" [_thread_blocked, id=20704, stack(0x0000004394000000,0x0000004394100000)]
  0x000001fe9c2ed000 JavaThread "jar transforms Thread 10" [_thread_blocked, id=23284, stack(0x0000004394100000,0x0000004394200000)]
  0x000001fe9c2ee000 JavaThread "jar transforms Thread 11" [_thread_blocked, id=22068, stack(0x0000004394200000,0x0000004394300000)]
  0x000001fe9c2e8800 JavaThread "jar transforms Thread 12" [_thread_blocked, id=14088, stack(0x0000004394300000,0x0000004394400000)]
  0x000001fe9c2ea800 JavaThread "jar transforms Thread 13" [_thread_blocked, id=12176, stack(0x0000004394400000,0x0000004394500000)]
  0x000001fe9c2ef000 JavaThread "jar transforms Thread 14" [_thread_blocked, id=2680, stack(0x0000004394500000,0x0000004394600000)]
  0x000001fe9c2eb800 JavaThread "jar transforms Thread 15" [_thread_blocked, id=13644, stack(0x0000004394600000,0x0000004394700000)]
  0x000001fe9c2ef800 JavaThread "jar transforms Thread 16" [_thread_blocked, id=8452, stack(0x0000004394700000,0x0000004394800000)]
  0x000001fe9c2f1800 JavaThread "jar transforms Thread 17" [_thread_blocked, id=416, stack(0x0000004394800000,0x0000004394900000)]
  0x000001fe9c2f0800 JavaThread "jar transforms Thread 18" [_thread_blocked, id=8576, stack(0x0000004394900000,0x0000004394a00000)]
  0x000001fe9c2f2000 JavaThread "jar transforms Thread 19" [_thread_blocked, id=19812, stack(0x0000004394a00000,0x0000004394b00000)]
  0x000001fe9c2ec800 JavaThread "jar transforms Thread 20" [_thread_blocked, id=13816, stack(0x0000004394b00000,0x0000004394c00000)]
  0x000001fe9c2f3000 JavaThread "jar transforms Thread 21" [_thread_blocked, id=3212, stack(0x0000004394c00000,0x0000004394d00000)]
  0x000001fe9c2f5800 JavaThread "jar transforms Thread 22" [_thread_blocked, id=23184, stack(0x0000004394d00000,0x0000004394e00000)]
  0x000001fe9c2f3800 JavaThread "jar transforms Thread 23" [_thread_blocked, id=3344, stack(0x0000004394e00000,0x0000004394f00000)]
  0x000001fe9c2f7000 JavaThread "jar transforms Thread 24" [_thread_blocked, id=15696, stack(0x0000004394f00000,0x0000004395000000)]
  0x000001fe9c2f4800 JavaThread "jar transforms Thread 25" [_thread_blocked, id=17240, stack(0x0000004395000000,0x0000004395100000)]
  0x000001fe9c2f6000 JavaThread "jar transforms Thread 26" [_thread_blocked, id=2008, stack(0x0000004395100000,0x0000004395200000)]
  0x000001fe9ea44000 JavaThread "jar transforms Thread 27" [_thread_blocked, id=7356, stack(0x0000004395200000,0x0000004395300000)]
  0x000001fe9ea43800 JavaThread "jar transforms Thread 28" [_thread_blocked, id=11696, stack(0x0000004395300000,0x0000004395400000)]
  0x000001fe9ea41000 JavaThread "jar transforms Thread 29" [_thread_blocked, id=23604, stack(0x0000004395400000,0x0000004395500000)]
  0x000001fe9ea41800 JavaThread "jar transforms Thread 30" [_thread_blocked, id=23000, stack(0x0000004395500000,0x0000004395600000)]
  0x000001fe9ea46000 JavaThread "jar transforms Thread 31" [_thread_blocked, id=20668, stack(0x0000004395600000,0x0000004395700000)]
  0x000001fe9ea45000 JavaThread "jar transforms Thread 32" [_thread_blocked, id=12164, stack(0x0000004395700000,0x0000004395800000)]
  0x000001fe9ea42800 JavaThread "jar transforms Thread 33" [_thread_blocked, id=21912, stack(0x0000004395800000,0x0000004395900000)]
  0x000001fe9ea40000 JavaThread "jar transforms Thread 34" [_thread_blocked, id=22704, stack(0x0000004395900000,0x0000004395a00000)]
  0x000001fe9ea4b800 JavaThread "jar transforms Thread 35" [_thread_blocked, id=4360, stack(0x0000004395a00000,0x0000004395b00000)]
  0x000001fe9ea49000 JavaThread "jar transforms Thread 36" [_thread_blocked, id=6052, stack(0x0000004395b00000,0x0000004395c00000)]
  0x000001fe9ea46800 JavaThread "jar transforms Thread 37" [_thread_blocked, id=24188, stack(0x0000004395c00000,0x0000004395d00000)]
  0x000001fe9ea47800 JavaThread "jar transforms Thread 38" [_thread_blocked, id=7048, stack(0x0000004395d00000,0x0000004395e00000)]
  0x000001fe9ea4a000 JavaThread "jar transforms Thread 39" [_thread_blocked, id=5256, stack(0x0000004395e00000,0x0000004395f00000)]
  0x000001fe9ea4a800 JavaThread "jar transforms Thread 40" [_thread_blocked, id=21728, stack(0x0000004395f00000,0x0000004396000000)]
  0x000001fe9ea4c800 JavaThread "jar transforms Thread 41" [_thread_blocked, id=9200, stack(0x0000004396000000,0x0000004396100000)]
  0x000001fe9ea4e000 JavaThread "jar transforms Thread 42" [_thread_blocked, id=6332, stack(0x0000004396100000,0x0000004396200000)]
  0x000001fe9ea4d000 JavaThread "jar transforms Thread 43" [_thread_blocked, id=21044, stack(0x0000004396200000,0x0000004396300000)]
  0x000001fe9ea48000 JavaThread "jar transforms Thread 44" [_thread_blocked, id=23980, stack(0x0000004396300000,0x0000004396400000)]
  0x000001fe9ea4e800 JavaThread "jar transforms Thread 45" [_thread_blocked, id=11028, stack(0x0000004396400000,0x0000004396500000)]
  0x000001fe9ea30000 JavaThread "jar transforms Thread 46" [_thread_blocked, id=15680, stack(0x0000004396500000,0x0000004396600000)]
  0x000001fe9ea35000 JavaThread "jar transforms Thread 47" [_thread_blocked, id=19048, stack(0x0000004396600000,0x0000004396700000)]
  0x000001fe9ea32800 JavaThread "jar transforms Thread 48" [_thread_blocked, id=19052, stack(0x0000004396700000,0x0000004396800000)]
  0x000001fe9ea31800 JavaThread "jar transforms Thread 49" [_thread_blocked, id=21884, stack(0x0000004396800000,0x0000004396900000)]
  0x000001fe9ea33800 JavaThread "jar transforms Thread 50" [_thread_blocked, id=6792, stack(0x0000004396900000,0x0000004396a00000)]
  0x000001fe9ea34000 JavaThread "jar transforms Thread 51" [_thread_blocked, id=23824, stack(0x0000004396a00000,0x0000004396b00000)]
  0x000001fe9ea35800 JavaThread "jar transforms Thread 52" [_thread_blocked, id=19408, stack(0x0000004396b00000,0x0000004396c00000)]
  0x000001fe9ea36800 JavaThread "jar transforms Thread 53" [_thread_blocked, id=17288, stack(0x0000004396c00000,0x0000004396d00000)]
  0x000001fe9ea31000 JavaThread "jar transforms Thread 54" [_thread_blocked, id=23856, stack(0x0000004396d00000,0x0000004396e00000)]
  0x000001fe9ea38000 JavaThread "jar transforms Thread 55" [_thread_blocked, id=22196, stack(0x0000004396e00000,0x0000004396f00000)]
  0x000001fe9ea3a800 JavaThread "jar transforms Thread 56" [_thread_blocked, id=2488, stack(0x0000004396f00000,0x0000004397000000)]
  0x000001fe9ea39000 JavaThread "jar transforms Thread 57" [_thread_blocked, id=4628, stack(0x0000004397000000,0x0000004397100000)]
  0x000001fe9ea3a000 JavaThread "jar transforms Thread 58" [_thread_blocked, id=22988, stack(0x0000004397100000,0x0000004397200000)]
  0x000001fe9ea3b800 JavaThread "jar transforms Thread 59" [_thread_blocked, id=22772, stack(0x0000004397200000,0x0000004397300000)]
  0x000001fe9ea3c800 JavaThread "jar transforms Thread 60" [_thread_blocked, id=22420, stack(0x0000004397300000,0x0000004397400000)]
  0x000001fe9ea3d000 JavaThread "jar transforms Thread 61" [_thread_blocked, id=20360, stack(0x0000004397400000,0x0000004397500000)]
  0x000001fe9ea37800 JavaThread "jar transforms Thread 62" [_thread_blocked, id=20976, stack(0x0000004397500000,0x0000004397600000)]
  0x000001fe9ea3e000 JavaThread "jar transforms Thread 63" [_thread_blocked, id=13608, stack(0x0000004397600000,0x0000004397700000)]
  0x000001fe9ea3e800 JavaThread "jar transforms Thread 64" [_thread_blocked, id=21216, stack(0x0000004397700000,0x0000004397800000)]
  0x000001fe9e2c1800 JavaThread "jar transforms Thread 65" [_thread_blocked, id=23640, stack(0x0000004397800000,0x0000004397900000)]
  0x000001fe9e2bf000 JavaThread "jar transforms Thread 66" [_thread_blocked, id=23908, stack(0x0000004397900000,0x0000004397a00000)]
  0x000001fe9e2c1000 JavaThread "jar transforms Thread 67" [_thread_blocked, id=15260, stack(0x0000004397a00000,0x0000004397b00000)]
  0x000001fe9e2c3800 JavaThread "jar transforms Thread 68" [_thread_blocked, id=24440, stack(0x0000004397b00000,0x0000004397c00000)]
  0x000001fe9e2c4000 JavaThread "jar transforms Thread 69" [_thread_blocked, id=9656, stack(0x0000004397c00000,0x0000004397d00000)]
  0x000001fe9e2c0000 JavaThread "jar transforms Thread 70" [_thread_blocked, id=12988, stack(0x0000004397d00000,0x0000004397e00000)]
  0x000001fe9e2c2800 JavaThread "jar transforms Thread 71" [_thread_blocked, id=2736, stack(0x0000004397e00000,0x0000004397f00000)]
  0x000001fe9e2be800 JavaThread "jar transforms Thread 72" [_thread_blocked, id=18584, stack(0x0000004397f00000,0x0000004398000000)]
  0x000001fe9e2ca000 JavaThread "jar transforms Thread 73" [_thread_blocked, id=10652, stack(0x0000004398000000,0x0000004398100000)]
  0x000001fe9e2c6800 JavaThread "jar transforms Thread 74" [_thread_blocked, id=19912, stack(0x0000004398100000,0x0000004398200000)]
  0x000001fe9e2c7800 JavaThread "jar transforms Thread 75" [_thread_blocked, id=14916, stack(0x0000004398200000,0x0000004398300000)]
  0x000001fe9e2ca800 JavaThread "jar transforms Thread 76" [_thread_blocked, id=24504, stack(0x0000004398300000,0x0000004398400000)]
  0x000001fe9e2c5000 JavaThread "jar transforms Thread 77" [_thread_blocked, id=17144, stack(0x0000004398400000,0x0000004398500000)]
  0x000001fe9e2c8000 JavaThread "jar transforms Thread 78" [_thread_blocked, id=22980, stack(0x0000004398500000,0x0000004398600000)]
  0x000001fe9e2c9000 JavaThread "jar transforms Thread 79" [_thread_blocked, id=22516, stack(0x0000004398600000,0x0000004398700000)]
  0x000001fe9e2cb800 JavaThread "jar transforms Thread 80" [_thread_blocked, id=23084, stack(0x0000004398700000,0x0000004398800000)]
  0x000001fe9e2c5800 JavaThread "jar transforms Thread 81" [_thread_blocked, id=2128, stack(0x0000004398800000,0x0000004398900000)]
  0x000001fe9e2cc800 JavaThread "jar transforms Thread 82" [_thread_blocked, id=13264, stack(0x0000004398900000,0x0000004398a00000)]
  0x000001fe9e2cd000 JavaThread "jar transforms Thread 83" [_thread_blocked, id=23912, stack(0x0000004398a00000,0x0000004398b00000)]
  0x000001fe9e828800 JavaThread "jar transforms Thread 84" [_thread_blocked, id=20664, stack(0x0000004398b00000,0x0000004398c00000)]
  0x000001fe9e82a000 JavaThread "jar transforms Thread 85" [_thread_blocked, id=21604, stack(0x0000004398c00000,0x0000004398d00000)]
  0x000001fe9e827000 JavaThread "jar transforms Thread 86" [_thread_blocked, id=1644, stack(0x0000004398d00000,0x0000004398e00000)]
  0x000001fe9e826000 JavaThread "jar transforms Thread 87" [_thread_blocked, id=6896, stack(0x0000004398e00000,0x0000004398f00000)]
  0x000001fe9e82b000 JavaThread "jar transforms Thread 88" [_thread_blocked, id=21700, stack(0x0000004398f00000,0x0000004399000000)]
  0x000001fe9e82d800 JavaThread "jar transforms Thread 89" [_thread_blocked, id=16188, stack(0x0000004399000000,0x0000004399100000)]
  0x000001fe9e827800 JavaThread "jar transforms Thread 90" [_thread_blocked, id=836, stack(0x0000004399100000,0x0000004399200000)]
  0x000001fe9e82e800 JavaThread "jar transforms Thread 91" [_thread_blocked, id=22680, stack(0x0000004399200000,0x0000004399300000)]
  0x000001fe9e82f000 JavaThread "jar transforms Thread 92" [_thread_blocked, id=12132, stack(0x0000004399300000,0x0000004399400000)]
  0x000001fe9e82c800 JavaThread "jar transforms Thread 93" [_thread_blocked, id=17124, stack(0x0000004399400000,0x0000004399500000)]
  0x000001fe9e829800 JavaThread "jar transforms Thread 94" [_thread_blocked, id=22232, stack(0x0000004399500000,0x0000004399600000)]
  0x000001fe9e82c000 JavaThread "jar transforms Thread 95" [_thread_blocked, id=6620, stack(0x0000004399600000,0x0000004399700000)]
  0x000001fe9e833000 JavaThread "jar transforms Thread 96" [_thread_blocked, id=1456, stack(0x0000004399700000,0x0000004399800000)]
  0x000001fe9e831800 JavaThread "jar transforms Thread 97" [_thread_blocked, id=13676, stack(0x0000004399800000,0x0000004399900000)]
  0x000001fe9e835000 JavaThread "jar transforms Thread 98" [_thread_blocked, id=15564, stack(0x0000004399900000,0x0000004399a00000)]
  0x000001fe9e834000 JavaThread "jar transforms Thread 99" [_thread_blocked, id=7020, stack(0x0000004399a00000,0x0000004399b00000)]
  0x000001fe9e830000 JavaThread "jar transforms Thread 100" [_thread_blocked, id=22184, stack(0x0000004399b00000,0x0000004399c00000)]
  0x000001fe9e830800 JavaThread "jar transforms Thread 101" [_thread_blocked, id=24112, stack(0x0000004399c00000,0x0000004399d00000)]
  0x000001fe9e832800 JavaThread "jar transforms Thread 102" [_thread_blocked, id=24056, stack(0x0000004399d00000,0x0000004399e00000)]
  0x000001fe9e3ae000 JavaThread "jar transforms Thread 103" [_thread_blocked, id=12124, stack(0x0000004399e00000,0x0000004399f00000)]
  0x000001fe9e3ab000 JavaThread "jar transforms Thread 104" [_thread_blocked, id=17424, stack(0x0000004399f00000,0x000000439a000000)]
  0x000001fe9e3af000 JavaThread "jar transforms Thread 105" [_thread_blocked, id=13512, stack(0x000000439a000000,0x000000439a100000)]
  0x000001fe9e3af800 JavaThread "jar transforms Thread 106" [_thread_blocked, id=15936, stack(0x000000439a100000,0x000000439a200000)]
  0x000001fe9e3aa000 JavaThread "jar transforms Thread 107" [_thread_blocked, id=15784, stack(0x000000439a200000,0x000000439a300000)]
  0x000001fe9e3ab800 JavaThread "jar transforms Thread 108" [_thread_blocked, id=14512, stack(0x000000439a300000,0x000000439a400000)]
  0x000001fe9e3b0800 JavaThread "jar transforms Thread 109" [_thread_blocked, id=21456, stack(0x000000439a400000,0x000000439a500000)]
  0x000001fe9e3ac800 JavaThread "jar transforms Thread 110" [_thread_blocked, id=1888, stack(0x000000439a500000,0x000000439a600000)]
  0x000001fe9e3ad000 JavaThread "jar transforms Thread 111" [_thread_blocked, id=23136, stack(0x000000439a600000,0x000000439a700000)]
  0x000001fe9e003800 JavaThread "jar transforms Thread 112" [_thread_blocked, id=22656, stack(0x000000439a700000,0x000000439a800000)]
  0x000001fe9e004000 JavaThread "Memory manager" [_thread_blocked, id=10540, stack(0x000000439a800000,0x000000439a900000)]

Other Threads:
=>0x000001fe995e9000 VMThread "VM Thread" [stack: 0x0000004390700000,0x0000004390800000] [id=23896]
  0x000001fe9a10d000 WatcherThread [stack: 0x0000004391100000,0x0000004391200000] [id=8440]
  0x000001fefe544000 GCTaskThread "GC Thread#0" [stack: 0x0000004390200000,0x0000004390300000] [id=10260]
  0x000001fe9ae70800 GCTaskThread "GC Thread#1" [stack: 0x0000004391200000,0x0000004391300000] [id=24176]
  0x000001fe9b8b2800 GCTaskThread "GC Thread#2" [stack: 0x0000004391a00000,0x0000004391b00000] [id=23584]
  0x000001fe9b8b3800 GCTaskThread "GC Thread#3" [stack: 0x0000004391b00000,0x0000004391c00000] [id=12944]
  0x000001fe9b129800 GCTaskThread "GC Thread#4" [stack: 0x0000004391c00000,0x0000004391d00000] [id=16076]
  0x000001fe9b12a000 GCTaskThread "GC Thread#5" [stack: 0x0000004391d00000,0x0000004391e00000] [id=2916]
  0x000001fe9b12b000 GCTaskThread "GC Thread#6" [stack: 0x0000004391e00000,0x0000004391f00000] [id=20208]
  0x000001fe9b12b800 GCTaskThread "GC Thread#7" [stack: 0x0000004391f00000,0x0000004392000000] [id=20872]
  0x000001fefe56c000 ConcurrentGCThread "G1 Main Marker" [stack: 0x0000004390300000,0x0000004390400000] [id=11176]
  0x000001fefe56e800 ConcurrentGCThread "G1 Conc#0" [stack: 0x0000004390400000,0x0000004390500000] [id=22780]
  0x000001fe9bedc000 ConcurrentGCThread "G1 Conc#1" [stack: 0x0000004392800000,0x0000004392900000] [id=12740]
  0x000001fefe5c8800 ConcurrentGCThread "G1 Refine#0" [stack: 0x0000004390500000,0x0000004390600000] [id=19684]
  0x000001fefe5c9800 ConcurrentGCThread "G1 Young RemSet Sampling" [stack: 0x0000004390600000,0x0000004390700000] [id=18704]

Threads with active compile tasks:
C2 CompilerThread0  18337 5649       4       java.util.TreeMap::put (247 bytes)

VM state:at safepoint (normal execution)

VM Mutex/Monitor currently owned by a thread:  ([mutex/lock_event])
[0x000001fefe5294e0] Threads_lock - owner thread: 0x000001fe995e9000
[0x000001fefe5298d0] Heap_lock - owner thread: 0x000001fe9b8f6800

Heap address: 0x00000000a0000000, size: 1536 MB, Compressed Oops mode: 32-bit
Narrow klass base: 0x0000000000000000, Narrow klass shift: 3
Compressed class space size: 1073741824 Address: 0x0000000100000000

Heap:
 garbage-first heap   total 92160K, used 51780K [0x00000000a0000000, 0x0000000100000000)
  region size 1024K, 2 young (2048K), 2 survivors (2048K)
 Metaspace       used 60781K, capacity 62365K, committed 62464K, reserved 1103872K
  class space    used 7678K, capacity 8189K, committed 8192K, reserved 1048576K
Heap Regions: E=young(eden), S=young(survivor), O=old, HS=humongous(starts), HC=humongous(continues), CS=collection set, F=free, A=archive, TAMS=top-at-mark-start (previous, next)
|   0|0x00000000a0000000, 0x00000000a0100000, 0x00000000a0100000|100%| O|  |TAMS 0x00000000a0100000, 0x00000000a0000000| Untracked 
|   1|0x00000000a0100000, 0x00000000a0200000, 0x00000000a0200000|100%| O|  |TAMS 0x00000000a0200000, 0x00000000a0100000| Untracked 
|   2|0x00000000a0200000, 0x00000000a0300000, 0x00000000a0300000|100%| O|  |TAMS 0x00000000a0300000, 0x00000000a0200000| Untracked 
|   3|0x00000000a0300000, 0x00000000a0400000, 0x00000000a0400000|100%|HS|  |TAMS 0x00000000a0400000, 0x00000000a0300000| Complete 
|   4|0x00000000a0400000, 0x00000000a0500000, 0x00000000a0500000|100%|HC|  |TAMS 0x00000000a0500000, 0x00000000a0400000| Complete 
|   5|0x00000000a0500000, 0x00000000a0600000, 0x00000000a0600000|100%|HC|  |TAMS 0x00000000a0600000, 0x00000000a0500000| Complete 
|   6|0x00000000a0600000, 0x00000000a0700000, 0x00000000a0700000|100%| O|  |TAMS 0x00000000a0700000, 0x00000000a0600000| Untracked 
|   7|0x00000000a0700000, 0x00000000a0800000, 0x00000000a0800000|100%| O|  |TAMS 0x00000000a0800000, 0x00000000a0700000| Untracked 
|   8|0x00000000a0800000, 0x00000000a0900000, 0x00000000a0900000|100%| O|  |TAMS 0x00000000a0900000, 0x00000000a0800000| Untracked 
|   9|0x00000000a0900000, 0x00000000a0a00000, 0x00000000a0a00000|100%| O|  |TAMS 0x00000000a0a00000, 0x00000000a0900000| Untracked 
|  10|0x00000000a0a00000, 0x00000000a0b00000, 0x00000000a0b00000|100%| O|  |TAMS 0x00000000a0b00000, 0x00000000a0a00000| Untracked 
|  11|0x00000000a0b00000, 0x00000000a0c00000, 0x00000000a0c00000|100%| O|  |TAMS 0x00000000a0c00000, 0x00000000a0b00000| Untracked 
|  12|0x00000000a0c00000, 0x00000000a0d00000, 0x00000000a0d00000|100%| O|  |TAMS 0x00000000a0d00000, 0x00000000a0c00000| Untracked 
|  13|0x00000000a0d00000, 0x00000000a0e00000, 0x00000000a0e00000|100%| O|  |TAMS 0x00000000a0e00000, 0x00000000a0d00000| Untracked 
|  14|0x00000000a0e00000, 0x00000000a0f00000, 0x00000000a0f00000|100%| O|  |TAMS 0x00000000a0f00000, 0x00000000a0e00000| Untracked 
|  15|0x00000000a0f00000, 0x00000000a1000000, 0x00000000a1000000|100%| O|  |TAMS 0x00000000a1000000, 0x00000000a0f00000| Untracked 
|  16|0x00000000a1000000, 0x00000000a1100000, 0x00000000a1100000|100%| O|  |TAMS 0x00000000a1100000, 0x00000000a1000000| Untracked 
|  17|0x00000000a1100000, 0x00000000a1200000, 0x00000000a1200000|100%| O|  |TAMS 0x00000000a1200000, 0x00000000a1100000| Untracked 
|  18|0x00000000a1200000, 0x00000000a1300000, 0x00000000a1300000|100%| O|  |TAMS 0x00000000a1300000, 0x00000000a1200000| Untracked 
|  19|0x00000000a1300000, 0x00000000a1400000, 0x00000000a1400000|100%| O|  |TAMS 0x00000000a1400000, 0x00000000a1300000| Untracked 
|  20|0x00000000a1400000, 0x00000000a1500000, 0x00000000a1500000|100%| O|  |TAMS 0x00000000a1500000, 0x00000000a1400000| Untracked 
|  21|0x00000000a1500000, 0x00000000a1600000, 0x00000000a1600000|100%| O|  |TAMS 0x00000000a1600000, 0x00000000a1500000| Untracked 
|  22|0x00000000a1600000, 0x00000000a1700000, 0x00000000a1700000|100%| O|  |TAMS 0x00000000a1700000, 0x00000000a1600000| Untracked 
|  23|0x00000000a1700000, 0x00000000a1800000, 0x00000000a1800000|100%| O|  |TAMS 0x00000000a1800000, 0x00000000a1700000| Untracked 
|  24|0x00000000a1800000, 0x00000000a1900000, 0x00000000a1900000|100%| O|  |TAMS 0x00000000a1900000, 0x00000000a1800000| Untracked 
|  25|0x00000000a1900000, 0x00000000a1a00000, 0x00000000a1a00000|100%| O|  |TAMS 0x00000000a1a00000, 0x00000000a1900000| Untracked 
|  26|0x00000000a1a00000, 0x00000000a1b00000, 0x00000000a1b00000|100%| O|  |TAMS 0x00000000a1b00000, 0x00000000a1a00000| Untracked 
|  27|0x00000000a1b00000, 0x00000000a1c00000, 0x00000000a1c00000|100%|HS|  |TAMS 0x00000000a1c00000, 0x00000000a1b00000| Complete 
|  28|0x00000000a1c00000, 0x00000000a1d00000, 0x00000000a1d00000|100%|HS|  |TAMS 0x00000000a1d00000, 0x00000000a1c00000| Complete 
|  29|0x00000000a1d00000, 0x00000000a1e00000, 0x00000000a1e00000|100%|HC|  |TAMS 0x00000000a1e00000, 0x00000000a1d00000| Complete 
|  30|0x00000000a1e00000, 0x00000000a1f00000, 0x00000000a1f00000|100%|HC|  |TAMS 0x00000000a1f00000, 0x00000000a1e00000| Complete 
|  31|0x00000000a1f00000, 0x00000000a2000000, 0x00000000a2000000|100%|HS|  |TAMS 0x00000000a2000000, 0x00000000a1f00000| Complete 
|  32|0x00000000a2000000, 0x00000000a2100000, 0x00000000a2100000|100%|HC|  |TAMS 0x00000000a2100000, 0x00000000a2000000| Complete 
|  33|0x00000000a2100000, 0x00000000a2200000, 0x00000000a2200000|100%| O|  |TAMS 0x00000000a2200000, 0x00000000a2100000| Untracked 
|  34|0x00000000a2200000, 0x00000000a2300000, 0x00000000a2300000|100%| O|  |TAMS 0x00000000a2300000, 0x00000000a2200000| Untracked 
|  35|0x00000000a2300000, 0x00000000a2400000, 0x00000000a2400000|100%| O|  |TAMS 0x00000000a2400000, 0x00000000a2300000| Untracked 
|  36|0x00000000a2400000, 0x00000000a2500000, 0x00000000a2500000|100%| O|  |TAMS 0x00000000a2500000, 0x00000000a2400000| Untracked 
|  37|0x00000000a2500000, 0x00000000a2600000, 0x00000000a2600000|100%| O|  |TAMS 0x00000000a2600000, 0x00000000a2500000| Untracked 
|  38|0x00000000a2600000, 0x00000000a2700000, 0x00000000a2700000|100%| O|  |TAMS 0x00000000a2700000, 0x00000000a2600000| Untracked 
|  39|0x00000000a2700000, 0x00000000a2800000, 0x00000000a2800000|100%| O|  |TAMS 0x00000000a2800000, 0x00000000a2700000| Untracked 
|  40|0x00000000a2800000, 0x00000000a2900000, 0x00000000a2900000|100%| O|  |TAMS 0x00000000a2900000, 0x00000000a2800000| Untracked 
|  41|0x00000000a2900000, 0x00000000a2a00000, 0x00000000a2a00000|100%| O|  |TAMS 0x00000000a2a00000, 0x00000000a2900000| Untracked 
|  42|0x00000000a2a00000, 0x00000000a2b00000, 0x00000000a2b00000|100%| O|  |TAMS 0x00000000a2b00000, 0x00000000a2a00000| Untracked 
|  43|0x00000000a2b00000, 0x00000000a2c00000, 0x00000000a2c00000|100%| O|  |TAMS 0x00000000a2c00000, 0x00000000a2b00000| Untracked 
|  44|0x00000000a2c00000, 0x00000000a2d00000, 0x00000000a2d00000|100%| O|  |TAMS 0x00000000a2d00000, 0x00000000a2c00000| Untracked 
|  45|0x00000000a2d00000, 0x00000000a2e00000, 0x00000000a2e00000|100%| O|  |TAMS 0x00000000a2e00000, 0x00000000a2d00000| Untracked 
|  46|0x00000000a2e00000, 0x00000000a2f00000, 0x00000000a2f00000|100%| O|  |TAMS 0x00000000a2f00000, 0x00000000a2e00000| Untracked 
|  47|0x00000000a2f00000, 0x00000000a3000000, 0x00000000a3000000|100%| O|  |TAMS 0x00000000a2f03c00, 0x00000000a2f00000| Untracked 
|  48|0x00000000a3000000, 0x00000000a3091200, 0x00000000a3100000| 56%| O|  |TAMS 0x00000000a3000000, 0x00000000a3000000| Untracked 
|  49|0x00000000a3100000, 0x00000000a3100000, 0x00000000a3200000|  0%| F|  |TAMS 0x00000000a3100000, 0x00000000a3100000| Untracked 
|  50|0x00000000a3200000, 0x00000000a3200000, 0x00000000a3300000|  0%| F|  |TAMS 0x00000000a3200000, 0x00000000a3200000| Untracked 
|  51|0x00000000a3300000, 0x00000000a3300000, 0x00000000a3400000|  0%| F|  |TAMS 0x00000000a3300000, 0x00000000a3300000| Untracked 
|  52|0x00000000a3400000, 0x00000000a3400000, 0x00000000a3500000|  0%| F|  |TAMS 0x00000000a3400000, 0x00000000a3400000| Untracked 
|  53|0x00000000a3500000, 0x00000000a3500000, 0x00000000a3600000|  0%| F|  |TAMS 0x00000000a3500000, 0x00000000a3500000| Untracked 
|  54|0x00000000a3600000, 0x00000000a3600000, 0x00000000a3700000|  0%| F|  |TAMS 0x00000000a3600000, 0x00000000a3600000| Untracked 
|  55|0x00000000a3700000, 0x00000000a3700000, 0x00000000a3800000|  0%| F|  |TAMS 0x00000000a3700000, 0x00000000a3700000| Untracked 
|  56|0x00000000a3800000, 0x00000000a3800000, 0x00000000a3900000|  0%| F|  |TAMS 0x00000000a3800000, 0x00000000a3800000| Untracked 
|  57|0x00000000a3900000, 0x00000000a3900000, 0x00000000a3a00000|  0%| F|  |TAMS 0x00000000a3900000, 0x00000000a3900000| Untracked 
|  58|0x00000000a3a00000, 0x00000000a3a00000, 0x00000000a3b00000|  0%| F|  |TAMS 0x00000000a3a00000, 0x00000000a3a00000| Untracked 
|  59|0x00000000a3b00000, 0x00000000a3c00000, 0x00000000a3c00000|100%| S|CS|TAMS 0x00000000a3b00000, 0x00000000a3b00000| Complete 
|  60|0x00000000a3c00000, 0x00000000a3c00000, 0x00000000a3d00000|  0%| F|  |TAMS 0x00000000a3c00000, 0x00000000a3c00000| Untracked 
|  61|0x00000000a3d00000, 0x00000000a3e00000, 0x00000000a3e00000|100%| S|CS|TAMS 0x00000000a3d00000, 0x00000000a3d00000| Complete 
|  62|0x00000000a3e00000, 0x00000000a3e00000, 0x00000000a3f00000|  0%| F|  |TAMS 0x00000000a3e00000, 0x00000000a3e00000| Untracked 
|  63|0x00000000a3f00000, 0x00000000a3f00000, 0x00000000a4000000|  0%| F|  |TAMS 0x00000000a3f00000, 0x00000000a3f00000| Untracked 
|  64|0x00000000a4000000, 0x00000000a4000000, 0x00000000a4100000|  0%| F|  |TAMS 0x00000000a4000000, 0x00000000a4000000| Untracked 
|  65|0x00000000a4100000, 0x00000000a4100000, 0x00000000a4200000|  0%| F|  |TAMS 0x00000000a4100000, 0x00000000a4100000| Untracked 
|  66|0x00000000a4200000, 0x00000000a4200000, 0x00000000a4300000|  0%| F|  |TAMS 0x00000000a4200000, 0x00000000a4200000| Untracked 
|  67|0x00000000a4300000, 0x00000000a4300000, 0x00000000a4400000|  0%| F|  |TAMS 0x00000000a4300000, 0x00000000a4300000| Untracked 
|  68|0x00000000a4400000, 0x00000000a4400000, 0x00000000a4500000|  0%| F|  |TAMS 0x00000000a4400000, 0x00000000a4400000| Untracked 
|  69|0x00000000a4500000, 0x00000000a4500000, 0x00000000a4600000|  0%| F|  |TAMS 0x00000000a4500000, 0x00000000a4500000| Untracked 
|  70|0x00000000a4600000, 0x00000000a4600000, 0x00000000a4700000|  0%| F|  |TAMS 0x00000000a4600000, 0x00000000a4600000| Untracked 
|  71|0x00000000a4700000, 0x00000000a4700000, 0x00000000a4800000|  0%| F|  |TAMS 0x00000000a4700000, 0x00000000a4700000| Untracked 
|  72|0x00000000a4800000, 0x00000000a4800000, 0x00000000a4900000|  0%| F|  |TAMS 0x00000000a4800000, 0x00000000a4800000| Untracked 
|  73|0x00000000a4900000, 0x00000000a4900000, 0x00000000a4a00000|  0%| F|  |TAMS 0x00000000a4900000, 0x00000000a4900000| Untracked 
|  74|0x00000000a4a00000, 0x00000000a4a00000, 0x00000000a4b00000|  0%| F|  |TAMS 0x00000000a4a00000, 0x00000000a4a00000| Untracked 

Card table byte_map: [0x000001fe93590000,0x000001fe93890000] _byte_map_base: 0x000001fe93090000

Marking Bits (Prev, Next): (CMBitMap*) 0x000001fefe565338, (CMBitMap*) 0x000001fefe565370
 Prev Bits: [0x000001fe93b90000, 0x000001fe95390000)
 Next Bits: [0x000001fe95390000, 0x000001fe96b90000)

Polling page: 0x000001fefe610000

Metaspace:

Usage:
  Non-class:     52.91 MB capacity,    51.86 MB ( 98%) used,   939.16 KB (  2%) free+waste,   133.81 KB ( <1%) overhead. 
      Class:      8.00 MB capacity,     7.50 MB ( 94%) used,   447.13 KB (  5%) free+waste,    63.00 KB ( <1%) overhead. 
       Both:     60.90 MB capacity,    59.36 MB ( 97%) used,     1.35 MB (  2%) free+waste,   196.81 KB ( <1%) overhead. 

Virtual space:
  Non-class space:       54.00 MB reserved,      53.00 MB ( 98%) committed 
      Class space:        1.00 GB reserved,       8.00 MB ( <1%) committed 
             Both:        1.05 GB reserved,      61.00 MB (  6%) committed 

Chunk freelists:
   Non-Class:  32.00 KB
       Class:  3.00 KB
        Both:  35.00 KB

MaxMetaspaceSize: 17179869184.00 GB
CompressedClassSpaceSize: 1.00 GB

CodeHeap 'non-profiled nmethods': size=120000Kb used=2543Kb max_used=2543Kb free=117456Kb
 bounds [0x000001fe8b4e0000, 0x000001fe8b760000, 0x000001fe92a10000]
CodeHeap 'profiled nmethods': size=120000Kb used=12244Kb max_used=12244Kb free=107755Kb
 bounds [0x000001fe83fb0000, 0x000001fe84bb0000, 0x000001fe8b4e0000]
CodeHeap 'non-nmethods': size=5760Kb used=2245Kb max_used=2291Kb free=3514Kb
 bounds [0x000001fe83a10000, 0x000001fe83c80000, 0x000001fe83fb0000]
 total_blobs=6543 nmethods=5710 adapters=744
 compilation: enabled
              stopped_count=0, restarted_count=0
 full_count=0

Compilation events (20 events):
Event: 18.176 Thread 0x000001fe99671800 5782       2       java.lang.invoke.BoundMethodHandle$Species_L::<init> (12 bytes)
Event: 18.177 Thread 0x000001fe99671800 nmethod 5782 0x000001fe84b9f190 code [0x000001fe84b9f340, 0x000001fe84b9f4c8]
Event: 18.184 Thread 0x000001fe99671800 5783       2       groovyjarjarasm.asm.SymbolTable::addTypeInternal (85 bytes)
Event: 18.185 Thread 0x000001fe99671800 nmethod 5783 0x000001fe84b9f590 code [0x000001fe84b9f780, 0x000001fe84b9fc58]
Event: 18.185 Thread 0x000001fe99671800 5784       2       groovyjarjarasm.asm.Frame::push (59 bytes)
Event: 18.186 Thread 0x000001fe99671800 nmethod 5784 0x000001fe84b9fe10 code [0x000001fe84ba0020, 0x000001fe84ba0398]
Event: 18.189 Thread 0x000001fe99671800 5785       2       groovyjarjarasm.asm.Handler::getExceptionTableLength (21 bytes)
Event: 18.189 Thread 0x000001fe99671800 nmethod 5785 0x000001fe84ba0610 code [0x000001fe84ba07c0, 0x000001fe84ba08f8]
Event: 18.206 Thread 0x000001fe99671800 5786       2       groovyjarjarasm.asm.Frame::pop (42 bytes)
Event: 18.207 Thread 0x000001fe99671800 nmethod 5786 0x000001fe84ba0a10 code [0x000001fe84ba0bc0, 0x000001fe84ba0d18]
Event: 18.207 Thread 0x000001fe99671800 5787       2       groovyjarjarasm.asm.SymbolTable::addConstantUtf8Reference (101 bytes)
Event: 18.207 Thread 0x000001fe99671800 nmethod 5787 0x000001fe84ba0e10 code [0x000001fe84ba1020, 0x000001fe84ba1418]
Event: 18.207 Thread 0x000001fe99671800 5788       2       groovyjarjarasm.asm.Type::<init> (26 bytes)
Event: 18.208 Thread 0x000001fe99671800 nmethod 5788 0x000001fe84ba1710 code [0x000001fe84ba18c0, 0x000001fe84ba1a18]
Event: 18.212 Thread 0x000001fe99671800 5789       2       groovyjarjarasm.asm.Type::getTypeInternal (199 bytes)
Event: 18.213 Thread 0x000001fe99671800 nmethod 5789 0x000001fe84ba1a90 code [0x000001fe84ba1cc0, 0x000001fe84ba2408]
Event: 18.213 Thread 0x000001fe99671800 5790       2       groovyjarjarasm.asm.Type::getDescriptor (93 bytes)
Event: 18.213 Thread 0x000001fe99671800 nmethod 5790 0x000001fe84ba2690 code [0x000001fe84ba28c0, 0x000001fe84ba2ce8]
Event: 18.215 Thread 0x000001fe99671800 5791   !   2       jdk.internal.loader.URLClassPath$JarLoader::getResource (353 bytes)
Event: 18.218 Thread 0x000001fe99671800 nmethod 5791 0x000001fe84ba2f10 code [0x000001fe84ba3280, 0x000001fe84ba4308]

GC Heap History (20 events):
Event: 14.149 GC heap after
{Heap after GC invocations=18 (full 0):
 garbage-first heap   total 76800K, used 41896K [0x00000000a0000000, 0x0000000100000000)
  region size 1024K, 4 young (4096K), 4 survivors (4096K)
 Metaspace       used 45268K, capacity 46412K, committed 46720K, reserved 1089536K
  class space    used 5808K, capacity 6216K, committed 6272K, reserved 1048576K
}
Event: 14.697 GC heap before
{Heap before GC invocations=18 (full 0):
 garbage-first heap   total 76800K, used 60328K [0x00000000a0000000, 0x0000000100000000)
  region size 1024K, 22 young (22528K), 4 survivors (4096K)
 Metaspace       used 47648K, capacity 48823K, committed 49024K, reserved 1091584K
  class space    used 6101K, capacity 6488K, committed 6528K, reserved 1048576K
}
Event: 14.703 GC heap after
{Heap after GC invocations=19 (full 0):
 garbage-first heap   total 76800K, used 42544K [0x00000000a0000000, 0x0000000100000000)
  region size 1024K, 1 young (1024K), 1 survivors (1024K)
 Metaspace       used 47648K, capacity 48823K, committed 49024K, reserved 1091584K
  class space    used 6101K, capacity 6488K, committed 6528K, reserved 1048576K
}
Event: 15.322 GC heap before
{Heap before GC invocations=20 (full 0):
 garbage-first heap   total 76800K, used 59952K [0x00000000a0000000, 0x0000000100000000)
  region size 1024K, 18 young (18432K), 1 survivors (1024K)
 Metaspace       used 50975K, capacity 52222K, committed 52480K, reserved 1095680K
  class space    used 6456K, capacity 6874K, committed 6912K, reserved 1048576K
}
Event: 15.327 GC heap after
{Heap after GC invocations=21 (full 0):
 garbage-first heap   total 76800K, used 43272K [0x00000000a0000000, 0x0000000100000000)
  region size 1024K, 2 young (2048K), 2 survivors (2048K)
 Metaspace       used 50975K, capacity 52222K, committed 52480K, reserved 1095680K
  class space    used 6456K, capacity 6874K, committed 6912K, reserved 1048576K
}
Event: 15.692 GC heap before
{Heap before GC invocations=21 (full 0):
 garbage-first heap   total 76800K, used 59656K [0x00000000a0000000, 0x0000000100000000)
  region size 1024K, 19 young (19456K), 2 survivors (2048K)
 Metaspace       used 52588K, capacity 53781K, committed 54016K, reserved 1095680K
  class space    used 6702K, capacity 7138K, committed 7168K, reserved 1048576K
}
Event: 15.696 GC heap after
{Heap after GC invocations=22 (full 0):
 garbage-first heap   total 76800K, used 44129K [0x00000000a0000000, 0x0000000100000000)
  region size 1024K, 3 young (3072K), 3 survivors (3072K)
 Metaspace       used 52588K, capacity 53781K, committed 54016K, reserved 1095680K
  class space    used 6702K, capacity 7138K, committed 7168K, reserved 1048576K
}
Event: 16.117 GC heap before
{Heap before GC invocations=23 (full 0):
 garbage-first heap   total 76800K, used 60513K [0x00000000a0000000, 0x0000000100000000)
  region size 1024K, 20 young (20480K), 3 survivors (3072K)
 Metaspace       used 54214K, capacity 55416K, committed 55552K, reserved 1097728K
  class space    used 6891K, capacity 7316K, committed 7424K, reserved 1048576K
}
Event: 16.124 GC heap after
{Heap after GC invocations=24 (full 0):
 garbage-first heap   total 76800K, used 45784K [0x00000000a0000000, 0x0000000100000000)
  region size 1024K, 3 young (3072K), 3 survivors (3072K)
 Metaspace       used 54214K, capacity 55416K, committed 55552K, reserved 1097728K
  class space    used 6891K, capacity 7316K, committed 7424K, reserved 1048576K
}
Event: 16.573 GC heap before
{Heap before GC invocations=24 (full 0):
 garbage-first heap   total 76800K, used 62168K [0x00000000a0000000, 0x0000000100000000)
  region size 1024K, 19 young (19456K), 3 survivors (3072K)
 Metaspace       used 55765K, capacity 57020K, committed 57216K, reserved 1099776K
  class space    used 7086K, capacity 7525K, committed 7552K, reserved 1048576K
}
Event: 16.584 GC heap after
{Heap after GC invocations=25 (full 0):
 garbage-first heap   total 76800K, used 46875K [0x00000000a0000000, 0x0000000100000000)
  region size 1024K, 2 young (2048K), 2 survivors (2048K)
 Metaspace       used 55765K, capacity 57020K, committed 57216K, reserved 1099776K
  class space    used 7086K, capacity 7525K, committed 7552K, reserved 1048576K
}
Event: 17.088 GC heap before
{Heap before GC invocations=26 (full 0):
 garbage-first heap   total 76800K, used 62235K [0x00000000a0000000, 0x0000000100000000)
  region size 1024K, 17 young (17408K), 2 survivors (2048K)
 Metaspace       used 58564K, capacity 59875K, committed 60160K, reserved 1101824K
  class space    used 7381K, capacity 7835K, committed 7936K, reserved 1048576K
}
Event: 17.093 GC heap after
{Heap after GC invocations=27 (full 0):
 garbage-first heap   total 76800K, used 47578K [0x00000000a0000000, 0x0000000100000000)
  region size 1024K, 2 young (2048K), 2 survivors (2048K)
 Metaspace       used 58564K, capacity 59875K, committed 60160K, reserved 1101824K
  class space    used 7381K, capacity 7835K, committed 7936K, reserved 1048576K
}
Event: 17.622 GC heap before
{Heap before GC invocations=27 (full 0):
 garbage-first heap   total 76800K, used 62938K [0x00000000a0000000, 0x0000000100000000)
  region size 1024K, 17 young (17408K), 2 survivors (2048K)
 Metaspace       used 59879K, capacity 61266K, committed 61568K, reserved 1103872K
  class space    used 7533K, capacity 7955K, committed 8064K, reserved 1048576K
}
Event: 17.628 GC heap after
{Heap after GC invocations=28 (full 0):
 garbage-first heap   total 76800K, used 48315K [0x00000000a0000000, 0x0000000100000000)
  region size 1024K, 2 young (2048K), 2 survivors (2048K)
 Metaspace       used 59879K, capacity 61266K, committed 61568K, reserved 1103872K
  class space    used 7533K, capacity 7955K, committed 8064K, reserved 1048576K
}
Event: 17.842 GC heap before
{Heap before GC invocations=29 (full 0):
 garbage-first heap   total 76800K, used 62651K [0x00000000a0000000, 0x0000000100000000)
  region size 1024K, 17 young (17408K), 2 survivors (2048K)
 Metaspace       used 60177K, capacity 61554K, committed 61824K, reserved 1103872K
  class space    used 7572K, capacity 8028K, committed 8064K, reserved 1048576K
}
Event: 17.847 GC heap after
{Heap after GC invocations=30 (full 0):
 garbage-first heap   total 76800K, used 49763K [0x00000000a0000000, 0x0000000100000000)
  region size 1024K, 3 young (3072K), 3 survivors (3072K)
 Metaspace       used 60177K, capacity 61554K, committed 61824K, reserved 1103872K
  class space    used 7572K, capacity 8028K, committed 8064K, reserved 1048576K
}
Event: 17.952 GC heap before
{Heap before GC invocations=30 (full 0):
 garbage-first heap   total 76800K, used 64099K [0x00000000a0000000, 0x0000000100000000)
  region size 1024K, 17 young (17408K), 3 survivors (3072K)
 Metaspace       used 60408K, capacity 61894K, committed 62208K, reserved 1103872K
  class space    used 7614K, capacity 8099K, committed 8192K, reserved 1048576K
}
Event: 17.964 GC heap after
{Heap after GC invocations=31 (full 0):
 garbage-first heap   total 76800K, used 50918K [0x00000000a0000000, 0x0000000100000000)
  region size 1024K, 3 young (3072K), 3 survivors (3072K)
 Metaspace       used 60408K, capacity 61894K, committed 62208K, reserved 1103872K
  class space    used 7614K, capacity 8099K, committed 8192K, reserved 1048576K
}
Event: 18.231 GC heap before
{Heap before GC invocations=32 (full 0):
 garbage-first heap   total 76800K, used 64230K [0x00000000a0000000, 0x0000000100000000)
  region size 1024K, 16 young (16384K), 3 survivors (3072K)
 Metaspace       used 60781K, capacity 62365K, committed 62464K, reserved 1103872K
  class space    used 7678K, capacity 8189K, committed 8192K, reserved 1048576K
}

Deoptimization events (20 events):
Event: 17.411 Thread 0x000001fe9b8f6800 DEOPT PACKING pc=0x000001fe844ed391 sp=0x00000043921f42e0
Event: 17.411 Thread 0x000001fe9b8f6800 DEOPT UNPACKING pc=0x000001fe83a376ce sp=0x00000043921f37b8 mode 0
Event: 17.612 Thread 0x000001fe9b8f6800 Uncommon trap: trap_request=0xffffff4d fr.pc=0x000001fe8b6bb8d8 relative=0x0000000000000538
Event: 17.612 Thread 0x000001fe9b8f6800 Uncommon trap: reason=unstable_if action=reinterpret pc=0x000001fe8b6bb8d8 method=org.gradle.internal.snapshot.VfsRelativePath.hasPrefix(Ljava/lang/String;Lorg/gradle/internal/snapshot/CaseSensitivity;)Z @ 90 c2
Event: 17.612 Thread 0x000001fe9b8f6800 DEOPT PACKING pc=0x000001fe8b6bb8d8 sp=0x00000043921f48b0
Event: 17.612 Thread 0x000001fe9b8f6800 DEOPT UNPACKING pc=0x000001fe83a378af sp=0x00000043921f4838 mode 2
Event: 17.639 Thread 0x000001fe9bd1f800 DEOPT PACKING pc=0x000001fe842bd77a sp=0x00000043927fe2a0
Event: 17.639 Thread 0x000001fe9bd1f800 DEOPT UNPACKING pc=0x000001fe83a376ce sp=0x00000043927fd6d8 mode 0
Event: 17.815 Thread 0x000001fe9b8f6800 Uncommon trap: trap_request=0xffffff4d fr.pc=0x000001fe8b6fcf9c relative=0x0000000000006d1c
Event: 17.815 Thread 0x000001fe9b8f6800 Uncommon trap: reason=unstable_if action=reinterpret pc=0x000001fe8b6fcf9c method=org.codehaus.groovy.reflection.CachedMethod.compareToMethod(Ljava/lang/reflect/Method;)I @ 111 c2
Event: 17.815 Thread 0x000001fe9b8f6800 DEOPT PACKING pc=0x000001fe8b6fcf9c sp=0x00000043921f1250
Event: 17.815 Thread 0x000001fe9b8f6800 DEOPT UNPACKING pc=0x000001fe83a378af sp=0x00000043921f1158 mode 2
Event: 17.838 Thread 0x000001fe9b8f6800 Uncommon trap: trap_request=0xffffff4d fr.pc=0x000001fe8b648d90 relative=0x0000000000007370
Event: 17.838 Thread 0x000001fe9b8f6800 Uncommon trap: reason=unstable_if action=reinterpret pc=0x000001fe8b648d90 method=org.codehaus.groovy.runtime.metaclass.MetaMethodIndex.addMethodToList(Ljava/lang/Object;Lgroovy/lang/MetaMethod;)Ljava/lang/Object; @ 256 c2
Event: 17.838 Thread 0x000001fe9b8f6800 DEOPT PACKING pc=0x000001fe8b648d90 sp=0x00000043921f3ea0
Event: 17.838 Thread 0x000001fe9b8f6800 DEOPT UNPACKING pc=0x000001fe83a378af sp=0x00000043921f3f28 mode 2
Event: 18.191 Thread 0x000001fe9b8f6800 Uncommon trap: trap_request=0xffffff5c fr.pc=0x000001fe8b597d7c relative=0x0000000000000e3c
Event: 18.191 Thread 0x000001fe9b8f6800 Uncommon trap: reason=speculate_null_assert action=make_not_entrant pc=0x000001fe8b597d7c method=jdk.internal.loader.URLClassPath$JarLoader.getResource(Ljava/lang/String;ZLjava/util/Set;)Ljdk/internal/loader/Resource; @ 17 c2
Event: 18.191 Thread 0x000001fe9b8f6800 DEOPT PACKING pc=0x000001fe8b597d7c sp=0x00000043921efce0
Event: 18.191 Thread 0x000001fe9b8f6800 DEOPT UNPACKING pc=0x000001fe83a378af sp=0x00000043921efc88 mode 2

Classes redefined (0 events):
No events

Internal exceptions (20 events):
Event: 18.194 Thread 0x000001fe9b8f6800 Exception <a 'java/security/PrivilegedActionException'{0x00000000a3f3efe0}> (0x00000000a3f3efe0) thrown at [./src/hotspot/share/prims/jvm.cpp, line 1306]
Event: 18.194 Thread 0x000001fe9b8f6800 Exception <a 'java/security/PrivilegedActionException'{0x00000000a3f41228}> (0x00000000a3f41228) thrown at [./src/hotspot/share/prims/jvm.cpp, line 1306]
Event: 18.195 Thread 0x000001fe9b8f6800 Exception <a 'java/security/PrivilegedActionException'{0x00000000a3f4bb68}> (0x00000000a3f4bb68) thrown at [./src/hotspot/share/prims/jvm.cpp, line 1306]
Event: 18.195 Thread 0x000001fe9b8f6800 Exception <a 'java/security/PrivilegedActionException'{0x00000000a3f4db70}> (0x00000000a3f4db70) thrown at [./src/hotspot/share/prims/jvm.cpp, line 1306]
Event: 18.196 Thread 0x000001fe9b8f6800 Exception <a 'java/security/PrivilegedActionException'{0x00000000a3f54aa8}> (0x00000000a3f54aa8) thrown at [./src/hotspot/share/prims/jvm.cpp, line 1306]
Event: 18.196 Thread 0x000001fe9b8f6800 Exception <a 'java/security/PrivilegedActionException'{0x00000000a3f56ab0}> (0x00000000a3f56ab0) thrown at [./src/hotspot/share/prims/jvm.cpp, line 1306]
Event: 18.198 Thread 0x000001fe9b8f6800 Exception <a 'java/security/PrivilegedActionException'{0x00000000a3f62e90}> (0x00000000a3f62e90) thrown at [./src/hotspot/share/prims/jvm.cpp, line 1306]
Event: 18.198 Thread 0x000001fe9b8f6800 Exception <a 'java/security/PrivilegedActionException'{0x00000000a3f64e98}> (0x00000000a3f64e98) thrown at [./src/hotspot/share/prims/jvm.cpp, line 1306]
Event: 18.199 Thread 0x000001fe9b8f6800 Exception <a 'java/lang/ClassNotFoundException'{0x00000000a3f7b1a8}: org/apache/tools/ant/taskdefs/condition/OsBeanInfo> (0x00000000a3f7b1a8) thrown at [./src/hotspot/share/classfile/systemDictionary.cpp, line 231]
Event: 18.201 Thread 0x000001fe9b8f6800 Exception <a 'java/security/PrivilegedActionException'{0x00000000a3f81e18}> (0x00000000a3f81e18) thrown at [./src/hotspot/share/prims/jvm.cpp, line 1306]
Event: 18.202 Thread 0x000001fe9b8f6800 Exception <a 'java/security/PrivilegedActionException'{0x00000000a3f83b78}> (0x00000000a3f83b78) thrown at [./src/hotspot/share/prims/jvm.cpp, line 1306]
Event: 18.203 Thread 0x000001fe9b8f6800 Exception <a 'java/security/PrivilegedActionException'{0x00000000a3f8e4d0}> (0x00000000a3f8e4d0) thrown at [./src/hotspot/share/prims/jvm.cpp, line 1306]
Event: 18.203 Thread 0x000001fe9b8f6800 Exception <a 'java/security/PrivilegedActionException'{0x00000000a3f904d8}> (0x00000000a3f904d8) thrown at [./src/hotspot/share/prims/jvm.cpp, line 1306]
Event: 18.203 Thread 0x000001fe9b8f6800 Exception <a 'java/security/PrivilegedActionException'{0x00000000a3f97458}> (0x00000000a3f97458) thrown at [./src/hotspot/share/prims/jvm.cpp, line 1306]
Event: 18.204 Thread 0x000001fe9b8f6800 Exception <a 'java/security/PrivilegedActionException'{0x00000000a3f99460}> (0x00000000a3f99460) thrown at [./src/hotspot/share/prims/jvm.cpp, line 1306]
Event: 18.204 Thread 0x000001fe9b8f6800 Exception <a 'java/security/PrivilegedActionException'{0x00000000a3fa5bf0}> (0x00000000a3fa5bf0) thrown at [./src/hotspot/share/prims/jvm.cpp, line 1306]
Event: 18.204 Thread 0x000001fe9b8f6800 Exception <a 'java/security/PrivilegedActionException'{0x00000000a3fa7bf8}> (0x00000000a3fa7bf8) thrown at [./src/hotspot/share/prims/jvm.cpp, line 1306]
Event: 18.205 Thread 0x000001fe9b8f6800 Exception <a 'java/lang/ClassNotFoundException'{0x00000000a3fbe8d8}: org/apache/tools/ant/taskdefs/condition/OsCustomizer> (0x00000000a3fbe8d8) thrown at [./src/hotspot/share/classfile/systemDictionary.cpp, line 231]
Event: 18.216 Thread 0x000001fe9b8f6800 Exception <a 'java/lang/ClassNotFoundException'{0x00000000a3e55bb0}: org/gradle/api/internal/NamedDomainObjectContainerConfigureDelegateBeanInfo> (0x00000000a3e55bb0) thrown at [./src/hotspot/share/classfile/systemDictionary.cpp, line 231]
Event: 18.218 Thread 0x000001fe9b8f6800 Exception <a 'java/lang/ClassNotFoundException'{0x00000000a3e8caa8}: org/gradle/api/internal/NamedDomainObjectContainerConfigureDelegateCustomizer> (0x00000000a3e8caa8) thrown at [./src/hotspot/share/classfile/systemDictionary.cpp, line 231]

Events (20 events):
Event: 18.215 loading class org/gradle/api/internal/NamedDomainObjectContainerConfigureDelegateBeanInfo done
Event: 18.215 loading class org/gradle/api/internal/NamedDomainObjectContainerConfigureDelegateBeanInfo
Event: 18.215 loading class org/gradle/api/internal/NamedDomainObjectContainerConfigureDelegateBeanInfo done
Event: 18.216 loading class org/gradle/api/internal/NamedDomainObjectContainerConfigureDelegateBeanInfo
Event: 18.216 loading class org/gradle/api/internal/NamedDomainObjectContainerConfigureDelegateBeanInfo done
Event: 18.216 loading class org/gradle/api/internal/NamedDomainObjectContainerConfigureDelegateCustomizer
Event: 18.216 loading class org/gradle/api/internal/NamedDomainObjectContainerConfigureDelegateCustomizer done
Event: 18.216 loading class org/gradle/api/internal/NamedDomainObjectContainerConfigureDelegateCustomizer
Event: 18.216 loading class org/gradle/api/internal/NamedDomainObjectContainerConfigureDelegateCustomizer done
Event: 18.217 loading class org/gradle/api/internal/NamedDomainObjectContainerConfigureDelegateCustomizer
Event: 18.217 loading class org/gradle/api/internal/NamedDomainObjectContainerConfigureDelegateCustomizer done
Event: 18.218 loading class org/gradle/api/internal/NamedDomainObjectContainerConfigureDelegateCustomizer
Event: 18.218 loading class org/gradle/api/internal/NamedDomainObjectContainerConfigureDelegateCustomizer done
Event: 18.219 loading class FlutterPlugin$_apply_closure7$_closure29
Event: 18.219 loading class FlutterPlugin$_apply_closure7$_closure29 done
Event: 18.221 loading class groovy/runtime/metaclass/FlutterPlugin$_apply_closure7$_closure29MetaClass
Event: 18.221 loading class groovy/runtime/metaclass/FlutterPlugin$_apply_closure7$_closure29MetaClass done
Event: 18.224 loading class groovy/runtime/metaclass/org/gradle/api/internal/FactoryNamedDomainObjectContainer_DecoratedMetaClass
Event: 18.224 loading class groovy/runtime/metaclass/org/gradle/api/internal/FactoryNamedDomainObjectContainer_DecoratedMetaClass done
Event: 18.231 Executing VM operation: G1CollectForAllocation


Dynamic libraries:
0x00007ff63c2e0000 - 0x00007ff63c2ea000 	C:\Program Files\Android\Android Studio\jre\bin\java.exe
0x00007ffbf8410000 - 0x00007ffbf8605000 	C:\WINDOWS\SYSTEM32\ntdll.dll
0x00007ffbf6460000 - 0x00007ffbf651e000 	C:\WINDOWS\System32\KERNEL32.DLL
0x00007ffbf5c60000 - 0x00007ffbf5f29000 	C:\WINDOWS\System32\KERNELBASE.dll
0x00007ffbf5b30000 - 0x00007ffbf5c30000 	C:\WINDOWS\System32\ucrtbase.dll
0x00007ffbdbef0000 - 0x00007ffbdbf07000 	C:\Program Files\Android\Android Studio\jre\bin\VCRUNTIME140.dll
0x00007ffbd91e0000 - 0x00007ffbd91f9000 	C:\Program Files\Android\Android Studio\jre\bin\jli.dll
0x00007ffbf6a40000 - 0x00007ffbf6be1000 	C:\WINDOWS\System32\USER32.dll
0x00007ffbf6020000 - 0x00007ffbf6042000 	C:\WINDOWS\System32\win32u.dll
0x00007ffbdfb80000 - 0x00007ffbdfe1a000 	C:\WINDOWS\WinSxS\amd64_microsoft.windows.common-controls_6595b64144ccf1df_6.0.19041.1110_none_60b5254171f9507e\COMCTL32.dll
0x00007ffbf6cb0000 - 0x00007ffbf6cdb000 	C:\WINDOWS\System32\GDI32.dll
0x00007ffbf6790000 - 0x00007ffbf682e000 	C:\WINDOWS\System32\msvcrt.dll
0x00007ffbf6050000 - 0x00007ffbf615b000 	C:\WINDOWS\System32\gdi32full.dll
0x00007ffbf6160000 - 0x00007ffbf61fd000 	C:\WINDOWS\System32\msvcp_win.dll
0x00007ffbf7220000 - 0x00007ffbf7250000 	C:\WINDOWS\System32\IMM32.DLL
0x00007ffbbdf90000 - 0x00007ffbbe02d000 	C:\Program Files\Android\Android Studio\jre\bin\msvcp140.dll
0x00007ffbafdc0000 - 0x00007ffbb088f000 	C:\Program Files\Android\Android Studio\jre\bin\server\jvm.dll
0x00007ffbf7350000 - 0x00007ffbf73fc000 	C:\WINDOWS\System32\ADVAPI32.dll
0x00007ffbf6c10000 - 0x00007ffbf6cab000 	C:\WINDOWS\System32\sechost.dll
0x00007ffbf7400000 - 0x00007ffbf752a000 	C:\WINDOWS\System32\RPCRT4.dll
0x00007ffbf6950000 - 0x00007ffbf6958000 	C:\WINDOWS\System32\PSAPI.DLL
0x00007ffbe44e0000 - 0x00007ffbe44e9000 	C:\WINDOWS\SYSTEM32\WSOCK32.dll
0x00007ffbf7250000 - 0x00007ffbf72bb000 	C:\WINDOWS\System32\WS2_32.dll
0x00007ffbee850000 - 0x00007ffbee85a000 	C:\WINDOWS\SYSTEM32\VERSION.dll
0x00007ffbeca40000 - 0x00007ffbeca67000 	C:\WINDOWS\SYSTEM32\WINMM.dll
0x00007ffbf43b0000 - 0x00007ffbf43c2000 	C:\WINDOWS\SYSTEM32\kernel.appcore.dll
0x00007ffbd91c0000 - 0x00007ffbd91d1000 	C:\Program Files\Android\Android Studio\jre\bin\verify.dll
0x00007ffbf3940000 - 0x00007ffbf3b24000 	C:\WINDOWS\SYSTEM32\DBGHELP.DLL
0x00007ffbdbeb0000 - 0x00007ffbdbedc000 	C:\WINDOWS\SYSTEM32\dbgcore.DLL
0x00007ffbf5f90000 - 0x00007ffbf6013000 	C:\WINDOWS\System32\bcryptPrimitives.dll
0x00007ffbd3560000 - 0x00007ffbd3589000 	C:\Program Files\Android\Android Studio\jre\bin\java.dll
0x00007ffbe6a00000 - 0x00007ffbe6a0b000 	C:\Program Files\Android\Android Studio\jre\bin\jimage.dll
0x00007ffbd4b00000 - 0x00007ffbd4b18000 	C:\Program Files\Android\Android Studio\jre\bin\zip.dll
0x00007ffbf7c90000 - 0x00007ffbf83cf000 	C:\WINDOWS\System32\SHELL32.dll
0x00007ffbf3c10000 - 0x00007ffbf43a0000 	C:\WINDOWS\SYSTEM32\windows.storage.dll
0x00007ffbf7530000 - 0x00007ffbf7885000 	C:\WINDOWS\System32\combase.dll
0x00007ffbf5580000 - 0x00007ffbf55ac000 	C:\WINDOWS\SYSTEM32\Wldp.dll
0x00007ffbf7170000 - 0x00007ffbf721d000 	C:\WINDOWS\System32\SHCORE.dll
0x00007ffbf6650000 - 0x00007ffbf66a5000 	C:\WINDOWS\System32\shlwapi.dll
0x00007ffbf5a70000 - 0x00007ffbf5a8f000 	C:\WINDOWS\SYSTEM32\profapi.dll
0x00007ffbd3440000 - 0x00007ffbd345a000 	C:\Program Files\Android\Android Studio\jre\bin\net.dll
0x00007ffbee0a0000 - 0x00007ffbee1a8000 	C:\WINDOWS\SYSTEM32\WINHTTP.dll
0x00007ffbf52e0000 - 0x00007ffbf534a000 	C:\WINDOWS\system32\mswsock.dll
0x00007ffbd1140000 - 0x00007ffbd1154000 	C:\Program Files\Android\Android Studio\jre\bin\nio.dll
0x00007ffbd1020000 - 0x00007ffbd1047000 	C:\Users\ASUS\.gradle\native\fdc75f09e3144964f2cf3f50f0aa648679c211496f362492102eb8c894070792\windows-amd64\native-platform.dll
0x00007ffbbddf0000 - 0x00007ffbbdf86000 	C:\Users\ASUS\.gradle\native\12488b8bf47d2d4c9fbf2f6322a914ad602e24e48041cd04a747c6da556b65c4\windows-amd64\native-platform-file-events.dll
0x00007ffbdd1c0000 - 0x00007ffbdd1ca000 	C:\Program Files\Android\Android Studio\jre\bin\management.dll
0x00007ffbdbfb0000 - 0x00007ffbdbfbc000 	C:\Program Files\Android\Android Studio\jre\bin\management_ext.dll
0x00007ffbf54e0000 - 0x00007ffbf54f8000 	C:\WINDOWS\SYSTEM32\CRYPTSP.dll
0x00007ffbf4bf0000 - 0x00007ffbf4c24000 	C:\WINDOWS\system32\rsaenh.dll
0x00007ffbf5c30000 - 0x00007ffbf5c57000 	C:\WINDOWS\System32\bcrypt.dll
0x00007ffbf5a30000 - 0x00007ffbf5a5e000 	C:\WINDOWS\SYSTEM32\USERENV.dll
0x00007ffbf54d0000 - 0x00007ffbf54dc000 	C:\WINDOWS\SYSTEM32\CRYPTBASE.dll
0x00007ffbf4f80000 - 0x00007ffbf4fbb000 	C:\WINDOWS\SYSTEM32\IPHLPAPI.DLL
0x00007ffbf7160000 - 0x00007ffbf7168000 	C:\WINDOWS\System32\NSI.dll
0x00007ffbee6b0000 - 0x00007ffbee6c7000 	C:\WINDOWS\SYSTEM32\dhcpcsvc6.DLL
0x00007ffbee770000 - 0x00007ffbee78d000 	C:\WINDOWS\SYSTEM32\dhcpcsvc.DLL
0x00007ffbf4fc0000 - 0x00007ffbf508c000 	C:\WINDOWS\SYSTEM32\DNSAPI.dll
0x00007ffbeeaa0000 - 0x00007ffbeeaab000 	C:\WINDOWS\SYSTEM32\WINNSI.DLL

dbghelp: loaded successfully - version: 4.0.5 - missing functions: none
symbol engine: initialized successfully - sym options: 0x614 - pdb path: .;C:\Program Files\Android\Android Studio\jre\bin;C:\WINDOWS\SYSTEM32;C:\WINDOWS\WinSxS\amd64_microsoft.windows.common-controls_6595b64144ccf1df_6.0.19041.1110_none_60b5254171f9507e;C:\Program Files\Android\Android Studio\jre\bin\server;C:\Users\ASUS\.gradle\native\fdc75f09e3144964f2cf3f50f0aa648679c211496f362492102eb8c894070792\windows-amd64;C:\Users\ASUS\.gradle\native\12488b8bf47d2d4c9fbf2f6322a914ad602e24e48041cd04a747c6da556b65c4\windows-amd64

VM Arguments:
jvm_args: --add-opens=java.base/java.util=ALL-UNNAMED --add-opens=java.base/java.lang=ALL-UNNAMED --add-opens=java.base/java.lang.invoke=ALL-UNNAMED --add-opens=java.prefs/java.util.prefs=ALL-UNNAMED -Xmx1536M -Dfile.encoding=windows-1252 -Duser.country=US -Duser.language=en -Duser.variant 
java_command: org.gradle.launcher.daemon.bootstrap.GradleDaemon 6.7
java_class_path (initial): C:\Users\ASUS\.gradle\wrapper\dists\gradle-6.7-all\cuy9mc7upwgwgeb72wkcrupxe\gradle-6.7\lib\gradle-launcher-6.7.jar
Launcher Type: SUN_STANDARD

[Global flags]
     intx CICompilerCount                          = 4                                         {product} {ergonomic}
     uint ConcGCThreads                            = 2                                         {product} {ergonomic}
     uint G1ConcRefinementThreads                  = 8                                         {product} {ergonomic}
   size_t G1HeapRegionSize                         = 1048576                                   {product} {ergonomic}
    uintx GCDrainStackTargetSize                   = 64                                        {product} {ergonomic}
   size_t InitialHeapSize                          = 65011712                                  {product} {ergonomic}
   size_t MarkStackSize                            = 4194304                                   {product} {ergonomic}
   size_t MaxHeapSize                              = 1610612736                                {product} {command line}
   size_t MaxNewSize                               = 965738496                                 {product} {ergonomic}
   size_t MinHeapDeltaBytes                        = 1048576                                   {product} {ergonomic}
    uintx NonNMethodCodeHeapSize                   = 5836300                                {pd product} {ergonomic}
    uintx NonProfiledCodeHeapSize                  = 122910970                              {pd product} {ergonomic}
    uintx ProfiledCodeHeapSize                     = 122910970                              {pd product} {ergonomic}
    uintx ReservedCodeCacheSize                    = 251658240                              {pd product} {ergonomic}
     bool SegmentedCodeCache                       = true                                      {product} {ergonomic}
     bool UseCompressedClassPointers               = true                                 {lp64_product} {ergonomic}
     bool UseCompressedOops                        = true                                 {lp64_product} {ergonomic}
     bool UseG1GC                                  = true                                      {product} {ergonomic}
     bool UseLargePagesIndividualAllocation        = false                                  {pd product} {ergonomic}

Logging:
Log output configuration:
 #0: stdout all=warning uptime,level,tags
 #1: stderr all=off uptime,level,tags

Environment Variables:
JAVA_HOME=C:\Program Files\Android\Android Studio\jre
CLASSPATH=C:\Users\ASUS\Documents\MP\tmj_finalproject\android\\gradle\wrapper\gradle-wrapper.jar
PATH=C:\Program Files (x86)\Common Files\Intel\Shared Libraries\redist\intel64\compiler;C:\Program Files (x86)\Common Files\Oracle\Java\javapath;C:\Windows\system32;C:\Windows;C:\Windows\System32\Wbem;C:\Windows\System32\WindowsPowerShell\v1.0\;C:\Windows\System32\OpenSSH\;C:\Program Files (x86)\NVIDIA Corporation\PhysX\Common;C:\Program Files\NVIDIA Corporation\NVIDIA NvDLISR;C:\Program Files\Java\jdk-14.0.2\bin;;C:\WINDOWS\system32;C:\WINDOWS;C:\WINDOWS\System32\Wbem;C:\WINDOWS\System32\WindowsPowerShell\v1.0\;C:\WINDOWS\System32\OpenSSH\;C:\Users\ASUS\AppData\Local\Microsoft\WindowsApps;C:\Users\ASUS\AppData\Local\Programs\Microsoft VS Code\bin;C:\src\flutter\bin;C:\src\flutter\bin\mingit\cmd
USERNAME=ASUS
OS=Windows_NT
PROCESSOR_IDENTIFIER=Intel64 Family 6 Model 158 Stepping 10, GenuineIntel



---------------  S Y S T E M  ---------------

OS: Windows 10 , 64 bit Build 19041 (10.0.19041.1202)
OS uptime: 0 days 18:05 hours

CPU:total 8 (initial active 8) (4 cores per cpu, 2 threads per core) family 6 model 158 stepping 10 microcode 0xd2, cmov, cx8, fxsr, mmx, sse, sse2, sse3, ssse3, sse4.1, sse4.2, popcnt, avx, avx2, aes, clmul, erms, 3dnowpref, lzcnt, ht, tsc, tscinvbit, bmi1, bmi2, adx, fma

Memory: 4k page, system-wide physical 3948M (120M free)
TotalPageFile size 16236M (AvailPageFile size 12M)
current process WorkingSet (physical memory assigned to process): 196M, peak: 211M
current process commit charge ("private bytes"): 307M, peak: 324M

vm_info: OpenJDK 64-Bit Server VM (11.0.10+0-b96-7249189) for windows-amd64 JRE (11.0.10+0-b96-7249189), built on Mar 31 2021 21:44:00 by "builder" with MS VC++ 14.0 (VS2015)

END.
