#
# There is insufficient memory for the Java Runtime Environment to continue.
# Native memory allocation (malloc) failed to allocate 1260816 bytes for Chunk::new
# Possible reasons:
#   The system is out of physical RAM or swap space
#   The process is running with CompressedOops enabled, and the Java Heap may be blocking the growth of the native heap
# Possible solutions:
#   Reduce memory load on the system
#   Increase physical memory or swap space
#   Check if swap backing store is full
#   Decrease Java heap size (-Xmx/-Xms)
#   Decrease number of Java threads
#   Decrease Java thread stack sizes (-Xss)
#   Set larger code cache with -XX:ReservedCodeCacheSize=
#   JVM is running with Unscaled Compressed Oops mode in which the Java heap is
#     placed in the first 4GB address space. The Java Heap base address is the
#     maximum limit for the native heap growth. Please use -XX:HeapBaseMinAddress
#     to set the Java Heap base and to place the Java Heap above 4GB virtual address.
# This output file may be truncated or incomplete.
#
#  Out of Memory Error (./src/hotspot/share/memory/arena.cpp:197), pid=29668, tid=7996
#
# JRE version: OpenJDK Runtime Environment (11.0.10) (build 11.0.10+0-b96-7249189)
# Java VM: OpenJDK 64-Bit Server VM (11.0.10+0-b96-7249189, mixed mode, tiered, compressed oops, g1 gc, windows-amd64)
# No core dump will be written. Minidumps are not enabled by default on client versions of Windows
#

---------------  S U M M A R Y ------------

Command Line: --add-opens=java.base/java.util=ALL-UNNAMED --add-opens=java.base/java.lang=ALL-UNNAMED --add-opens=java.base/java.lang.invoke=ALL-UNNAMED --add-opens=java.prefs/java.util.prefs=ALL-UNNAMED -Xmx1536M -Dfile.encoding=windows-1252 -Duser.country=US -Duser.language=en -Duser.variant org.gradle.launcher.daemon.bootstrap.GradleDaemon 6.7

Host: Intel(R) Core(TM) i5-9300H CPU @ 2.40GHz, 8 cores, 3G,  Windows 10 , 64 bit Build 19041 (10.0.19041.1202)
Time: Sat Feb 12 14:20:48 2022 Malay Peninsula Standard Time elapsed time: 345.159231 seconds (0d 0h 5m 45s)

---------------  T H R E A D  ---------------

Current thread (0x000002582efc7000):  JavaThread "C2 CompilerThread0" daemon [_thread_in_native, id=7996, stack(0x0000007ce5f00000,0x0000007ce6000000)]


Current CompileTask:
C2: 345161 10796       4       org.gradle.internal.service.DefaultServiceRegistry$OwnServices$ProviderAnalyser::analyseType (114 bytes)

Stack: [0x0000007ce5f00000,0x0000007ce6000000]
Native frames: (J=compiled Java code, j=interpreted, Vv=VM code, C=native code)
V  [jvm.dll+0x5ecfaa]
V  [jvm.dll+0x722bd5]
V  [jvm.dll+0x72412d]
V  [jvm.dll+0x7247e3]
V  [jvm.dll+0x242928]
V  [jvm.dll+0xbc4fc]
V  [jvm.dll+0xbca0c]
V  [jvm.dll+0x352d3b]
V  [jvm.dll+0x197e0c]
V  [jvm.dll+0x1fb70e]
V  [jvm.dll+0x1fa7f4]
V  [jvm.dll+0x18354c]
V  [jvm.dll+0x208ee7]
V  [jvm.dll+0x207731]
V  [jvm.dll+0x6eb1cf]
V  [jvm.dll+0x6e3d45]
V  [jvm.dll+0x5ebe96]
C  [ucrtbase.dll+0x21bb2]
C  [KERNEL32.DLL+0x17034]
C  [ntdll.dll+0x52651]


---------------  P R O C E S S  ---------------

Threads class SMR info:
_java_thread_list=0x0000025839560e70, length=27, elements={
0x00000258154fe000, 0x000002582e649000, 0x000002582e652800, 0x000002582efc0800,
0x000002582efc3000, 0x000002582efc4000, 0x000002582efc7000, 0x000002582efc8800,
0x000002582efcb800, 0x000002582f129000, 0x00000258300d3000, 0x000002582fb44800,
0x0000025830a3a000, 0x000002582fe0a000, 0x000002582fe09000, 0x000002582fe07800,
0x000002582fe05800, 0x00000258331e3800, 0x000002583383e800, 0x0000025833833000,
0x0000025833836800, 0x0000025833837800, 0x0000025833835000, 0x0000025833835800,
0x0000025833838000, 0x0000025833839800, 0x0000025833839000
}

Java Threads: ( => current thread )
  0x00000258154fe000 JavaThread "main" [_thread_blocked, id=12180, stack(0x0000007ce5300000,0x0000007ce5400000)]
  0x000002582e649000 JavaThread "Reference Handler" daemon [_thread_blocked, id=30712, stack(0x0000007ce5a00000,0x0000007ce5b00000)]
  0x000002582e652800 JavaThread "Finalizer" daemon [_thread_blocked, id=14564, stack(0x0000007ce5b00000,0x0000007ce5c00000)]
  0x000002582efc0800 JavaThread "Signal Dispatcher" daemon [_thread_blocked, id=31020, stack(0x0000007ce5c00000,0x0000007ce5d00000)]
  0x000002582efc3000 JavaThread "Attach Listener" daemon [_thread_blocked, id=29340, stack(0x0000007ce5d00000,0x0000007ce5e00000)]
  0x000002582efc4000 JavaThread "Service Thread" daemon [_thread_blocked, id=14364, stack(0x0000007ce5e00000,0x0000007ce5f00000)]
=>0x000002582efc7000 JavaThread "C2 CompilerThread0" daemon [_thread_in_native, id=7996, stack(0x0000007ce5f00000,0x0000007ce6000000)]
  0x000002582efc8800 JavaThread "C1 CompilerThread0" daemon [_thread_blocked, id=24160, stack(0x0000007ce6000000,0x0000007ce6100000)]
  0x000002582efcb800 JavaThread "Sweeper thread" daemon [_thread_blocked, id=29988, stack(0x0000007ce6100000,0x0000007ce6200000)]
  0x000002582f129000 JavaThread "Common-Cleaner" daemon [_thread_blocked, id=29660, stack(0x0000007ce6200000,0x0000007ce6300000)]
  0x00000258300d3000 JavaThread "Daemon health stats" [_thread_blocked, id=21696, stack(0x0000007ce6500000,0x0000007ce6600000)]
  0x000002582fb44800 JavaThread "Incoming local TCP Connector on port 60099" [_thread_in_native, id=3228, stack(0x0000007ce6800000,0x0000007ce6900000)]
  0x0000025830a3a000 JavaThread "Daemon periodic checks" [_thread_blocked, id=31336, stack(0x0000007ce6900000,0x0000007ce6a00000)]
  0x000002582fe0a000 JavaThread "Cache worker for file hash cache (C:\Users\ASUS\.gradle\caches\6.7\fileHashes)" [_thread_blocked, id=24260, stack(0x0000007ce7700000,0x0000007ce7800000)]
  0x000002582fe09000 JavaThread "File lock request listener" [_thread_in_native, id=11312, stack(0x0000007ce7800000,0x0000007ce7900000)]
  0x000002582fe07800 JavaThread "Cache worker for journal cache (C:\Users\ASUS\.gradle\caches\journal-1)" [_thread_blocked, id=20996, stack(0x0000007ce7900000,0x0000007ce7a00000)]
  0x000002582fe05800 JavaThread "Cache worker for execution history cache (C:\Users\ASUS\.gradle\caches\6.7\executionHistory)" [_thread_blocked, id=25084, stack(0x0000007ce7f00000,0x0000007ce8000000)]
  0x00000258331e3800 JavaThread "Cache worker for file content cache (C:\Users\ASUS\.gradle\caches\6.7\fileContent)" [_thread_blocked, id=31400, stack(0x0000007ce8100000,0x0000007ce8200000)]
  0x000002583383e800 JavaThread "Memory manager" [_thread_blocked, id=31576, stack(0x0000007cefa00000,0x0000007cefb00000)]
  0x0000025833833000 JavaThread "Daemon Thread 2" [_thread_blocked, id=15500, stack(0x0000007ce5000000,0x0000007ce5100000)]
  0x0000025833836800 JavaThread "Handler for socket connection from /127.0.0.1:60099 to /127.0.0.1:60360" [_thread_in_native, id=13408, stack(0x0000007ce5100000,0x0000007ce5200000)]
  0x0000025833837800 JavaThread "Cancel handler" [_thread_blocked, id=23848, stack(0x0000007ce6600000,0x0000007ce6700000)]
  0x0000025833835000 JavaThread "Daemon worker Thread 2" [_thread_in_native, id=29400, stack(0x0000007ce6700000,0x0000007ce6800000)]
  0x0000025833835800 JavaThread "Asynchronous log dispatcher for DefaultDaemonConnection: socket connection from /127.0.0.1:60099 to /127.0.0.1:60360" [_thread_blocked, id=31516, stack(0x0000007ce6a00000,0x0000007ce6b00000)]
  0x0000025833838000 JavaThread "Stdin handler" [_thread_blocked, id=28448, stack(0x0000007ce7300000,0x0000007ce7400000)]
  0x0000025833839800 JavaThread "Thread-156" [_thread_blocked, id=29004, stack(0x0000007ce7c00000,0x0000007ce7d00000)]
  0x0000025833839000 JavaThread "Cache worker for file hash cache (C:\Users\ASUS\Documents\MP\tmj_finalproject\android\.gradle\6.7\fileHashes)" [_thread_blocked, id=28768, stack(0x0000007ce7d00000,0x0000007ce7e00000)]

Other Threads:
  0x000002582e625000 VMThread "VM Thread" [stack: 0x0000007ce5900000,0x0000007ce5a00000] [id=21472]
  0x000002582f14a800 WatcherThread [stack: 0x0000007ce6300000,0x0000007ce6400000] [id=29752]
  0x0000025815515800 GCTaskThread "GC Thread#0" [stack: 0x0000007ce5400000,0x0000007ce5500000] [id=30188]
  0x000002582f378800 GCTaskThread "GC Thread#1" [stack: 0x0000007ce6400000,0x0000007ce6500000] [id=20092]
  0x000002582f96a000 GCTaskThread "GC Thread#2" [stack: 0x0000007ce6c00000,0x0000007ce6d00000] [id=4236]
  0x000002582f96b000 GCTaskThread "GC Thread#3" [stack: 0x0000007ce6d00000,0x0000007ce6e00000] [id=31616]
  0x000002582f96b800 GCTaskThread "GC Thread#4" [stack: 0x0000007ce6e00000,0x0000007ce6f00000] [id=1904]
  0x000002582f96d000 GCTaskThread "GC Thread#5" [stack: 0x0000007ce6f00000,0x0000007ce7000000] [id=25204]
  0x0000025830c3a800 GCTaskThread "GC Thread#6" [stack: 0x0000007ce7000000,0x0000007ce7100000] [id=28288]
  0x0000025830c3b800 GCTaskThread "GC Thread#7" [stack: 0x0000007ce7100000,0x0000007ce7200000] [id=20380]
  0x000002581553d000 ConcurrentGCThread "G1 Main Marker" [stack: 0x0000007ce5500000,0x0000007ce5600000] [id=14908]
  0x000002581553f800 ConcurrentGCThread "G1 Conc#0" [stack: 0x0000007ce5600000,0x0000007ce5700000] [id=29644]
  0x000002582ff57800 ConcurrentGCThread "G1 Conc#1" [stack: 0x0000007ce7a00000,0x0000007ce7b00000] [id=26616]
  0x0000025815599000 ConcurrentGCThread "G1 Refine#0" [stack: 0x0000007ce5700000,0x0000007ce5800000] [id=29576]
  0x0000025831ae5000 ConcurrentGCThread "G1 Refine#1" [stack: 0x0000007ce5200000,0x0000007ce5300000] [id=29460]
  0x0000025838104800 ConcurrentGCThread "G1 Refine#2" [stack: 0x0000007ce6b00000,0x0000007ce6c00000] [id=30796]
  0x0000025833201800 ConcurrentGCThread "G1 Refine#3" [stack: 0x0000007ce7200000,0x0000007ce7300000] [id=1752]
  0x0000025833203000 ConcurrentGCThread "G1 Refine#4" [stack: 0x0000007ce7400000,0x0000007ce7500000] [id=12604]
  0x00000258331ff000 ConcurrentGCThread "G1 Refine#5" [stack: 0x0000007ce7500000,0x0000007ce7600000] [id=30576]
  0x0000025833203800 ConcurrentGCThread "G1 Refine#6" [stack: 0x0000007ce7600000,0x0000007ce7700000] [id=11740]
  0x0000025833200000 ConcurrentGCThread "G1 Refine#7" [stack: 0x0000007ce7b00000,0x0000007ce7c00000] [id=24056]
  0x000002581559a000 ConcurrentGCThread "G1 Young RemSet Sampling" [stack: 0x0000007ce5800000,0x0000007ce5900000] [id=16328]

Threads with active compile tasks:
C2 CompilerThread0 345415 10796       4       org.gradle.internal.service.DefaultServiceRegistry$OwnServices$ProviderAnalyser::analyseType (114 bytes)

VM state:not at safepoint (normal execution)

VM Mutex/Monitor currently owned by a thread: None

Heap address: 0x00000000a0000000, size: 1536 MB, Compressed Oops mode: 32-bit
Narrow klass base: 0x0000000000000000, Narrow klass shift: 3
Compressed class space size: 1073741824 Address: 0x0000000100000000

Heap:
 garbage-first heap   total 209920K, used 111464K [0x00000000a0000000, 0x0000000100000000)
  region size 1024K, 8 young (8192K), 3 survivors (3072K)
 Metaspace       used 83703K, capacity 87005K, committed 87168K, reserved 1124352K
  class space    used 10748K, capacity 11855K, committed 11904K, reserved 1048576K
Heap Regions: E=young(eden), S=young(survivor), O=old, HS=humongous(starts), HC=humongous(continues), CS=collection set, F=free, A=archive, TAMS=top-at-mark-start (previous, next)
|   0|0x00000000a0000000, 0x00000000a0100000, 0x00000000a0100000|100%| O|  |TAMS 0x00000000a0100000, 0x00000000a0000000| Untracked 
|   1|0x00000000a0100000, 0x00000000a0200000, 0x00000000a0200000|100%| O|  |TAMS 0x00000000a0200000, 0x00000000a0100000| Untracked 
|   2|0x00000000a0200000, 0x00000000a0300000, 0x00000000a0300000|100%| O|  |TAMS 0x00000000a0300000, 0x00000000a0200000| Untracked 
|   3|0x00000000a0300000, 0x00000000a0400000, 0x00000000a0400000|100%|HS|  |TAMS 0x00000000a0400000, 0x00000000a0300000| Complete 
|   4|0x00000000a0400000, 0x00000000a0500000, 0x00000000a0500000|100%|HC|  |TAMS 0x00000000a0500000, 0x00000000a0400000| Complete 
|   5|0x00000000a0500000, 0x00000000a0600000, 0x00000000a0600000|100%|HC|  |TAMS 0x00000000a0600000, 0x00000000a0500000| Complete 
|   6|0x00000000a0600000, 0x00000000a0700000, 0x00000000a0700000|100%| O|  |TAMS 0x00000000a0700000, 0x00000000a0600000| Untracked 
|   7|0x00000000a0700000, 0x00000000a0800000, 0x00000000a0800000|100%| O|  |TAMS 0x00000000a0800000, 0x00000000a0700000| Untracked 
|   8|0x00000000a0800000, 0x00000000a0900000, 0x00000000a0900000|100%| O|  |TAMS 0x00000000a0900000, 0x00000000a0800000| Untracked 
|   9|0x00000000a0900000, 0x00000000a0a00000, 0x00000000a0a00000|100%| O|  |TAMS 0x00000000a0a00000, 0x00000000a0900000| Untracked 
|  10|0x00000000a0a00000, 0x00000000a0b00000, 0x00000000a0b00000|100%| O|  |TAMS 0x00000000a0b00000, 0x00000000a0a00000| Untracked 
|  11|0x00000000a0b00000, 0x00000000a0c00000, 0x00000000a0c00000|100%| O|  |TAMS 0x00000000a0c00000, 0x00000000a0b00000| Untracked 
|  12|0x00000000a0c00000, 0x00000000a0d00000, 0x00000000a0d00000|100%| O|  |TAMS 0x00000000a0d00000, 0x00000000a0c00000| Untracked 
|  13|0x00000000a0d00000, 0x00000000a0e00000, 0x00000000a0e00000|100%| O|  |TAMS 0x00000000a0e00000, 0x00000000a0d00000| Untracked 
|  14|0x00000000a0e00000, 0x00000000a0f00000, 0x00000000a0f00000|100%| O|  |TAMS 0x00000000a0f00000, 0x00000000a0e00000| Untracked 
|  15|0x00000000a0f00000, 0x00000000a1000000, 0x00000000a1000000|100%| O|  |TAMS 0x00000000a1000000, 0x00000000a0f00000| Untracked 
|  16|0x00000000a1000000, 0x00000000a1100000, 0x00000000a1100000|100%| O|  |TAMS 0x00000000a1100000, 0x00000000a1000000| Untracked 
|  17|0x00000000a1100000, 0x00000000a1200000, 0x00000000a1200000|100%| O|  |TAMS 0x00000000a1200000, 0x00000000a1100000| Untracked 
|  18|0x00000000a1200000, 0x00000000a1300000, 0x00000000a1300000|100%| O|  |TAMS 0x00000000a1300000, 0x00000000a1200000| Untracked 
|  19|0x00000000a1300000, 0x00000000a1400000, 0x00000000a1400000|100%| O|  |TAMS 0x00000000a1400000, 0x00000000a1300000| Untracked 
|  20|0x00000000a1400000, 0x00000000a1500000, 0x00000000a1500000|100%| O|  |TAMS 0x00000000a1500000, 0x00000000a1400000| Untracked 
|  21|0x00000000a1500000, 0x00000000a1600000, 0x00000000a1600000|100%| O|  |TAMS 0x00000000a1600000, 0x00000000a1500000| Untracked 
|  22|0x00000000a1600000, 0x00000000a1700000, 0x00000000a1700000|100%| O|  |TAMS 0x00000000a1700000, 0x00000000a1600000| Untracked 
|  23|0x00000000a1700000, 0x00000000a1800000, 0x00000000a1800000|100%| O|  |TAMS 0x00000000a1800000, 0x00000000a1700000| Untracked 
|  24|0x00000000a1800000, 0x00000000a1900000, 0x00000000a1900000|100%| O|  |TAMS 0x00000000a1900000, 0x00000000a1800000| Untracked 
|  25|0x00000000a1900000, 0x00000000a1a00000, 0x00000000a1a00000|100%| O|  |TAMS 0x00000000a1a00000, 0x00000000a1900000| Untracked 
|  26|0x00000000a1a00000, 0x00000000a1b00000, 0x00000000a1b00000|100%| O|  |TAMS 0x00000000a1b00000, 0x00000000a1a00000| Untracked 
|  27|0x00000000a1b00000, 0x00000000a1c00000, 0x00000000a1c00000|100%|HS|  |TAMS 0x00000000a1c00000, 0x00000000a1b00000| Complete 
|  28|0x00000000a1c00000, 0x00000000a1d00000, 0x00000000a1d00000|100%| O|  |TAMS 0x00000000a1d00000, 0x00000000a1c00000| Untracked 
|  29|0x00000000a1d00000, 0x00000000a1e00000, 0x00000000a1e00000|100%| O|  |TAMS 0x00000000a1e00000, 0x00000000a1d00000| Untracked 
|  30|0x00000000a1e00000, 0x00000000a1f00000, 0x00000000a1f00000|100%|HS|  |TAMS 0x00000000a1f00000, 0x00000000a1e00000| Complete 
|  31|0x00000000a1f00000, 0x00000000a2000000, 0x00000000a2000000|100%|HC|  |TAMS 0x00000000a2000000, 0x00000000a1f00000| Complete 
|  32|0x00000000a2000000, 0x00000000a2100000, 0x00000000a2100000|100%|HC|  |TAMS 0x00000000a2100000, 0x00000000a2000000| Complete 
|  33|0x00000000a2100000, 0x00000000a2200000, 0x00000000a2200000|100%| O|  |TAMS 0x00000000a2200000, 0x00000000a2100000| Untracked 
|  34|0x00000000a2200000, 0x00000000a2300000, 0x00000000a2300000|100%| O|  |TAMS 0x00000000a2300000, 0x00000000a2200000| Untracked 
|  35|0x00000000a2300000, 0x00000000a2400000, 0x00000000a2400000|100%| O|  |TAMS 0x00000000a2400000, 0x00000000a2300000| Untracked 
|  36|0x00000000a2400000, 0x00000000a2500000, 0x00000000a2500000|100%|HS|  |TAMS 0x00000000a2500000, 0x00000000a2400000| Complete 
|  37|0x00000000a2500000, 0x00000000a2600000, 0x00000000a2600000|100%|HC|  |TAMS 0x00000000a2600000, 0x00000000a2500000| Complete 
|  38|0x00000000a2600000, 0x00000000a2700000, 0x00000000a2700000|100%| O|  |TAMS 0x00000000a2700000, 0x00000000a2600000| Untracked 
|  39|0x00000000a2700000, 0x00000000a2800000, 0x00000000a2800000|100%| O|  |TAMS 0x00000000a2800000, 0x00000000a2700000| Untracked 
|  40|0x00000000a2800000, 0x00000000a2900000, 0x00000000a2900000|100%| O|  |TAMS 0x00000000a2900000, 0x00000000a2800000| Untracked 
|  41|0x00000000a2900000, 0x00000000a2a00000, 0x00000000a2a00000|100%| O|  |TAMS 0x00000000a2a00000, 0x00000000a2900000| Untracked 
|  42|0x00000000a2a00000, 0x00000000a2b00000, 0x00000000a2b00000|100%| O|  |TAMS 0x00000000a2b00000, 0x00000000a2a00000| Untracked 
|  43|0x00000000a2b00000, 0x00000000a2c00000, 0x00000000a2c00000|100%| O|  |TAMS 0x00000000a2c00000, 0x00000000a2b00000| Untracked 
|  44|0x00000000a2c00000, 0x00000000a2d00000, 0x00000000a2d00000|100%| O|  |TAMS 0x00000000a2d00000, 0x00000000a2c00000| Untracked 
|  45|0x00000000a2d00000, 0x00000000a2e00000, 0x00000000a2e00000|100%| O|  |TAMS 0x00000000a2e00000, 0x00000000a2d00000| Untracked 
|  46|0x00000000a2e00000, 0x00000000a2f00000, 0x00000000a2f00000|100%| O|  |TAMS 0x00000000a2f00000, 0x00000000a2e00000| Untracked 
|  47|0x00000000a2f00000, 0x00000000a3000000, 0x00000000a3000000|100%| O|  |TAMS 0x00000000a3000000, 0x00000000a2f00000| Untracked 
|  48|0x00000000a3000000, 0x00000000a3100000, 0x00000000a3100000|100%| O|  |TAMS 0x00000000a3100000, 0x00000000a3000000| Untracked 
|  49|0x00000000a3100000, 0x00000000a3200000, 0x00000000a3200000|100%| O|  |TAMS 0x00000000a3200000, 0x00000000a3100000| Untracked 
|  50|0x00000000a3200000, 0x00000000a3300000, 0x00000000a3300000|100%| O|  |TAMS 0x00000000a3300000, 0x00000000a3200000| Untracked 
|  51|0x00000000a3300000, 0x00000000a3400000, 0x00000000a3400000|100%| O|  |TAMS 0x00000000a3400000, 0x00000000a3300000| Untracked 
|  52|0x00000000a3400000, 0x00000000a3500000, 0x00000000a3500000|100%| O|  |TAMS 0x00000000a3500000, 0x00000000a3400000| Untracked 
|  53|0x00000000a3500000, 0x00000000a3600000, 0x00000000a3600000|100%| O|  |TAMS 0x00000000a3600000, 0x00000000a3500000| Untracked 
|  54|0x00000000a3600000, 0x00000000a3700000, 0x00000000a3700000|100%| O|  |TAMS 0x00000000a3700000, 0x00000000a3600000| Untracked 
|  55|0x00000000a3700000, 0x00000000a3800000, 0x00000000a3800000|100%| O|  |TAMS 0x00000000a3800000, 0x00000000a3700000| Untracked 
|  56|0x00000000a3800000, 0x00000000a3900000, 0x00000000a3900000|100%| O|  |TAMS 0x00000000a3900000, 0x00000000a3800000| Untracked 
|  57|0x00000000a3900000, 0x00000000a3a00000, 0x00000000a3a00000|100%| O|  |TAMS 0x00000000a3a00000, 0x00000000a3900000| Untracked 
|  58|0x00000000a3a00000, 0x00000000a3b00000, 0x00000000a3b00000|100%| O|  |TAMS 0x00000000a3b00000, 0x00000000a3a00000| Untracked 
|  59|0x00000000a3b00000, 0x00000000a3c00000, 0x00000000a3c00000|100%| O|  |TAMS 0x00000000a3c00000, 0x00000000a3b00000| Untracked 
|  60|0x00000000a3c00000, 0x00000000a3d00000, 0x00000000a3d00000|100%| O|  |TAMS 0x00000000a3d00000, 0x00000000a3c00000| Untracked 
|  61|0x00000000a3d00000, 0x00000000a3e00000, 0x00000000a3e00000|100%| O|  |TAMS 0x00000000a3e00000, 0x00000000a3d00000| Untracked 
|  62|0x00000000a3e00000, 0x00000000a3f00000, 0x00000000a3f00000|100%| O|  |TAMS 0x00000000a3f00000, 0x00000000a3e00000| Untracked 
|  63|0x00000000a3f00000, 0x00000000a4000000, 0x00000000a4000000|100%| O|  |TAMS 0x00000000a4000000, 0x00000000a3f00000| Untracked 
|  64|0x00000000a4000000, 0x00000000a4100000, 0x00000000a4100000|100%| O|  |TAMS 0x00000000a4100000, 0x00000000a4000000| Untracked 
|  65|0x00000000a4100000, 0x00000000a4200000, 0x00000000a4200000|100%| O|  |TAMS 0x00000000a4200000, 0x00000000a4100000| Untracked 
|  66|0x00000000a4200000, 0x00000000a4300000, 0x00000000a4300000|100%| O|  |TAMS 0x00000000a4300000, 0x00000000a4200000| Untracked 
|  67|0x00000000a4300000, 0x00000000a4400000, 0x00000000a4400000|100%| O|  |TAMS 0x00000000a4400000, 0x00000000a4300000| Untracked 
|  68|0x00000000a4400000, 0x00000000a4500000, 0x00000000a4500000|100%| O|  |TAMS 0x00000000a4500000, 0x00000000a4400000| Untracked 
|  69|0x00000000a4500000, 0x00000000a4600000, 0x00000000a4600000|100%| O|  |TAMS 0x00000000a4600000, 0x00000000a4500000| Untracked 
|  70|0x00000000a4600000, 0x00000000a4700000, 0x00000000a4700000|100%| O|  |TAMS 0x00000000a4700000, 0x00000000a4600000| Untracked 
|  71|0x00000000a4700000, 0x00000000a4800000, 0x00000000a4800000|100%| O|  |TAMS 0x00000000a4800000, 0x00000000a4700000| Untracked 
|  72|0x00000000a4800000, 0x00000000a4900000, 0x00000000a4900000|100%| O|  |TAMS 0x00000000a4900000, 0x00000000a4800000| Untracked 
|  73|0x00000000a4900000, 0x00000000a4a00000, 0x00000000a4a00000|100%| O|  |TAMS 0x00000000a4a00000, 0x00000000a4900000| Untracked 
|  74|0x00000000a4a00000, 0x00000000a4b00000, 0x00000000a4b00000|100%| O|  |TAMS 0x00000000a4b00000, 0x00000000a4a00000| Untracked 
|  75|0x00000000a4b00000, 0x00000000a4c00000, 0x00000000a4c00000|100%| O|  |TAMS 0x00000000a4c00000, 0x00000000a4b00000| Untracked 
|  76|0x00000000a4c00000, 0x00000000a4d00000, 0x00000000a4d00000|100%| O|  |TAMS 0x00000000a4d00000, 0x00000000a4c00000| Untracked 
|  77|0x00000000a4d00000, 0x00000000a4e00000, 0x00000000a4e00000|100%|HS|  |TAMS 0x00000000a4e00000, 0x00000000a4d00000| Complete 
|  78|0x00000000a4e00000, 0x00000000a4f00000, 0x00000000a4f00000|100%|HC|  |TAMS 0x00000000a4f00000, 0x00000000a4e00000| Complete 
|  79|0x00000000a4f00000, 0x00000000a5000000, 0x00000000a5000000|100%|HC|  |TAMS 0x00000000a5000000, 0x00000000a4f00000| Complete 
|  80|0x00000000a5000000, 0x00000000a5100000, 0x00000000a5100000|100%| O|  |TAMS 0x00000000a5100000, 0x00000000a5000000| Untracked 
|  81|0x00000000a5100000, 0x00000000a5200000, 0x00000000a5200000|100%| O|  |TAMS 0x00000000a5200000, 0x00000000a5100000| Untracked 
|  82|0x00000000a5200000, 0x00000000a5300000, 0x00000000a5300000|100%| O|  |TAMS 0x00000000a5300000, 0x00000000a5200000| Untracked 
|  83|0x00000000a5300000, 0x00000000a5400000, 0x00000000a5400000|100%| O|  |TAMS 0x00000000a5400000, 0x00000000a5300000| Untracked 
|  84|0x00000000a5400000, 0x00000000a5500000, 0x00000000a5500000|100%| O|  |TAMS 0x00000000a5500000, 0x00000000a5400000| Untracked 
|  85|0x00000000a5500000, 0x00000000a5600000, 0x00000000a5600000|100%| O|  |TAMS 0x00000000a5600000, 0x00000000a5500000| Untracked 
|  86|0x00000000a5600000, 0x00000000a5700000, 0x00000000a5700000|100%| O|  |TAMS 0x00000000a5700000, 0x00000000a5600000| Untracked 
|  87|0x00000000a5700000, 0x00000000a5800000, 0x00000000a5800000|100%| O|  |TAMS 0x00000000a5800000, 0x00000000a5700000| Untracked 
|  88|0x00000000a5800000, 0x00000000a5900000, 0x00000000a5900000|100%| O|  |TAMS 0x00000000a5900000, 0x00000000a5800000| Untracked 
|  89|0x00000000a5900000, 0x00000000a5a00000, 0x00000000a5a00000|100%| O|  |TAMS 0x00000000a5a00000, 0x00000000a5900000| Untracked 
|  90|0x00000000a5a00000, 0x00000000a5b00000, 0x00000000a5b00000|100%| O|  |TAMS 0x00000000a5b00000, 0x00000000a5a00000| Untracked 
|  91|0x00000000a5b00000, 0x00000000a5c00000, 0x00000000a5c00000|100%| O|  |TAMS 0x00000000a5c00000, 0x00000000a5b00000| Untracked 
|  92|0x00000000a5c00000, 0x00000000a5d00000, 0x00000000a5d00000|100%| O|  |TAMS 0x00000000a5d00000, 0x00000000a5c00000| Untracked 
|  93|0x00000000a5d00000, 0x00000000a5e00000, 0x00000000a5e00000|100%| O|  |TAMS 0x00000000a5e00000, 0x00000000a5d00000| Untracked 
|  94|0x00000000a5e00000, 0x00000000a5f00000, 0x00000000a5f00000|100%| O|  |TAMS 0x00000000a5f00000, 0x00000000a5e00000| Untracked 
|  95|0x00000000a5f00000, 0x00000000a6000000, 0x00000000a6000000|100%| O|  |TAMS 0x00000000a6000000, 0x00000000a5f00000| Untracked 
|  96|0x00000000a6000000, 0x00000000a6100000, 0x00000000a6100000|100%| O|  |TAMS 0x00000000a6100000, 0x00000000a6000000| Untracked 
|  97|0x00000000a6100000, 0x00000000a6200000, 0x00000000a6200000|100%| O|  |TAMS 0x00000000a6200000, 0x00000000a6100000| Untracked 
|  98|0x00000000a6200000, 0x00000000a6300000, 0x00000000a6300000|100%| O|  |TAMS 0x00000000a6300000, 0x00000000a6200000| Untracked 
|  99|0x00000000a6300000, 0x00000000a6400000, 0x00000000a6400000|100%| O|  |TAMS 0x00000000a6400000, 0x00000000a6300000| Untracked 
| 100|0x00000000a6400000, 0x00000000a6500000, 0x00000000a6500000|100%| O|  |TAMS 0x00000000a6500000, 0x00000000a6400000| Untracked 
| 101|0x00000000a6500000, 0x00000000a6600000, 0x00000000a6600000|100%| O|  |TAMS 0x00000000a6600000, 0x00000000a6500000| Untracked 
| 102|0x00000000a6600000, 0x00000000a6639e00, 0x00000000a6700000| 22%| O|  |TAMS 0x00000000a6639e00, 0x00000000a6600000| Untracked 
| 103|0x00000000a6700000, 0x00000000a6700000, 0x00000000a6800000|  0%| F|  |TAMS 0x00000000a6700000, 0x00000000a6700000| Untracked 
| 104|0x00000000a6800000, 0x00000000a6800000, 0x00000000a6900000|  0%| F|  |TAMS 0x00000000a6800000, 0x00000000a6800000| Untracked 
| 105|0x00000000a6900000, 0x00000000a6900000, 0x00000000a6a00000|  0%| F|  |TAMS 0x00000000a6900000, 0x00000000a6900000| Untracked 
| 106|0x00000000a6a00000, 0x00000000a6a00000, 0x00000000a6b00000|  0%| F|  |TAMS 0x00000000a6a00000, 0x00000000a6a00000| Untracked 
| 107|0x00000000a6b00000, 0x00000000a6b00000, 0x00000000a6c00000|  0%| F|  |TAMS 0x00000000a6b00000, 0x00000000a6b00000| Untracked 
| 108|0x00000000a6c00000, 0x00000000a6c00000, 0x00000000a6d00000|  0%| F|  |TAMS 0x00000000a6c00000, 0x00000000a6c00000| Untracked 
| 109|0x00000000a6d00000, 0x00000000a6d00000, 0x00000000a6e00000|  0%| F|  |TAMS 0x00000000a6d00000, 0x00000000a6d00000| Untracked 
| 110|0x00000000a6e00000, 0x00000000a6e00000, 0x00000000a6f00000|  0%| F|  |TAMS 0x00000000a6e00000, 0x00000000a6e00000| Untracked 
| 111|0x00000000a6f00000, 0x00000000a6f00000, 0x00000000a7000000|  0%| F|  |TAMS 0x00000000a6f00000, 0x00000000a6f00000| Untracked 
| 112|0x00000000a7000000, 0x00000000a7000000, 0x00000000a7100000|  0%| F|  |TAMS 0x00000000a7000000, 0x00000000a7000000| Untracked 
| 113|0x00000000a7100000, 0x00000000a7100000, 0x00000000a7200000|  0%| F|  |TAMS 0x00000000a7100000, 0x00000000a7100000| Untracked 
| 114|0x00000000a7200000, 0x00000000a7200000, 0x00000000a7300000|  0%| F|  |TAMS 0x00000000a7200000, 0x00000000a7200000| Untracked 
| 115|0x00000000a7300000, 0x00000000a7300000, 0x00000000a7400000|  0%| F|  |TAMS 0x00000000a7300000, 0x00000000a7300000| Untracked 
| 116|0x00000000a7400000, 0x00000000a7400000, 0x00000000a7500000|  0%| F|  |TAMS 0x00000000a7400000, 0x00000000a7400000| Untracked 
| 117|0x00000000a7500000, 0x00000000a7500000, 0x00000000a7600000|  0%| F|  |TAMS 0x00000000a7500000, 0x00000000a7500000| Untracked 
| 118|0x00000000a7600000, 0x00000000a7600000, 0x00000000a7700000|  0%| F|  |TAMS 0x00000000a7600000, 0x00000000a7600000| Untracked 
| 119|0x00000000a7700000, 0x00000000a7700000, 0x00000000a7800000|  0%| F|  |TAMS 0x00000000a7700000, 0x00000000a7700000| Untracked 
| 120|0x00000000a7800000, 0x00000000a7800000, 0x00000000a7900000|  0%| F|  |TAMS 0x00000000a7800000, 0x00000000a7800000| Untracked 
| 121|0x00000000a7900000, 0x00000000a7900000, 0x00000000a7a00000|  0%| F|  |TAMS 0x00000000a7900000, 0x00000000a7900000| Untracked 
| 122|0x00000000a7a00000, 0x00000000a7a00000, 0x00000000a7b00000|  0%| F|  |TAMS 0x00000000a7a00000, 0x00000000a7a00000| Untracked 
| 123|0x00000000a7b00000, 0x00000000a7b00000, 0x00000000a7c00000|  0%| F|  |TAMS 0x00000000a7b00000, 0x00000000a7b00000| Untracked 
| 124|0x00000000a7c00000, 0x00000000a7c00000, 0x00000000a7d00000|  0%| F|  |TAMS 0x00000000a7c00000, 0x00000000a7c00000| Untracked 
| 125|0x00000000a7d00000, 0x00000000a7d00000, 0x00000000a7e00000|  0%| F|  |TAMS 0x00000000a7d00000, 0x00000000a7d00000| Untracked 
| 126|0x00000000a7e00000, 0x00000000a7e00000, 0x00000000a7f00000|  0%| F|  |TAMS 0x00000000a7e00000, 0x00000000a7e00000| Untracked 
| 127|0x00000000a7f00000, 0x00000000a7f00000, 0x00000000a8000000|  0%| F|  |TAMS 0x00000000a7f00000, 0x00000000a7f00000| Untracked 
| 128|0x00000000a8000000, 0x00000000a8000000, 0x00000000a8100000|  0%| F|  |TAMS 0x00000000a8000000, 0x00000000a8000000| Untracked 
| 129|0x00000000a8100000, 0x00000000a8100000, 0x00000000a8200000|  0%| F|  |TAMS 0x00000000a8100000, 0x00000000a8100000| Untracked 
| 130|0x00000000a8200000, 0x00000000a8200000, 0x00000000a8300000|  0%| F|  |TAMS 0x00000000a8200000, 0x00000000a8200000| Untracked 
| 131|0x00000000a8300000, 0x00000000a8300000, 0x00000000a8400000|  0%| F|  |TAMS 0x00000000a8300000, 0x00000000a8300000| Untracked 
| 132|0x00000000a8400000, 0x00000000a8400000, 0x00000000a8500000|  0%| F|  |TAMS 0x00000000a8400000, 0x00000000a8400000| Untracked 
| 133|0x00000000a8500000, 0x00000000a8500000, 0x00000000a8600000|  0%| F|  |TAMS 0x00000000a8500000, 0x00000000a8500000| Untracked 
| 134|0x00000000a8600000, 0x00000000a8600000, 0x00000000a8700000|  0%| F|  |TAMS 0x00000000a8600000, 0x00000000a8600000| Untracked 
| 135|0x00000000a8700000, 0x00000000a8700000, 0x00000000a8800000|  0%| F|  |TAMS 0x00000000a8700000, 0x00000000a8700000| Untracked 
| 136|0x00000000a8800000, 0x00000000a8800000, 0x00000000a8900000|  0%| F|  |TAMS 0x00000000a8800000, 0x00000000a8800000| Untracked 
| 137|0x00000000a8900000, 0x00000000a8900000, 0x00000000a8a00000|  0%| F|  |TAMS 0x00000000a8900000, 0x00000000a8900000| Untracked 
| 138|0x00000000a8a00000, 0x00000000a8a00000, 0x00000000a8b00000|  0%| F|  |TAMS 0x00000000a8a00000, 0x00000000a8a00000| Untracked 
| 139|0x00000000a8b00000, 0x00000000a8b00000, 0x00000000a8c00000|  0%| F|  |TAMS 0x00000000a8b00000, 0x00000000a8b00000| Untracked 
| 140|0x00000000a8c00000, 0x00000000a8c00000, 0x00000000a8d00000|  0%| F|  |TAMS 0x00000000a8c00000, 0x00000000a8c00000| Untracked 
| 141|0x00000000a8d00000, 0x00000000a8d00000, 0x00000000a8e00000|  0%| F|  |TAMS 0x00000000a8d00000, 0x00000000a8d00000| Untracked 
| 142|0x00000000a8e00000, 0x00000000a8e00000, 0x00000000a8f00000|  0%| F|  |TAMS 0x00000000a8e00000, 0x00000000a8e00000| Untracked 
| 143|0x00000000a8f00000, 0x00000000a8f00000, 0x00000000a9000000|  0%| F|  |TAMS 0x00000000a8f00000, 0x00000000a8f00000| Untracked 
| 144|0x00000000a9000000, 0x00000000a9000000, 0x00000000a9100000|  0%| F|  |TAMS 0x00000000a9000000, 0x00000000a9000000| Untracked 
| 145|0x00000000a9100000, 0x00000000a9100000, 0x00000000a9200000|  0%| F|  |TAMS 0x00000000a9100000, 0x00000000a9100000| Untracked 
| 146|0x00000000a9200000, 0x00000000a9200000, 0x00000000a9300000|  0%| F|  |TAMS 0x00000000a9200000, 0x00000000a9200000| Untracked 
| 147|0x00000000a9300000, 0x00000000a9300000, 0x00000000a9400000|  0%| F|  |TAMS 0x00000000a9300000, 0x00000000a9300000| Untracked 
| 148|0x00000000a9400000, 0x00000000a9400000, 0x00000000a9500000|  0%| F|  |TAMS 0x00000000a9400000, 0x00000000a9400000| Untracked 
| 149|0x00000000a9500000, 0x00000000a9500000, 0x00000000a9600000|  0%| F|  |TAMS 0x00000000a9500000, 0x00000000a9500000| Untracked 
| 150|0x00000000a9600000, 0x00000000a9600000, 0x00000000a9700000|  0%| F|  |TAMS 0x00000000a9600000, 0x00000000a9600000| Untracked 
| 151|0x00000000a9700000, 0x00000000a9700000, 0x00000000a9800000|  0%| F|  |TAMS 0x00000000a9700000, 0x00000000a9700000| Untracked 
| 152|0x00000000a9800000, 0x00000000a9800000, 0x00000000a9900000|  0%| F|  |TAMS 0x00000000a9800000, 0x00000000a9800000| Untracked 
| 153|0x00000000a9900000, 0x00000000a99a05e0, 0x00000000a9a00000| 62%| S|CS|TAMS 0x00000000a9900000, 0x00000000a9900000| Complete 
| 154|0x00000000a9a00000, 0x00000000a9b00000, 0x00000000a9b00000|100%| S|CS|TAMS 0x00000000a9a00000, 0x00000000a9a00000| Complete 
| 155|0x00000000a9b00000, 0x00000000a9c00000, 0x00000000a9c00000|100%| S|CS|TAMS 0x00000000a9b00000, 0x00000000a9b00000| Complete 
| 156|0x00000000a9c00000, 0x00000000a9c00000, 0x00000000a9d00000|  0%| F|  |TAMS 0x00000000a9c00000, 0x00000000a9c00000| Untracked 
| 157|0x00000000a9d00000, 0x00000000a9d00000, 0x00000000a9e00000|  0%| F|  |TAMS 0x00000000a9d00000, 0x00000000a9d00000| Untracked 
| 158|0x00000000a9e00000, 0x00000000a9e00000, 0x00000000a9f00000|  0%| F|  |TAMS 0x00000000a9e00000, 0x00000000a9e00000| Untracked 
| 159|0x00000000a9f00000, 0x00000000a9f00000, 0x00000000aa000000|  0%| F|  |TAMS 0x00000000a9f00000, 0x00000000a9f00000| Untracked 
| 160|0x00000000aa000000, 0x00000000aa000000, 0x00000000aa100000|  0%| F|  |TAMS 0x00000000aa000000, 0x00000000aa000000| Untracked 
| 161|0x00000000aa100000, 0x00000000aa100000, 0x00000000aa200000|  0%| F|  |TAMS 0x00000000aa100000, 0x00000000aa100000| Untracked 
| 162|0x00000000aa200000, 0x00000000aa200000, 0x00000000aa300000|  0%| F|  |TAMS 0x00000000aa200000, 0x00000000aa200000| Untracked 
| 163|0x00000000aa300000, 0x00000000aa300000, 0x00000000aa400000|  0%| F|  |TAMS 0x00000000aa300000, 0x00000000aa300000| Untracked 
| 164|0x00000000aa400000, 0x00000000aa400000, 0x00000000aa500000|  0%| F|  |TAMS 0x00000000aa400000, 0x00000000aa400000| Untracked 
| 165|0x00000000aa500000, 0x00000000aa500000, 0x00000000aa600000|  0%| F|  |TAMS 0x00000000aa500000, 0x00000000aa500000| Untracked 
| 166|0x00000000aa600000, 0x00000000aa600000, 0x00000000aa700000|  0%| F|  |TAMS 0x00000000aa600000, 0x00000000aa600000| Untracked 
| 167|0x00000000aa700000, 0x00000000aa700000, 0x00000000aa800000|  0%| F|  |TAMS 0x00000000aa700000, 0x00000000aa700000| Untracked 
| 168|0x00000000aa800000, 0x00000000aa800000, 0x00000000aa900000|  0%| F|  |TAMS 0x00000000aa800000, 0x00000000aa800000| Untracked 
| 169|0x00000000aa900000, 0x00000000aa900000, 0x00000000aaa00000|  0%| F|  |TAMS 0x00000000aa900000, 0x00000000aa900000| Untracked 
| 170|0x00000000aaa00000, 0x00000000aaa00000, 0x00000000aab00000|  0%| F|  |TAMS 0x00000000aaa00000, 0x00000000aaa00000| Untracked 
| 171|0x00000000aab00000, 0x00000000aab00000, 0x00000000aac00000|  0%| F|  |TAMS 0x00000000aab00000, 0x00000000aab00000| Untracked 
| 172|0x00000000aac00000, 0x00000000aac00000, 0x00000000aad00000|  0%| F|  |TAMS 0x00000000aac00000, 0x00000000aac00000| Untracked 
| 173|0x00000000aad00000, 0x00000000aad00000, 0x00000000aae00000|  0%| F|  |TAMS 0x00000000aad00000, 0x00000000aad00000| Untracked 
| 174|0x00000000aae00000, 0x00000000aae00000, 0x00000000aaf00000|  0%| F|  |TAMS 0x00000000aae00000, 0x00000000aae00000| Untracked 
| 175|0x00000000aaf00000, 0x00000000aaf00000, 0x00000000ab000000|  0%| F|  |TAMS 0x00000000aaf00000, 0x00000000aaf00000| Untracked 
| 176|0x00000000ab000000, 0x00000000ab000000, 0x00000000ab100000|  0%| F|  |TAMS 0x00000000ab000000, 0x00000000ab000000| Untracked 
| 177|0x00000000ab100000, 0x00000000ab100000, 0x00000000ab200000|  0%| F|  |TAMS 0x00000000ab100000, 0x00000000ab100000| Untracked 
| 178|0x00000000ab200000, 0x00000000ab200000, 0x00000000ab300000|  0%| F|  |TAMS 0x00000000ab200000, 0x00000000ab200000| Untracked 
| 179|0x00000000ab300000, 0x00000000ab300000, 0x00000000ab400000|  0%| F|  |TAMS 0x00000000ab300000, 0x00000000ab300000| Untracked 
| 180|0x00000000ab400000, 0x00000000ab400000, 0x00000000ab500000|  0%| F|  |TAMS 0x00000000ab400000, 0x00000000ab400000| Untracked 
| 181|0x00000000ab500000, 0x00000000ab500000, 0x00000000ab600000|  0%| F|  |TAMS 0x00000000ab500000, 0x00000000ab500000| Untracked 
| 182|0x00000000ab600000, 0x00000000ab600000, 0x00000000ab700000|  0%| F|  |TAMS 0x00000000ab600000, 0x00000000ab600000| Untracked 
| 183|0x00000000ab700000, 0x00000000ab700000, 0x00000000ab800000|  0%| F|  |TAMS 0x00000000ab700000, 0x00000000ab700000| Untracked 
| 184|0x00000000ab800000, 0x00000000ab800000, 0x00000000ab900000|  0%| F|  |TAMS 0x00000000ab800000, 0x00000000ab800000| Untracked 
| 185|0x00000000ab900000, 0x00000000ab900000, 0x00000000aba00000|  0%| F|  |TAMS 0x00000000ab900000, 0x00000000ab900000| Untracked 
| 186|0x00000000aba00000, 0x00000000aba00000, 0x00000000abb00000|  0%| F|  |TAMS 0x00000000aba00000, 0x00000000aba00000| Untracked 
| 187|0x00000000abb00000, 0x00000000abb00000, 0x00000000abc00000|  0%| F|  |TAMS 0x00000000abb00000, 0x00000000abb00000| Untracked 
| 188|0x00000000abc00000, 0x00000000abc00000, 0x00000000abd00000|  0%| F|  |TAMS 0x00000000abc00000, 0x00000000abc00000| Untracked 
| 189|0x00000000abd00000, 0x00000000abd00000, 0x00000000abe00000|  0%| F|  |TAMS 0x00000000abd00000, 0x00000000abd00000| Untracked 
| 190|0x00000000abe00000, 0x00000000abe00000, 0x00000000abf00000|  0%| F|  |TAMS 0x00000000abe00000, 0x00000000abe00000| Untracked 
| 191|0x00000000abf00000, 0x00000000abf00000, 0x00000000ac000000|  0%| F|  |TAMS 0x00000000abf00000, 0x00000000abf00000| Untracked 
| 192|0x00000000ac000000, 0x00000000ac000000, 0x00000000ac100000|  0%| F|  |TAMS 0x00000000ac000000, 0x00000000ac000000| Untracked 
| 193|0x00000000ac100000, 0x00000000ac100000, 0x00000000ac200000|  0%| F|  |TAMS 0x00000000ac100000, 0x00000000ac100000| Untracked 
| 194|0x00000000ac200000, 0x00000000ac200000, 0x00000000ac300000|  0%| F|  |TAMS 0x00000000ac200000, 0x00000000ac200000| Untracked 
| 195|0x00000000ac300000, 0x00000000ac300000, 0x00000000ac400000|  0%| F|  |TAMS 0x00000000ac300000, 0x00000000ac300000| Untracked 
| 196|0x00000000ac400000, 0x00000000ac400000, 0x00000000ac500000|  0%| F|  |TAMS 0x00000000ac400000, 0x00000000ac400000| Untracked 
| 197|0x00000000ac500000, 0x00000000ac500000, 0x00000000ac600000|  0%| F|  |TAMS 0x00000000ac500000, 0x00000000ac500000| Untracked 
| 198|0x00000000ac600000, 0x00000000ac600000, 0x00000000ac700000|  0%| F|  |TAMS 0x00000000ac600000, 0x00000000ac600000| Untracked 
| 199|0x00000000ac700000, 0x00000000ac700000, 0x00000000ac800000|  0%| F|  |TAMS 0x00000000ac700000, 0x00000000ac700000| Untracked 
| 200|0x00000000ac800000, 0x00000000ac829cc8, 0x00000000ac900000| 16%| E|  |TAMS 0x00000000ac800000, 0x00000000ac800000| Complete 
| 201|0x00000000ac900000, 0x00000000aca00000, 0x00000000aca00000|100%| E|CS|TAMS 0x00000000ac900000, 0x00000000ac900000| Complete 
| 202|0x00000000aca00000, 0x00000000acb00000, 0x00000000acb00000|100%| E|CS|TAMS 0x00000000aca00000, 0x00000000aca00000| Complete 
| 203|0x00000000acb00000, 0x00000000acc00000, 0x00000000acc00000|100%| E|CS|TAMS 0x00000000acb00000, 0x00000000acb00000| Complete 
| 204|0x00000000acc00000, 0x00000000acd00000, 0x00000000acd00000|100%| E|CS|TAMS 0x00000000acc00000, 0x00000000acc00000| Complete 

Card table byte_map: [0x0000025828640000,0x0000025828940000] _byte_map_base: 0x0000025828140000

Marking Bits (Prev, Next): (CMBitMap*) 0x0000025815536218, (CMBitMap*) 0x0000025815536250
 Prev Bits: [0x0000025828c40000, 0x000002582a440000)
 Next Bits: [0x000002582a440000, 0x000002582bc40000)

Polling page: 0x0000025814ce0000

Metaspace:

Usage:
  Non-class:     73.39 MB capacity,    71.25 MB ( 97%) used,     1.92 MB (  3%) free+waste,   229.69 KB ( <1%) overhead. 
      Class:     11.58 MB capacity,    10.50 MB ( 91%) used,   998.36 KB (  8%) free+waste,   108.38 KB ( <1%) overhead. 
       Both:     84.97 MB capacity,    81.74 MB ( 96%) used,     2.89 MB (  3%) free+waste,   338.06 KB ( <1%) overhead. 

Virtual space:
  Non-class space:       74.00 MB reserved,      73.50 MB (>99%) committed 
      Class space:        1.00 GB reserved,      11.63 MB (  1%) committed 
             Both:        1.07 GB reserved,      85.13 MB (  8%) committed 

Chunk freelists:
   Non-Class:  50.00 KB
       Class:  0 bytes
        Both:  50.00 KB

MaxMetaspaceSize: 17179869184.00 GB
CompressedClassSpaceSize: 1.00 GB

CodeHeap 'non-profiled nmethods': size=120000Kb used=5684Kb max_used=5684Kb free=114315Kb
 bounds [0x0000025820ac0000, 0x0000025821050000, 0x0000025827ff0000]
CodeHeap 'profiled nmethods': size=120000Kb used=22949Kb max_used=22949Kb free=97050Kb
 bounds [0x0000025819590000, 0x000002581ac00000, 0x0000025820ac0000]
CodeHeap 'non-nmethods': size=5760Kb used=2265Kb max_used=2315Kb free=3494Kb
 bounds [0x0000025818ff0000, 0x0000025819260000, 0x0000025819590000]
 total_blobs=11378 nmethods=10524 adapters=764
 compilation: enabled
              stopped_count=0, restarted_count=0
 full_count=0

Compilation events (20 events):
Event: 342.729 Thread 0x000002582efc7000 nmethod 10792 0x000002582104ce10 code [0x000002582104cfa0, 0x000002582104d028]
Event: 342.927 Thread 0x000002582efc8800 10793       3       java.io.File::getCanonicalFile (21 bytes)
Event: 342.965 Thread 0x000002582efc8800 nmethod 10793 0x000002581abe6710 code [0x000002581abe6940, 0x000002581abe6ec8]
Event: 343.477 Thread 0x000002582efc8800 10794       3       org.gradle.internal.service.DefaultServiceRegistry::addProvider (11 bytes)
Event: 343.544 Thread 0x000002582efc8800 nmethod 10794 0x000002581abe7090 code [0x000002581abe7260, 0x000002581abe73d8]
Event: 343.689 Thread 0x000002582efc8800 10795       3       jdk.internal.reflect.MethodAccessorGenerator::generate (762 bytes)
Event: 344.006 Thread 0x000002582efc8800 nmethod 10795 0x000002581abe7490 code [0x000002581abe83a0, 0x000002581abf0558]
Event: 344.252 Thread 0x000002582efc7000 10796       4       org.gradle.internal.service.DefaultServiceRegistry$OwnServices$ProviderAnalyser::analyseType (114 bytes)
Event: 344.271 Thread 0x000002582efc8800 10797       3       org.gradle.internal.service.DefaultServiceRegistry$1::add (24 bytes)
Event: 344.278 Thread 0x000002582efc8800 nmethod 10797 0x000002581abf4010 code [0x000002581abf41e0, 0x000002581abf4458]
Event: 344.278 Thread 0x000002582efc8800 10799       3       org.gradle.internal.service.DefaultServiceRegistry$ConstructorService::<init> (145 bytes)
Event: 344.445 Thread 0x000002582efc8800 nmethod 10799 0x000002581abf4610 code [0x000002581abf4ae0, 0x000002581abf6ec8]
Event: 344.445 Thread 0x000002582efc8800 10798       3       org.gradle.internal.service.DefaultServiceRegistry$ConstructorService::<init> (7 bytes)
Event: 344.446 Thread 0x000002582efc8800 nmethod 10798 0x000002581abf7b90 code [0x000002581abf7d40, 0x000002581abf7e68]
Event: 344.733 Thread 0x000002582efc8800 10800       3       org.gradle.internal.event.DefaultListenerManager$EventBroadcast$ListenerDispatch::<init> (16 bytes)
Event: 344.754 Thread 0x000002582efc8800 nmethod 10800 0x000002581abf7f10 code [0x000002581abf80e0, 0x000002581abf8358]
Event: 344.779 Thread 0x000002582efc8800 10801   !   3       org.gradle.internal.FileUtils::canonicalize (15 bytes)
Event: 344.798 Thread 0x000002582efc8800 nmethod 10801 0x000002581abf8490 code [0x000002581abf86e0, 0x000002581abf8e38]
Event: 344.889 Thread 0x000002582efc8800 10802       3       java.lang.invoke.Invokers::maybeCustomize (28 bytes)
Event: 344.907 Thread 0x000002582efc8800 nmethod 10802 0x000002581abf9190 code [0x000002581abf9340, 0x000002581abf9528]

GC Heap History (20 events):
Event: 39.213 GC heap before
{Heap before GC invocations=49 (full 0):
 garbage-first heap   total 117760K, used 84718K [0x00000000a0000000, 0x0000000100000000)
  region size 1024K, 31 young (31744K), 4 survivors (4096K)
 Metaspace       used 67344K, capacity 69084K, committed 69248K, reserved 1110016K
  class space    used 8695K, capacity 9292K, committed 9344K, reserved 1048576K
}
Event: 39.236 GC heap after
{Heap after GC invocations=50 (full 0):
 garbage-first heap   total 117760K, used 58943K [0x00000000a0000000, 0x0000000100000000)
  region size 1024K, 4 young (4096K), 4 survivors (4096K)
 Metaspace       used 67344K, capacity 69084K, committed 69248K, reserved 1110016K
  class space    used 8695K, capacity 9292K, committed 9344K, reserved 1048576K
}
Event: 40.210 GC heap before
{Heap before GC invocations=51 (full 0):
 garbage-first heap   total 117760K, used 86591K [0x00000000a0000000, 0x0000000100000000)
  region size 1024K, 31 young (31744K), 4 survivors (4096K)
 Metaspace       used 68094K, capacity 69924K, committed 70272K, reserved 1110016K
  class space    used 8838K, capacity 9489K, committed 9600K, reserved 1048576K
}
Event: 40.238 GC heap after
{Heap after GC invocations=52 (full 0):
 garbage-first heap   total 117760K, used 62033K [0x00000000a0000000, 0x0000000100000000)
  region size 1024K, 4 young (4096K), 4 survivors (4096K)
 Metaspace       used 68094K, capacity 69924K, committed 70272K, reserved 1110016K
  class space    used 8838K, capacity 9489K, committed 9600K, reserved 1048576K
}
Event: 41.687 GC heap before
{Heap before GC invocations=52 (full 0):
 garbage-first heap   total 117760K, used 89681K [0x00000000a0000000, 0x0000000100000000)
  region size 1024K, 31 young (31744K), 4 survivors (4096K)
 Metaspace       used 69177K, capacity 71188K, committed 71424K, reserved 1112064K
  class space    used 8989K, capacity 9721K, committed 9728K, reserved 1048576K
}
Event: 41.718 GC heap after
{Heap after GC invocations=53 (full 0):
 garbage-first heap   total 153600K, used 64615K [0x00000000a0000000, 0x0000000100000000)
  region size 1024K, 3 young (3072K), 3 survivors (3072K)
 Metaspace       used 69177K, capacity 71188K, committed 71424K, reserved 1112064K
  class space    used 8989K, capacity 9721K, committed 9728K, reserved 1048576K
}
Event: 43.754 GC heap before
{Heap before GC invocations=54 (full 0):
 garbage-first heap   total 153600K, used 104551K [0x00000000a0000000, 0x0000000100000000)
  region size 1024K, 42 young (43008K), 3 survivors (3072K)
 Metaspace       used 70527K, capacity 72681K, committed 72960K, reserved 1112064K
  class space    used 9170K, capacity 9928K, committed 9984K, reserved 1048576K
}
Event: 43.807 GC heap after
{Heap after GC invocations=55 (full 0):
 garbage-first heap   total 153600K, used 71372K [0x00000000a0000000, 0x0000000100000000)
  region size 1024K, 6 young (6144K), 6 survivors (6144K)
 Metaspace       used 70527K, capacity 72681K, committed 72960K, reserved 1112064K
  class space    used 9170K, capacity 9928K, committed 9984K, reserved 1048576K
}
Event: 45.847 GC heap before
{Heap before GC invocations=55 (full 0):
 garbage-first heap   total 153600K, used 113356K [0x00000000a0000000, 0x0000000100000000)
  region size 1024K, 48 young (49152K), 6 survivors (6144K)
 Metaspace       used 71294K, capacity 73854K, committed 73984K, reserved 1114112K
  class space    used 9242K, capacity 10127K, committed 10240K, reserved 1048576K
}
Event: 45.927 GC heap after
{Heap after GC invocations=56 (full 0):
 garbage-first heap   total 153600K, used 78126K [0x00000000a0000000, 0x0000000100000000)
  region size 1024K, 6 young (6144K), 6 survivors (6144K)
 Metaspace       used 71294K, capacity 73854K, committed 73984K, reserved 1114112K
  class space    used 9242K, capacity 10127K, committed 10240K, reserved 1048576K
}
Event: 46.621 GC heap before
{Heap before GC invocations=56 (full 0):
 garbage-first heap   total 153600K, used 95534K [0x00000000a0000000, 0x0000000100000000)
  region size 1024K, 25 young (25600K), 6 survivors (6144K)
 Metaspace       used 71631K, capacity 74484K, committed 74496K, reserved 1114112K
  class space    used 9291K, capacity 10240K, committed 10240K, reserved 1048576K
}
Event: 46.686 GC heap after
{Heap after GC invocations=57 (full 0):
 garbage-first heap   total 153600K, used 82149K [0x00000000a0000000, 0x0000000100000000)
  region size 1024K, 4 young (4096K), 4 survivors (4096K)
 Metaspace       used 71631K, capacity 74484K, committed 74496K, reserved 1114112K
  class space    used 9291K, capacity 10240K, committed 10240K, reserved 1048576K
}
Event: 49.295 GC heap before
{Heap before GC invocations=58 (full 0):
 garbage-first heap   total 153600K, used 115941K [0x00000000a0000000, 0x0000000100000000)
  region size 1024K, 34 young (34816K), 4 survivors (4096K)
 Metaspace       used 72830K, capacity 75831K, committed 76032K, reserved 1114112K
  class space    used 9445K, capacity 10434K, committed 10496K, reserved 1048576K
}
Event: 49.383 GC heap after
{Heap after GC invocations=59 (full 0):
 garbage-first heap   total 209920K, used 91136K [0x00000000a0000000, 0x0000000100000000)
  region size 1024K, 5 young (5120K), 5 survivors (5120K)
 Metaspace       used 72830K, capacity 75831K, committed 76032K, reserved 1114112K
  class space    used 9445K, capacity 10434K, committed 10496K, reserved 1048576K
}
Event: 52.403 GC heap before
{Heap before GC invocations=59 (full 0):
 garbage-first heap   total 209920K, used 139264K [0x00000000a0000000, 0x0000000100000000)
  region size 1024K, 52 young (53248K), 5 survivors (5120K)
 Metaspace       used 76915K, capacity 80036K, committed 80256K, reserved 1118208K
  class space    used 10031K, capacity 11097K, committed 11136K, reserved 1048576K
}
Event: 52.482 GC heap after
{Heap after GC invocations=60 (full 0):
 garbage-first heap   total 209920K, used 96422K [0x00000000a0000000, 0x0000000100000000)
  region size 1024K, 5 young (5120K), 5 survivors (5120K)
 Metaspace       used 76915K, capacity 80036K, committed 80256K, reserved 1118208K
  class space    used 10031K, capacity 11097K, committed 11136K, reserved 1048576K
}
Event: 55.955 GC heap before
{Heap before GC invocations=60 (full 0):
 garbage-first heap   total 209920K, used 147622K [0x00000000a0000000, 0x0000000100000000)
  region size 1024K, 55 young (56320K), 5 survivors (5120K)
 Metaspace       used 78685K, capacity 81851K, committed 82048K, reserved 1120256K
  class space    used 10257K, capacity 11321K, committed 11392K, reserved 1048576K
}
Event: 56.049 GC heap after
{Heap after GC invocations=61 (full 0):
 garbage-first heap   total 209920K, used 104284K [0x00000000a0000000, 0x0000000100000000)
  region size 1024K, 7 young (7168K), 7 survivors (7168K)
 Metaspace       used 78685K, capacity 81851K, committed 82048K, reserved 1120256K
  class space    used 10257K, capacity 11321K, committed 11392K, reserved 1048576K
}
Event: 194.359 GC heap before
{Heap before GC invocations=61 (full 0):
 garbage-first heap   total 209920K, used 153436K [0x00000000a0000000, 0x0000000100000000)
  region size 1024K, 56 young (57344K), 7 survivors (7168K)
 Metaspace       used 83594K, capacity 86934K, committed 87168K, reserved 1124352K
  class space    used 10747K, capacity 11854K, committed 11904K, reserved 1048576K
}
Event: 194.777 GC heap after
{Heap after GC invocations=62 (full 0):
 garbage-first heap   total 209920K, used 107368K [0x00000000a0000000, 0x0000000100000000)
  region size 1024K, 3 young (3072K), 3 survivors (3072K)
 Metaspace       used 83594K, capacity 86934K, committed 87168K, reserved 1124352K
  class space    used 10747K, capacity 11854K, committed 11904K, reserved 1048576K
}

Deoptimization events (20 events):
Event: 103.751 Thread 0x0000025833925800 DEOPT UNPACKING pc=0x00000258190178af sp=0x0000007ced6fddc8 mode 2
Event: 103.751 Thread 0x000002583114d800 DEOPT PACKING pc=0x0000025820cf3bbc sp=0x0000007cec7fdb20
Event: 103.750 Thread 0x0000025833923000 DEOPT PACKING pc=0x0000025820cf3bbc sp=0x0000007ced3fdec0
Event: 103.750 Thread 0x0000025831bd3000 DEOPT UNPACKING pc=0x00000258190178af sp=0x0000007ceeafdc48 mode 2
Event: 103.751 Thread 0x000002583114d800 DEOPT UNPACKING pc=0x00000258190178af sp=0x0000007cec7fdad8 mode 2
Event: 103.751 Thread 0x0000025833926800 DEOPT PACKING pc=0x0000025820cf3bbc sp=0x0000007ced7fe100
Event: 103.751 Thread 0x0000025833926800 DEOPT UNPACKING pc=0x00000258190178af sp=0x0000007ced7fe0b8 mode 2
Event: 103.751 Thread 0x0000025833923000 DEOPT UNPACKING pc=0x00000258190178af sp=0x0000007ced3fde78 mode 2
Event: 162.101 Thread 0x0000025830a3a000 DEOPT PACKING pc=0x000002581ab51a31 sp=0x0000007ce69fe4a0
Event: 162.106 Thread 0x0000025830a3a000 DEOPT UNPACKING pc=0x00000258190176ce sp=0x0000007ce69fd968 mode 0
Event: 202.131 Thread 0x0000025830a3a000 DEOPT PACKING pc=0x000002581ab12796 sp=0x0000007ce69fda00
Event: 202.133 Thread 0x0000025830a3a000 DEOPT UNPACKING pc=0x00000258190176ce sp=0x0000007ce69fcec0 mode 0
Event: 344.854 Thread 0x0000025833835000 Uncommon trap: trap_request=0xffffff4d fr.pc=0x0000025820eba618 relative=0x0000000000001a98
Event: 344.862 Thread 0x0000025833835000 Uncommon trap: reason=unstable_if action=reinterpret pc=0x0000025820eba618 method=org.gradle.cache.internal.DefaultCrossBuildInMemoryCacheFactory$AbstractCrossBuildInMemoryCache.getIfPresent(Ljava/lang/Object;)Ljava/lang/Object; @ 24 c2
Event: 344.863 Thread 0x0000025833835000 DEOPT PACKING pc=0x0000025820eba618 sp=0x0000007ce67fb650
Event: 344.866 Thread 0x0000025833835000 DEOPT UNPACKING pc=0x00000258190178af sp=0x0000007ce67fb458 mode 2
Event: 344.891 Thread 0x0000025833835000 Uncommon trap: trap_request=0xffffff4d fr.pc=0x0000025820f60ed8 relative=0x00000000000003d8
Event: 344.891 Thread 0x0000025833835000 Uncommon trap: reason=unstable_if action=reinterpret pc=0x0000025820f60ed8 method=org.gradle.cache.internal.DefaultCrossBuildInMemoryCacheFactory$AbstractCrossBuildInMemoryCache.getIfPresent(Ljava/lang/Object;)Ljava/lang/Object; @ 24 c2
Event: 344.891 Thread 0x0000025833835000 DEOPT PACKING pc=0x0000025820f60ed8 sp=0x0000007ce67fd420
Event: 344.894 Thread 0x0000025833835000 DEOPT UNPACKING pc=0x00000258190178af sp=0x0000007ce67fd3c8 mode 2

Classes redefined (0 events):
No events

Internal exceptions (20 events):
Event: 58.696 Thread 0x0000025830c41000 Exception <a 'java/lang/ClassNotFoundException'{0x00000000ab124258}: org/gradle/api/logging/LogLevelCustomizer> (0x00000000ab124258) thrown at [./src/hotspot/share/classfile/systemDictionary.cpp, line 231]
Event: 58.708 Thread 0x0000025830c41000 Exception <a 'java/lang/ClassNotFoundException'{0x00000000ab186c18}: org/gradle/internal/logging/compatbridge/LoggingManagerInternalCompatibilityBridgeBeanInfo> (0x00000000ab186c18) thrown at [./src/hotspot/share/classfile/systemDictionary.cpp, line 231]
Event: 58.710 Thread 0x0000025830c41000 Exception <a 'java/lang/ClassNotFoundException'{0x00000000ab1bb640}: org/gradle/internal/logging/compatbridge/LoggingManagerInternalCompatibilityBridgeCustomizer> (0x00000000ab1bb640) thrown at [./src/hotspot/share/classfile/systemDictionary.cpp, line 231]
Event: 69.501 Thread 0x0000025835a7d000 Exception <a 'java/lang/NoSuchMethodError'{0x00000000ab0cc850}: 'void java.lang.invoke.DirectMethodHandle$Holder.invokeStatic(java.lang.Object, long)'> (0x00000000ab0cc850) thrown at [./src/hotspot/share/interpreter/linkResolver.cpp, line 773]
Event: 69.687 Thread 0x0000025835a7d000 Exception <a 'java/lang/NoSuchMethodError'{0x00000000ab0d1a68}: 'java.lang.Object java.lang.invoke.DirectMethodHandle$Holder.invokeStatic(java.lang.Object, long)'> (0x00000000ab0d1a68) thrown at [./src/hotspot/share/interpreter/linkResolver.cpp, line 773]
Event: 69.749 Thread 0x0000025835a7d000 Exception <a 'java/lang/NoSuchMethodError'{0x00000000ab0e0140}: 'java.lang.Object java.lang.invoke.DirectMethodHandle$Holder.invokeStaticInit(java.lang.Object, java.lang.Object, long, java.lang.Object)'> (0x00000000ab0e0140) thrown at [./src/hotspot/share/interpreter/linkResolver.cpp, line 773]
Event: 69.758 Thread 0x0000025835a7d000 Exception <a 'java/lang/NoSuchMethodError'{0x00000000ab0e6270}: 'java.lang.Object java.lang.invoke.DirectMethodHandle$Holder.invokeStatic(java.lang.Object, java.lang.Object, long)'> (0x00000000ab0e6270) thrown at [./src/hotspot/share/interpreter/linkResolver.cpp, line 773]
Event: 69.765 Thread 0x0000025835a7d000 Exception <a 'java/lang/NoSuchMethodError'{0x00000000ab0ec798}: 'java.lang.Object java.lang.invoke.Invokers$Holder.linkToTargetMethod(java.lang.Object, long, java.lang.Object)'> (0x00000000ab0ec798) thrown at [./src/hotspot/share/interpreter/linkResolver.cpp, line 773]
Event: 77.650 Thread 0x0000025830c41000 Exception <a 'java/lang/reflect/InvocationTargetException'{0x00000000ab02a4f8}> (0x00000000ab02a4f8) thrown at [./src/hotspot/share/runtime/reflection.cpp, line 1247]
Event: 78.648 Thread 0x0000025830c41000 Exception <a 'java/lang/NoSuchMethodError'{0x00000000aaec5e68}: 'void java.lang.invoke.DirectMethodHandle$Holder.invokeInterface(java.lang.Object, java.lang.Object)'> (0x00000000aaec5e68) thrown at [./src/hotspot/share/interpreter/linkResolver.cpp, line 773]
Event: 79.281 Thread 0x0000025830c41000 Exception <a 'java/lang/NoSuchMethodError'{0x00000000aad64f18}: 'java.lang.Object java.lang.invoke.DirectMethodHandle$Holder.invokeSpecial(java.lang.Object, java.lang.Object, java.lang.Object, int, int, java.lang.Object, java.lang.Object)'> (0x00000000aad64f18) thrown at [./src/hotspot/share/interpreter/linkResolver.cpp, line 773]
Event: 79.285 Thread 0x0000025830c41000 Exception <a 'java/lang/NoSuchMethodError'{0x00000000aad6e080}: 'java.lang.Object java.lang.invoke.DirectMethodHandle$Holder.invokeStatic(java.lang.Object, java.lang.Object, java.lang.Object, int, int, java.lang.Object)'> (0x00000000aad6e080) thrown at [./src/hotspot/share/interpreter/linkResolver.cpp, line 773]
Event: 79.289 Thread 0x0000025830c41000 Exception <a 'java/lang/NoSuchMethodError'{0x00000000aad71da0}: 'java.lang.Object java.lang.invoke.DirectMethodHandle$Holder.invokeSpecial(java.lang.Object, java.lang.Object, java.lang.Object, java.lang.Object, int, int, java.lang.Object)'> (0x00000000aad71da0) thrown at [./src/hotspot/share/interpreter/linkResolver.cpp, line 773]
Event: 79.290 Thread 0x0000025830c41000 Exception <a 'java/lang/NoSuchMethodError'{0x00000000aad752c0}: 'java.lang.Object java.lang.invoke.Invokers$Holder.linkToTargetMethod(java.lang.Object, java.lang.Object, int, int, java.lang.Object, java.lang.Object)'> (0x00000000aad752c0) thrown at [./src/hotspot/share/interpreter/linkResolver.cpp, line 773]
Event: 79.308 Thread 0x0000025830c41000 Implicit null exception at 0x0000025820f4c5af to 0x0000025820f4c5fc
Event: 80.092 Thread 0x000002582feb8800 Exception <a 'java/lang/NoSuchMethodError'{0x00000000a9f281f0}: <clinit>> (0x00000000a9f281f0) thrown at [./src/hotspot/share/prims/jni.cpp, line 1362]
Event: 80.102 Thread 0x000002582feb8800 Exception <a 'java/lang/NoSuchMethodError'{0x00000000a9f40888}: <clinit>> (0x00000000a9f40888) thrown at [./src/hotspot/share/prims/jni.cpp, line 1362]
Event: 80.102 Thread 0x000002582feb8800 Exception <a 'java/lang/NoSuchMethodError'{0x00000000a9f41f70}: <clinit>> (0x00000000a9f41f70) thrown at [./src/hotspot/share/prims/jni.cpp, line 1362]
Event: 80.106 Thread 0x000002582feb8800 Exception <a 'java/lang/NoSuchMethodError'{0x00000000a9f54388}: <clinit>> (0x00000000a9f54388) thrown at [./src/hotspot/share/prims/jni.cpp, line 1362]
Event: 80.108 Thread 0x000002582feb8800 Exception <a 'java/lang/NoSuchMethodError'{0x00000000a9f604d8}: <clinit>> (0x00000000a9f604d8) thrown at [./src/hotspot/share/prims/jni.cpp, line 1362]

Events (20 events):
Event: 343.295 Thread 0x0000025833838000 Thread added: 0x0000025833838000
Event: 343.315 Thread 0x0000025833839800 Thread added: 0x0000025833839800
Event: 343.315 Executing VM operation: RevokeBias
Event: 343.318 Executing VM operation: RevokeBias done
Event: 343.611 Executing VM operation: RevokeBias
Event: 343.612 Executing VM operation: RevokeBias done
Event: 344.041 Executing VM operation: RevokeBias
Event: 344.045 Executing VM operation: RevokeBias done
Event: 344.054 Executing VM operation: RevokeBias
Event: 344.054 Executing VM operation: RevokeBias done
Event: 344.174 Executing VM operation: BulkRevokeBias
Event: 344.189 Executing VM operation: BulkRevokeBias done
Event: 344.771 Executing VM operation: RevokeBias
Event: 344.772 Executing VM operation: RevokeBias done
Event: 344.772 Executing VM operation: RevokeBias
Event: 344.772 Executing VM operation: RevokeBias done
Event: 344.856 Executing VM operation: RevokeBias
Event: 344.860 Executing VM operation: RevokeBias done
Event: 344.996 Executing VM operation: RevokeBias
Event: 344.996 Executing VM operation: RevokeBias done


Dynamic libraries:
0x00007ff717070000 - 0x00007ff71707a000 	C:\Program Files\Android\Android Studio\jre\bin\java.exe
0x00007ffce45d0000 - 0x00007ffce47c5000 	C:\WINDOWS\SYSTEM32\ntdll.dll
0x00007ffce2620000 - 0x00007ffce26de000 	C:\WINDOWS\System32\KERNEL32.DLL
0x00007ffce1ff0000 - 0x00007ffce22b9000 	C:\WINDOWS\System32\KERNELBASE.dll
0x00007ffce22c0000 - 0x00007ffce23c0000 	C:\WINDOWS\System32\ucrtbase.dll
0x00007ffccfc50000 - 0x00007ffccfc69000 	C:\Program Files\Android\Android Studio\jre\bin\jli.dll
0x00007ffccfc30000 - 0x00007ffccfc47000 	C:\Program Files\Android\Android Studio\jre\bin\VCRUNTIME140.dll
0x00007ffce2eb0000 - 0x00007ffce3051000 	C:\WINDOWS\System32\USER32.dll
0x00007ffce2470000 - 0x00007ffce2492000 	C:\WINDOWS\System32\win32u.dll
0x00007ffce2ba0000 - 0x00007ffce2bcb000 	C:\WINDOWS\System32\GDI32.dll
0x00007ffcd04f0000 - 0x00007ffcd078a000 	C:\WINDOWS\WinSxS\amd64_microsoft.windows.common-controls_6595b64144ccf1df_6.0.19041.1110_none_60b5254171f9507e\COMCTL32.dll
0x00007ffce1d20000 - 0x00007ffce1e2b000 	C:\WINDOWS\System32\gdi32full.dll
0x00007ffce2580000 - 0x00007ffce261d000 	C:\WINDOWS\System32\msvcp_win.dll
0x00007ffce2d60000 - 0x00007ffce2dfe000 	C:\WINDOWS\System32\msvcrt.dll
0x00007ffce2d30000 - 0x00007ffce2d60000 	C:\WINDOWS\System32\IMM32.DLL
0x00007ffcb66d0000 - 0x00007ffcb676d000 	C:\Program Files\Android\Android Studio\jre\bin\msvcp140.dll
0x00007ffc980f0000 - 0x00007ffc98bbf000 	C:\Program Files\Android\Android Studio\jre\bin\server\jvm.dll
0x00007ffce2bd0000 - 0x00007ffce2c7c000 	C:\WINDOWS\System32\ADVAPI32.dll
0x00007ffce2e10000 - 0x00007ffce2eab000 	C:\WINDOWS\System32\sechost.dll
0x00007ffce29b0000 - 0x00007ffce2ada000 	C:\WINDOWS\System32\RPCRT4.dll
0x00007ffce3c30000 - 0x00007ffce3c38000 	C:\WINDOWS\System32\PSAPI.DLL
0x00007ffccc1d0000 - 0x00007ffccc1d9000 	C:\WINDOWS\SYSTEM32\WSOCK32.dll
0x00007ffcdae30000 - 0x00007ffcdae3a000 	C:\WINDOWS\SYSTEM32\VERSION.dll
0x00007ffcd2400000 - 0x00007ffcd2427000 	C:\WINDOWS\SYSTEM32\WINMM.dll
0x00007ffce35d0000 - 0x00007ffce363b000 	C:\WINDOWS\System32\WS2_32.dll
0x00007ffce0570000 - 0x00007ffce0582000 	C:\WINDOWS\SYSTEM32\kernel.appcore.dll
0x00007ffccfb40000 - 0x00007ffccfb51000 	C:\Program Files\Android\Android Studio\jre\bin\verify.dll
0x00007ffcdfb00000 - 0x00007ffcdfce4000 	C:\WINDOWS\SYSTEM32\DBGHELP.DLL
0x00007ffcc89f0000 - 0x00007ffcc8a1c000 	C:\WINDOWS\SYSTEM32\dbgcore.DLL
0x00007ffce24a0000 - 0x00007ffce2523000 	C:\WINDOWS\System32\bcryptPrimitives.dll
0x00007ffcbdc20000 - 0x00007ffcbdc49000 	C:\Program Files\Android\Android Studio\jre\bin\java.dll
0x00007ffcdeda0000 - 0x00007ffcdedab000 	C:\Program Files\Android\Android Studio\jre\bin\jimage.dll
0x00007ffccfb10000 - 0x00007ffccfb28000 	C:\Program Files\Android\Android Studio\jre\bin\zip.dll
0x00007ffce3c40000 - 0x00007ffce437f000 	C:\WINDOWS\System32\SHELL32.dll
0x00007ffcdfdd0000 - 0x00007ffce0560000 	C:\WINDOWS\SYSTEM32\windows.storage.dll
0x00007ffce3640000 - 0x00007ffce3995000 	C:\WINDOWS\System32\combase.dll
0x00007ffce1740000 - 0x00007ffce176c000 	C:\WINDOWS\SYSTEM32\Wldp.dll
0x00007ffce39a0000 - 0x00007ffce3a4d000 	C:\WINDOWS\System32\SHCORE.dll
0x00007ffce2ae0000 - 0x00007ffce2b35000 	C:\WINDOWS\System32\shlwapi.dll
0x00007ffce1c30000 - 0x00007ffce1c4f000 	C:\WINDOWS\SYSTEM32\profapi.dll
0x00007ffccb180000 - 0x00007ffccb19a000 	C:\Program Files\Android\Android Studio\jre\bin\net.dll
0x00007ffcd7a20000 - 0x00007ffcd7b28000 	C:\WINDOWS\SYSTEM32\WINHTTP.dll
0x00007ffce14a0000 - 0x00007ffce150a000 	C:\WINDOWS\system32\mswsock.dll
0x00007ffcbdc00000 - 0x00007ffcbdc14000 	C:\Program Files\Android\Android Studio\jre\bin\nio.dll
0x00007ffcbdae0000 - 0x00007ffcbdb07000 	C:\Users\ASUS\.gradle\native\fdc75f09e3144964f2cf3f50f0aa648679c211496f362492102eb8c894070792\windows-amd64\native-platform.dll
0x00007ffcac700000 - 0x00007ffcac896000 	C:\Users\ASUS\.gradle\native\12488b8bf47d2d4c9fbf2f6322a914ad602e24e48041cd04a747c6da556b65c4\windows-amd64\native-platform-file-events.dll
0x00007ffcdbe80000 - 0x00007ffcdbe8a000 	C:\Program Files\Android\Android Studio\jre\bin\management.dll
0x00007ffcc7b70000 - 0x00007ffcc7b7c000 	C:\Program Files\Android\Android Studio\jre\bin\management_ext.dll
0x00007ffce1690000 - 0x00007ffce16a8000 	C:\WINDOWS\SYSTEM32\CRYPTSP.dll
0x00007ffce0db0000 - 0x00007ffce0de4000 	C:\WINDOWS\system32\rsaenh.dll
0x00007ffce1cf0000 - 0x00007ffce1d17000 	C:\WINDOWS\System32\bcrypt.dll
0x00007ffce1bf0000 - 0x00007ffce1c1e000 	C:\WINDOWS\SYSTEM32\USERENV.dll
0x00007ffce16b0000 - 0x00007ffce16bc000 	C:\WINDOWS\SYSTEM32\CRYPTBASE.dll
0x00007ffce1140000 - 0x00007ffce117b000 	C:\WINDOWS\SYSTEM32\IPHLPAPI.DLL
0x00007ffce2e00000 - 0x00007ffce2e08000 	C:\WINDOWS\System32\NSI.dll
0x00007ffcda510000 - 0x00007ffcda527000 	C:\WINDOWS\SYSTEM32\dhcpcsvc6.DLL
0x00007ffcdad40000 - 0x00007ffcdad5d000 	C:\WINDOWS\SYSTEM32\dhcpcsvc.DLL
0x00007ffce1180000 - 0x00007ffce124c000 	C:\WINDOWS\SYSTEM32\DNSAPI.dll
0x00007ffcdae40000 - 0x00007ffcdae4b000 	C:\WINDOWS\SYSTEM32\WINNSI.DLL

dbghelp: loaded successfully - version: 4.0.5 - missing functions: none
symbol engine: initialized successfully - sym options: 0x614 - pdb path: .;C:\Program Files\Android\Android Studio\jre\bin;C:\WINDOWS\SYSTEM32;C:\WINDOWS\WinSxS\amd64_microsoft.windows.common-controls_6595b64144ccf1df_6.0.19041.1110_none_60b5254171f9507e;C:\Program Files\Android\Android Studio\jre\bin\server;C:\Users\ASUS\.gradle\native\fdc75f09e3144964f2cf3f50f0aa648679c211496f362492102eb8c894070792\windows-amd64;C:\Users\ASUS\.gradle\native\12488b8bf47d2d4c9fbf2f6322a914ad602e24e48041cd04a747c6da556b65c4\windows-amd64

VM Arguments:
jvm_args: --add-opens=java.base/java.util=ALL-UNNAMED --add-opens=java.base/java.lang=ALL-UNNAMED --add-opens=java.base/java.lang.invoke=ALL-UNNAMED --add-opens=java.prefs/java.util.prefs=ALL-UNNAMED -Xmx1536M -Dfile.encoding=windows-1252 -Duser.country=US -Duser.language=en -Duser.variant 
java_command: org.gradle.launcher.daemon.bootstrap.GradleDaemon 6.7
java_class_path (initial): C:\Users\ASUS\.gradle\wrapper\dists\gradle-6.7-all\cuy9mc7upwgwgeb72wkcrupxe\gradle-6.7\lib\gradle-launcher-6.7.jar
Launcher Type: SUN_STANDARD

[Global flags]
     intx CICompilerCount                          = 4                                         {product} {ergonomic}
     uint ConcGCThreads                            = 2                                         {product} {ergonomic}
     uint G1ConcRefinementThreads                  = 8                                         {product} {ergonomic}
   size_t G1HeapRegionSize                         = 1048576                                   {product} {ergonomic}
    uintx GCDrainStackTargetSize                   = 64                                        {product} {ergonomic}
   size_t InitialHeapSize                          = 65011712                                  {product} {ergonomic}
   size_t MarkStackSize                            = 4194304                                   {product} {ergonomic}
   size_t MaxHeapSize                              = 1610612736                                {product} {command line}
   size_t MaxNewSize                               = 965738496                                 {product} {ergonomic}
   size_t MinHeapDeltaBytes                        = 1048576                                   {product} {ergonomic}
    uintx NonNMethodCodeHeapSize                   = 5836300                                {pd product} {ergonomic}
    uintx NonProfiledCodeHeapSize                  = 122910970                              {pd product} {ergonomic}
    uintx ProfiledCodeHeapSize                     = 122910970                              {pd product} {ergonomic}
    uintx ReservedCodeCacheSize                    = 251658240                              {pd product} {ergonomic}
     bool SegmentedCodeCache                       = true                                      {product} {ergonomic}
     bool UseCompressedClassPointers               = true                                 {lp64_product} {ergonomic}
     bool UseCompressedOops                        = true                                 {lp64_product} {ergonomic}
     bool UseG1GC                                  = true                                      {product} {ergonomic}
     bool UseLargePagesIndividualAllocation        = false                                  {pd product} {ergonomic}

Logging:
Log output configuration:
 #0: stdout all=warning uptime,level,tags
 #1: stderr all=off uptime,level,tags

Environment Variables:
JAVA_HOME=C:\Program Files\Android\Android Studio\jre
CLASSPATH=C:\Users\ASUS\Documents\MP\tmj_finalproject\android\\gradle\wrapper\gradle-wrapper.jar
PATH=C:\Program Files (x86)\Common Files\Intel\Shared Libraries\redist\intel64\compiler;C:\Program Files (x86)\Common Files\Oracle\Java\javapath;C:\Windows\system32;C:\Windows;C:\Windows\System32\Wbem;C:\Windows\System32\WindowsPowerShell\v1.0\;C:\Windows\System32\OpenSSH\;C:\Program Files (x86)\NVIDIA Corporation\PhysX\Common;C:\Program Files\NVIDIA Corporation\NVIDIA NvDLISR;C:\Program Files\Java\jdk-14.0.2\bin;;C:\WINDOWS\system32;C:\WINDOWS;C:\WINDOWS\System32\Wbem;C:\WINDOWS\System32\WindowsPowerShell\v1.0\;C:\WINDOWS\System32\OpenSSH\;C:\Users\ASUS\AppData\Local\Microsoft\WindowsApps;C:\Users\ASUS\AppData\Local\Programs\Microsoft VS Code\bin;C:\src\flutter\bin;C:\src\flutter\bin\mingit\cmd
USERNAME=ASUS
OS=Windows_NT
PROCESSOR_IDENTIFIER=Intel64 Family 6 Model 158 Stepping 10, GenuineIntel



---------------  S Y S T E M  ---------------

OS: Windows 10 , 64 bit Build 19041 (10.0.19041.1202)
OS uptime: 1 days 20:00 hours

CPU:total 8 (initial active 8) (4 cores per cpu, 2 threads per core) family 6 model 158 stepping 10 microcode 0xd2, cmov, cx8, fxsr, mmx, sse, sse2, sse3, ssse3, sse4.1, sse4.2, popcnt, avx, avx2, aes, clmul, erms, 3dnowpref, lzcnt, ht, tsc, tscinvbit, bmi1, bmi2, adx, fma

Memory: 4k page, system-wide physical 3948M (14M free)
TotalPageFile size 16236M (AvailPageFile size 3M)
current process WorkingSet (physical memory assigned to process): 51M, peak: 206M
current process commit charge ("private bytes"): 484M, peak: 501M

vm_info: OpenJDK 64-Bit Server VM (11.0.10+0-b96-7249189) for windows-amd64 JRE (11.0.10+0-b96-7249189), built on Mar 31 2021 21:44:00 by "builder" with MS VC++ 14.0 (VS2015)

END.
