#
# There is insufficient memory for the Java Runtime Environment to continue.
# Native memory allocation (mmap) failed to map 29360128 bytes for Failed to commit area from 0x00000000a4b00000 to 0x00000000a6700000 of length 29360128.
# Possible reasons:
#   The system is out of physical RAM or swap space
#   The process is running with CompressedOops enabled, and the Java Heap may be blocking the growth of the native heap
# Possible solutions:
#   Reduce memory load on the system
#   Increase physical memory or swap space
#   Check if swap backing store is full
#   Decrease Java heap size (-Xmx/-Xms)
#   Decrease number of Java threads
#   Decrease Java thread stack sizes (-Xss)
#   Set larger code cache with -XX:ReservedCodeCacheSize=
#   JVM is running with Unscaled Compressed Oops mode in which the Java heap is
#     placed in the first 4GB address space. The Java Heap base address is the
#     maximum limit for the native heap growth. Please use -XX:HeapBaseMinAddress
#     to set the Java Heap base and to place the Java Heap above 4GB virtual address.
# This output file may be truncated or incomplete.
#
#  Out of Memory Error (./src/hotspot/os/windows/os_windows.cpp:3301), pid=12336, tid=20684
#
# JRE version: OpenJDK Runtime Environment (11.0.10) (build 11.0.10+0-b96-7249189)
# Java VM: OpenJDK 64-Bit Server VM (11.0.10+0-b96-7249189, mixed mode, tiered, compressed oops, g1 gc, windows-amd64)
# No core dump will be written. Minidumps are not enabled by default on client versions of Windows
#

---------------  S U M M A R Y ------------

Command Line: --add-opens=java.base/java.util=ALL-UNNAMED --add-opens=java.base/java.lang=ALL-UNNAMED --add-opens=java.base/java.lang.invoke=ALL-UNNAMED --add-opens=java.prefs/java.util.prefs=ALL-UNNAMED -Xmx1536M -Dfile.encoding=windows-1252 -Duser.country=US -Duser.language=en -Duser.variant org.gradle.launcher.daemon.bootstrap.GradleDaemon 6.7

Host: Intel(R) Core(TM) i5-9300H CPU @ 2.40GHz, 8 cores, 3G,  Windows 10 , 64 bit Build 19041 (10.0.19041.1202)
Time: Tue Feb 15 13:18:10 2022 Malay Peninsula Standard Time elapsed time: 19.758789 seconds (0d 0h 0m 19s)

---------------  T H R E A D  ---------------

Current thread (0x0000019aff227800):  VMThread "VM Thread" [stack: 0x00000007aa900000,0x00000007aaa00000] [id=20684]

Stack: [0x00000007aa900000,0x00000007aaa00000]
[error occurred during error reporting (printing stack bounds), id 0xc0000005, EXCEPTION_ACCESS_VIOLATION (0xc0000005) at pc=0x0000019a80000f2d]

Native frames: (J=compiled Java code, j=interpreted, Vv=VM code, C=native code)
V  [jvm.dll+0x5ecfaa]
V  [jvm.dll+0x722bd5]
V  [jvm.dll+0x72412d]
V  [jvm.dll+0x724745]
V  [jvm.dll+0x7246fb]
V  [jvm.dll+0x5ec348]
V  [jvm.dll+0x5ecad8]
C  [ntdll.dll+0xa20cf]
C  [ntdll.dll+0x51454]
C  [ntdll.dll+0xa0bfe]
C  0x0000019a80000f2d

VM_Operation (0x00000007ac3ee7d0): G1CollectForAllocation, mode: safepoint, requested by thread 0x0000019a92785000


---------------  P R O C E S S  ---------------

Threads class SMR info:
_java_thread_list=0x0000019a95bf3ea0, length=151, elements={
0x0000019af51a0800, 0x0000019aff24c000, 0x0000019aff24d800, 0x0000019aff2ac800,
0x0000019aff2ae800, 0x0000019aff2b0800, 0x0000019affbd2000, 0x0000019affbd3800,
0x0000019affbe7800, 0x0000019affd2b800, 0x0000019a92c4e800, 0x0000019a924d6000,
0x0000019a92717000, 0x0000019a926ce800, 0x0000019a92708800, 0x0000019a91f91800,
0x0000019a92785000, 0x0000019a928c8000, 0x0000019a91f0f800, 0x0000019a92765000,
0x0000019a92768800, 0x0000019a92769000, 0x0000019a92766000, 0x0000019a9276a000,
0x0000019a92766800, 0x0000019a9276b800, 0x0000019a92767800, 0x0000019a9276b000,
0x0000019a92dbe000, 0x0000019a92dbb800, 0x0000019a92dbf000, 0x0000019a92dbd800,
0x0000019a92dbb000, 0x0000019a92dbf800, 0x0000019a92dba000, 0x0000019a92dc5800,
0x0000019a92dc3000, 0x0000019a92dc1800, 0x0000019a92dc6000, 0x0000019a92dc0800,
0x0000019a92dc4000, 0x0000019a92dc2000, 0x0000019a92dc4800, 0x0000019a92dc8000,
0x0000019a92dc7000, 0x0000019affebc800, 0x0000019affeb7800, 0x0000019affeba000,
0x0000019affeb6800, 0x0000019affeb8000, 0x0000019affebe800, 0x0000019affebe000,
0x0000019affebd000, 0x0000019affeb9000, 0x0000019affebb800, 0x0000019affebf800,
0x0000019affec0800, 0x0000019affeba800, 0x0000019affec1000, 0x0000019affec3000,
0x0000019affec2000, 0x0000019affec3800, 0x0000019affec4800, 0x0000019affec5000,
0x0000019a9502c800, 0x0000019a95028800, 0x0000019a9502b000, 0x0000019a95029000,
0x0000019a9502d800, 0x0000019a9502b800, 0x0000019a95027800, 0x0000019a9502e000,
0x0000019a9502f800, 0x0000019a9502f000, 0x0000019a9502a000, 0x0000019a95030800,
0x0000019a95031800, 0x0000019a95035800, 0x0000019a95032000, 0x0000019a95033000,
0x0000019a95034000, 0x0000019a95034800, 0x0000019a95036800, 0x0000019a95ad7000,
0x0000019a95ad3000, 0x0000019a95ad6800, 0x0000019a95ad8000, 0x0000019a95ad2800,
0x0000019a95ad9000, 0x0000019a95ad9800, 0x0000019a95ad4000, 0x0000019a95ada800,
0x0000019a95ad4800, 0x0000019a95adb800, 0x0000019a95ad5800, 0x0000019a95ade800,
0x0000019a95adf800, 0x0000019a95ae0000, 0x0000019a95ae1000, 0x0000019a95adc000,
0x0000019a95add000, 0x0000019a95add800, 0x0000019a95376000, 0x0000019a95378800,
0x0000019a95375000, 0x0000019a9537a000, 0x0000019a9537b800, 0x0000019a9537b000,
0x0000019a95377000, 0x0000019a9537c800, 0x0000019a95377800, 0x0000019a9537f000,
0x0000019a9537d800, 0x0000019a9537e000, 0x0000019a95379000, 0x0000019a95382000,
0x0000019a95380000, 0x0000019a95380800, 0x0000019a95381800, 0x0000019a95384000,
0x0000019a95383000, 0x0000019a958dc000, 0x0000019a958dc800, 0x0000019a958e0800,
0x0000019a958df000, 0x0000019a958db000, 0x0000019a958e1800, 0x0000019a958e2800,
0x0000019a958e0000, 0x0000019a958e3000, 0x0000019a958dd800, 0x0000019a958de800,
0x0000019a958e8000, 0x0000019a958e6800, 0x0000019a958e9000, 0x0000019a958e9800,
0x0000019a958e5800, 0x0000019a958e7800, 0x0000019a958e4000, 0x0000019a958e5000,
0x0000019a92ac0000, 0x0000019a92ac4000, 0x0000019a92ac1000, 0x0000019a92ac5000,
0x0000019a92abf000, 0x0000019a92ac1800, 0x0000019a92ac6000, 0x0000019a92ac6800,
0x0000019a92ac7800, 0x0000019a92ac2800, 0x0000019a92ac8000
}

Java Threads: ( => current thread )
  0x0000019af51a0800 JavaThread "main" [_thread_blocked, id=6584, stack(0x00000007aa300000,0x00000007aa400000)]
  0x0000019aff24c000 JavaThread "Reference Handler" daemon [_thread_blocked, id=22936, stack(0x00000007aaa00000,0x00000007aab00000)]
  0x0000019aff24d800 JavaThread "Finalizer" daemon [_thread_blocked, id=20956, stack(0x00000007aab00000,0x00000007aac00000)]
  0x0000019aff2ac800 JavaThread "Signal Dispatcher" daemon [_thread_blocked, id=22104, stack(0x00000007aac00000,0x00000007aad00000)]
  0x0000019aff2ae800 JavaThread "Attach Listener" daemon [_thread_blocked, id=5140, stack(0x00000007aad00000,0x00000007aae00000)]
  0x0000019aff2b0800 JavaThread "Service Thread" daemon [_thread_blocked, id=3136, stack(0x00000007aae00000,0x00000007aaf00000)]
  0x0000019affbd2000 JavaThread "C2 CompilerThread0" daemon [_thread_in_native, id=2824, stack(0x00000007aaf00000,0x00000007ab000000)]
  0x0000019affbd3800 JavaThread "C1 CompilerThread0" daemon [_thread_blocked, id=20532, stack(0x00000007ab000000,0x00000007ab100000)]
  0x0000019affbe7800 JavaThread "Sweeper thread" daemon [_thread_blocked, id=23948, stack(0x00000007ab100000,0x00000007ab200000)]
  0x0000019affd2b800 JavaThread "Common-Cleaner" daemon [_thread_blocked, id=21752, stack(0x00000007ab200000,0x00000007ab300000)]
  0x0000019a92c4e800 JavaThread "Daemon health stats" [_thread_blocked, id=23292, stack(0x00000007ab500000,0x00000007ab600000)]
  0x0000019a924d6000 JavaThread "Incoming local TCP Connector on port 50224" [_thread_in_native, id=12972, stack(0x00000007ab800000,0x00000007ab900000)]
  0x0000019a92717000 JavaThread "Daemon periodic checks" [_thread_blocked, id=10772, stack(0x00000007ab900000,0x00000007aba00000)]
  0x0000019a926ce800 JavaThread "Daemon" [_thread_blocked, id=21536, stack(0x00000007aba00000,0x00000007abb00000)]
  0x0000019a92708800 JavaThread "Handler for socket connection from /127.0.0.1:50224 to /127.0.0.1:50225" [_thread_in_native, id=3816, stack(0x00000007abb00000,0x00000007abc00000)]
  0x0000019a91f91800 JavaThread "Cancel handler" [_thread_blocked, id=15840, stack(0x00000007ac200000,0x00000007ac300000)]
  0x0000019a92785000 JavaThread "Daemon worker" [_thread_blocked, id=18580, stack(0x00000007ac300000,0x00000007ac400000)]
  0x0000019a928c8000 JavaThread "Asynchronous log dispatcher for DefaultDaemonConnection: socket connection from /127.0.0.1:50224 to /127.0.0.1:50225" [_thread_blocked, id=11448, stack(0x00000007ac400000,0x00000007ac500000)]
  0x0000019a91f0f800 JavaThread "Stdin handler" [_thread_blocked, id=10068, stack(0x00000007ac500000,0x00000007ac600000)]
  0x0000019a92765000 JavaThread "Thread-8" [_thread_blocked, id=21424, stack(0x00000007ac600000,0x00000007ac700000)]
  0x0000019a92768800 JavaThread "Cache worker for file hash cache (C:\Users\ASUS\.gradle\caches\6.7\fileHashes)" [_thread_blocked, id=13640, stack(0x00000007ac700000,0x00000007ac800000)]
  0x0000019a92769000 JavaThread "File lock request listener" [_thread_in_native, id=5084, stack(0x00000007ac800000,0x00000007ac900000)]
  0x0000019a92766000 JavaThread "Cache worker for journal cache (C:\Users\ASUS\.gradle\caches\journal-1)" [_thread_blocked, id=14400, stack(0x00000007ac900000,0x00000007aca00000)]
  0x0000019a9276a000 JavaThread "Cache worker for file hash cache (C:\Users\ASUS\Documents\MP\tmj_finalproject\android\.gradle\6.7\fileHashes)" [_thread_blocked, id=16244, stack(0x00000007acb00000,0x00000007acc00000)]
  0x0000019a92766800 JavaThread "Cache worker for checksums cache (C:\Users\ASUS\Documents\MP\tmj_finalproject\android\.gradle\checksums)" [_thread_blocked, id=15972, stack(0x00000007acc00000,0x00000007acd00000)]
  0x0000019a9276b800 JavaThread "Cache worker for cache directory md-supplier (C:\Users\ASUS\.gradle\caches\6.7\md-supplier)" [_thread_blocked, id=21544, stack(0x00000007acd00000,0x00000007ace00000)]
  0x0000019a92767800 JavaThread "Cache worker for cache directory md-rule (C:\Users\ASUS\.gradle\caches\6.7\md-rule)" [_thread_blocked, id=21316, stack(0x00000007ace00000,0x00000007acf00000)]
  0x0000019a9276b000 JavaThread "Cache worker for execution history cache (C:\Users\ASUS\.gradle\caches\6.7\executionHistory)" [_thread_blocked, id=22440, stack(0x00000007acf00000,0x00000007ad000000)]
  0x0000019a92dbe000 JavaThread "jar transforms" [_thread_blocked, id=15572, stack(0x00000007ad000000,0x00000007ad100000)]
  0x0000019a92dbb800 JavaThread "Cache worker for file content cache (C:\Users\ASUS\.gradle\caches\6.7\fileContent)" [_thread_blocked, id=19340, stack(0x00000007ad100000,0x00000007ad200000)]
  0x0000019a92dbf000 JavaThread "Cache worker for Build Output Cleanup Cache (C:\Users\ASUS\Documents\MP\tmj_finalproject\android\.gradle\buildOutputCleanup)" [_thread_blocked, id=3164, stack(0x00000007ad200000,0x00000007ad300000)]
  0x0000019a92dbd800 JavaThread "Build operations" [_thread_blocked, id=5600, stack(0x00000007ad300000,0x00000007ad400000)]
  0x0000019a92dbb000 JavaThread "Build operations Thread 2" [_thread_blocked, id=23828, stack(0x00000007ad400000,0x00000007ad500000)]
  0x0000019a92dbf800 JavaThread "Build operations Thread 3" [_thread_blocked, id=23468, stack(0x00000007ad500000,0x00000007ad600000)]
  0x0000019a92dba000 JavaThread "Build operations Thread 4" [_thread_blocked, id=7600, stack(0x00000007ad600000,0x00000007ad700000)]
  0x0000019a92dc5800 JavaThread "Build operations Thread 5" [_thread_blocked, id=6720, stack(0x00000007ad700000,0x00000007ad800000)]
  0x0000019a92dc3000 JavaThread "Build operations Thread 6" [_thread_blocked, id=14184, stack(0x00000007ad800000,0x00000007ad900000)]
  0x0000019a92dc1800 JavaThread "Build operations Thread 7" [_thread_blocked, id=13284, stack(0x00000007ad900000,0x00000007ada00000)]
  0x0000019a92dc6000 JavaThread "Build operations Thread 8" [_thread_blocked, id=20084, stack(0x00000007ada00000,0x00000007adb00000)]
  0x0000019a92dc0800 JavaThread "jar transforms Thread 2" [_thread_blocked, id=23396, stack(0x00000007adb00000,0x00000007adc00000)]
  0x0000019a92dc4000 JavaThread "jar transforms Thread 3" [_thread_blocked, id=23032, stack(0x00000007adc00000,0x00000007add00000)]
  0x0000019a92dc2000 JavaThread "jar transforms Thread 4" [_thread_blocked, id=3116, stack(0x00000007add00000,0x00000007ade00000)]
  0x0000019a92dc4800 JavaThread "jar transforms Thread 5" [_thread_blocked, id=20920, stack(0x00000007ade00000,0x00000007adf00000)]
  0x0000019a92dc8000 JavaThread "jar transforms Thread 6" [_thread_blocked, id=14076, stack(0x00000007adf00000,0x00000007ae000000)]
  0x0000019a92dc7000 JavaThread "jar transforms Thread 7" [_thread_blocked, id=17208, stack(0x00000007ae000000,0x00000007ae100000)]
  0x0000019affebc800 JavaThread "jar transforms Thread 8" [_thread_blocked, id=20708, stack(0x00000007ae100000,0x00000007ae200000)]
  0x0000019affeb7800 JavaThread "jar transforms Thread 9" [_thread_blocked, id=23720, stack(0x00000007ae200000,0x00000007ae300000)]
  0x0000019affeba000 JavaThread "jar transforms Thread 10" [_thread_blocked, id=21272, stack(0x00000007ae300000,0x00000007ae400000)]
  0x0000019affeb6800 JavaThread "jar transforms Thread 11" [_thread_blocked, id=24224, stack(0x00000007ae400000,0x00000007ae500000)]
  0x0000019affeb8000 JavaThread "jar transforms Thread 12" [_thread_blocked, id=6352, stack(0x00000007ae500000,0x00000007ae600000)]
  0x0000019affebe800 JavaThread "jar transforms Thread 13" [_thread_blocked, id=22804, stack(0x00000007ae600000,0x00000007ae700000)]
  0x0000019affebe000 JavaThread "jar transforms Thread 14" [_thread_blocked, id=21964, stack(0x00000007ae700000,0x00000007ae800000)]
  0x0000019affebd000 JavaThread "jar transforms Thread 15" [_thread_blocked, id=9992, stack(0x00000007ae800000,0x00000007ae900000)]
  0x0000019affeb9000 JavaThread "jar transforms Thread 16" [_thread_blocked, id=15344, stack(0x00000007ae900000,0x00000007aea00000)]
  0x0000019affebb800 JavaThread "jar transforms Thread 17" [_thread_blocked, id=13884, stack(0x00000007aea00000,0x00000007aeb00000)]
  0x0000019affebf800 JavaThread "jar transforms Thread 18" [_thread_blocked, id=16996, stack(0x00000007aeb00000,0x00000007aec00000)]
  0x0000019affec0800 JavaThread "jar transforms Thread 19" [_thread_blocked, id=9436, stack(0x00000007aec00000,0x00000007aed00000)]
  0x0000019affeba800 JavaThread "jar transforms Thread 20" [_thread_blocked, id=24132, stack(0x00000007aed00000,0x00000007aee00000)]
  0x0000019affec1000 JavaThread "jar transforms Thread 21" [_thread_blocked, id=15640, stack(0x00000007aee00000,0x00000007aef00000)]
  0x0000019affec3000 JavaThread "jar transforms Thread 22" [_thread_blocked, id=19016, stack(0x00000007aef00000,0x00000007af000000)]
  0x0000019affec2000 JavaThread "jar transforms Thread 23" [_thread_blocked, id=20200, stack(0x00000007af000000,0x00000007af100000)]
  0x0000019affec3800 JavaThread "jar transforms Thread 24" [_thread_blocked, id=23872, stack(0x00000007af100000,0x00000007af200000)]
  0x0000019affec4800 JavaThread "jar transforms Thread 25" [_thread_blocked, id=11752, stack(0x00000007af200000,0x00000007af300000)]
  0x0000019affec5000 JavaThread "jar transforms Thread 26" [_thread_blocked, id=15960, stack(0x00000007af300000,0x00000007af400000)]
  0x0000019a9502c800 JavaThread "jar transforms Thread 27" [_thread_blocked, id=22992, stack(0x00000007af400000,0x00000007af500000)]
  0x0000019a95028800 JavaThread "jar transforms Thread 28" [_thread_blocked, id=19156, stack(0x00000007af500000,0x00000007af600000)]
  0x0000019a9502b000 JavaThread "jar transforms Thread 29" [_thread_blocked, id=23104, stack(0x00000007af600000,0x00000007af700000)]
  0x0000019a95029000 JavaThread "jar transforms Thread 30" [_thread_blocked, id=14392, stack(0x00000007af700000,0x00000007af800000)]
  0x0000019a9502d800 JavaThread "jar transforms Thread 31" [_thread_blocked, id=20120, stack(0x00000007af800000,0x00000007af900000)]
  0x0000019a9502b800 JavaThread "jar transforms Thread 32" [_thread_blocked, id=16272, stack(0x00000007af900000,0x00000007afa00000)]
  0x0000019a95027800 JavaThread "jar transforms Thread 33" [_thread_blocked, id=20312, stack(0x00000007afa00000,0x00000007afb00000)]
  0x0000019a9502e000 JavaThread "jar transforms Thread 34" [_thread_blocked, id=21512, stack(0x00000007afb00000,0x00000007afc00000)]
  0x0000019a9502f800 JavaThread "jar transforms Thread 35" [_thread_blocked, id=21508, stack(0x00000007afc00000,0x00000007afd00000)]
  0x0000019a9502f000 JavaThread "jar transforms Thread 36" [_thread_blocked, id=24560, stack(0x00000007afd00000,0x00000007afe00000)]
  0x0000019a9502a000 JavaThread "jar transforms Thread 37" [_thread_blocked, id=23484, stack(0x00000007afe00000,0x00000007aff00000)]
  0x0000019a95030800 JavaThread "jar transforms Thread 38" [_thread_blocked, id=12096, stack(0x00000007aff00000,0x00000007b0000000)]
  0x0000019a95031800 JavaThread "jar transforms Thread 39" [_thread_blocked, id=21876, stack(0x00000007b0000000,0x00000007b0100000)]
  0x0000019a95035800 JavaThread "jar transforms Thread 40" [_thread_blocked, id=23204, stack(0x00000007b0100000,0x00000007b0200000)]
  0x0000019a95032000 JavaThread "jar transforms Thread 41" [_thread_blocked, id=19036, stack(0x00000007b0200000,0x00000007b0300000)]
  0x0000019a95033000 JavaThread "jar transforms Thread 42" [_thread_blocked, id=21832, stack(0x00000007b0300000,0x00000007b0400000)]
  0x0000019a95034000 JavaThread "jar transforms Thread 43" [_thread_blocked, id=8460, stack(0x00000007b0400000,0x00000007b0500000)]
  0x0000019a95034800 JavaThread "jar transforms Thread 44" [_thread_blocked, id=23996, stack(0x00000007b0500000,0x00000007b0600000)]
  0x0000019a95036800 JavaThread "jar transforms Thread 45" [_thread_blocked, id=23764, stack(0x00000007b0600000,0x00000007b0700000)]
  0x0000019a95ad7000 JavaThread "jar transforms Thread 46" [_thread_blocked, id=15764, stack(0x00000007b0700000,0x00000007b0800000)]
  0x0000019a95ad3000 JavaThread "jar transforms Thread 47" [_thread_blocked, id=17376, stack(0x00000007b0800000,0x00000007b0900000)]
  0x0000019a95ad6800 JavaThread "jar transforms Thread 48" [_thread_blocked, id=23960, stack(0x00000007b0900000,0x00000007b0a00000)]
  0x0000019a95ad8000 JavaThread "jar transforms Thread 49" [_thread_blocked, id=3592, stack(0x00000007b0a00000,0x00000007b0b00000)]
  0x0000019a95ad2800 JavaThread "jar transforms Thread 50" [_thread_blocked, id=21032, stack(0x00000007b0b00000,0x00000007b0c00000)]
  0x0000019a95ad9000 JavaThread "jar transforms Thread 51" [_thread_blocked, id=5264, stack(0x00000007b0c00000,0x00000007b0d00000)]
  0x0000019a95ad9800 JavaThread "jar transforms Thread 52" [_thread_blocked, id=24392, stack(0x00000007b0d00000,0x00000007b0e00000)]
  0x0000019a95ad4000 JavaThread "jar transforms Thread 53" [_thread_blocked, id=15760, stack(0x00000007b0e00000,0x00000007b0f00000)]
  0x0000019a95ada800 JavaThread "jar transforms Thread 54" [_thread_blocked, id=22384, stack(0x00000007b0f00000,0x00000007b1000000)]
  0x0000019a95ad4800 JavaThread "jar transforms Thread 55" [_thread_blocked, id=15864, stack(0x00000007b1000000,0x00000007b1100000)]
  0x0000019a95adb800 JavaThread "jar transforms Thread 56" [_thread_blocked, id=22224, stack(0x00000007b1100000,0x00000007b1200000)]
  0x0000019a95ad5800 JavaThread "jar transforms Thread 57" [_thread_blocked, id=8652, stack(0x00000007b1200000,0x00000007b1300000)]
  0x0000019a95ade800 JavaThread "jar transforms Thread 58" [_thread_blocked, id=21292, stack(0x00000007b1300000,0x00000007b1400000)]
  0x0000019a95adf800 JavaThread "jar transforms Thread 59" [_thread_blocked, id=11560, stack(0x00000007b1400000,0x00000007b1500000)]
  0x0000019a95ae0000 JavaThread "jar transforms Thread 60" [_thread_blocked, id=19724, stack(0x00000007b1500000,0x00000007b1600000)]
  0x0000019a95ae1000 JavaThread "jar transforms Thread 61" [_thread_blocked, id=21952, stack(0x00000007b1600000,0x00000007b1700000)]
  0x0000019a95adc000 JavaThread "jar transforms Thread 62" [_thread_blocked, id=12836, stack(0x00000007b1700000,0x00000007b1800000)]
  0x0000019a95add000 JavaThread "jar transforms Thread 63" [_thread_blocked, id=18932, stack(0x00000007b1800000,0x00000007b1900000)]
  0x0000019a95add800 JavaThread "jar transforms Thread 64" [_thread_blocked, id=19044, stack(0x00000007b1900000,0x00000007b1a00000)]
  0x0000019a95376000 JavaThread "jar transforms Thread 65" [_thread_blocked, id=7888, stack(0x00000007b1a00000,0x00000007b1b00000)]
  0x0000019a95378800 JavaThread "jar transforms Thread 66" [_thread_blocked, id=15944, stack(0x00000007b1b00000,0x00000007b1c00000)]
  0x0000019a95375000 JavaThread "jar transforms Thread 67" [_thread_blocked, id=10824, stack(0x00000007b1c00000,0x00000007b1d00000)]
  0x0000019a9537a000 JavaThread "jar transforms Thread 68" [_thread_blocked, id=16228, stack(0x00000007b1d00000,0x00000007b1e00000)]
  0x0000019a9537b800 JavaThread "jar transforms Thread 69" [_thread_blocked, id=19256, stack(0x00000007b1e00000,0x00000007b1f00000)]
  0x0000019a9537b000 JavaThread "jar transforms Thread 70" [_thread_blocked, id=1596, stack(0x00000007b1f00000,0x00000007b2000000)]
  0x0000019a95377000 JavaThread "jar transforms Thread 71" [_thread_blocked, id=6288, stack(0x00000007b2000000,0x00000007b2100000)]
  0x0000019a9537c800 JavaThread "jar transforms Thread 72" [_thread_blocked, id=17544, stack(0x00000007b2100000,0x00000007b2200000)]
  0x0000019a95377800 JavaThread "jar transforms Thread 73" [_thread_blocked, id=11992, stack(0x00000007b2200000,0x00000007b2300000)]
  0x0000019a9537f000 JavaThread "jar transforms Thread 74" [_thread_blocked, id=9764, stack(0x00000007b2300000,0x00000007b2400000)]
  0x0000019a9537d800 JavaThread "jar transforms Thread 75" [_thread_blocked, id=18548, stack(0x00000007b2400000,0x00000007b2500000)]
  0x0000019a9537e000 JavaThread "jar transforms Thread 76" [_thread_blocked, id=20616, stack(0x00000007b2500000,0x00000007b2600000)]
  0x0000019a95379000 JavaThread "jar transforms Thread 77" [_thread_blocked, id=14516, stack(0x00000007b2600000,0x00000007b2700000)]
  0x0000019a95382000 JavaThread "jar transforms Thread 78" [_thread_blocked, id=23736, stack(0x00000007b2700000,0x00000007b2800000)]
  0x0000019a95380000 JavaThread "jar transforms Thread 79" [_thread_blocked, id=19228, stack(0x00000007b2800000,0x00000007b2900000)]
  0x0000019a95380800 JavaThread "jar transforms Thread 80" [_thread_blocked, id=23472, stack(0x00000007b2900000,0x00000007b2a00000)]
  0x0000019a95381800 JavaThread "jar transforms Thread 81" [_thread_blocked, id=22124, stack(0x00000007b2a00000,0x00000007b2b00000)]
  0x0000019a95384000 JavaThread "jar transforms Thread 82" [_thread_blocked, id=22928, stack(0x00000007b2b00000,0x00000007b2c00000)]
  0x0000019a95383000 JavaThread "jar transforms Thread 83" [_thread_blocked, id=11880, stack(0x00000007b2c00000,0x00000007b2d00000)]
  0x0000019a958dc000 JavaThread "jar transforms Thread 84" [_thread_blocked, id=20736, stack(0x00000007b2d00000,0x00000007b2e00000)]
  0x0000019a958dc800 JavaThread "jar transforms Thread 85" [_thread_blocked, id=17092, stack(0x00000007b2e00000,0x00000007b2f00000)]
  0x0000019a958e0800 JavaThread "jar transforms Thread 86" [_thread_blocked, id=22768, stack(0x00000007b2f00000,0x00000007b3000000)]
  0x0000019a958df000 JavaThread "jar transforms Thread 87" [_thread_blocked, id=21516, stack(0x00000007b3000000,0x00000007b3100000)]
  0x0000019a958db000 JavaThread "jar transforms Thread 88" [_thread_blocked, id=19848, stack(0x00000007b3100000,0x00000007b3200000)]
  0x0000019a958e1800 JavaThread "jar transforms Thread 89" [_thread_blocked, id=4980, stack(0x00000007b3200000,0x00000007b3300000)]
  0x0000019a958e2800 JavaThread "jar transforms Thread 90" [_thread_blocked, id=21592, stack(0x00000007b3300000,0x00000007b3400000)]
  0x0000019a958e0000 JavaThread "jar transforms Thread 91" [_thread_blocked, id=14412, stack(0x00000007b3400000,0x00000007b3500000)]
  0x0000019a958e3000 JavaThread "jar transforms Thread 92" [_thread_blocked, id=19244, stack(0x00000007b3500000,0x00000007b3600000)]
  0x0000019a958dd800 JavaThread "jar transforms Thread 93" [_thread_blocked, id=20304, stack(0x00000007b3600000,0x00000007b3700000)]
  0x0000019a958de800 JavaThread "jar transforms Thread 94" [_thread_blocked, id=20876, stack(0x00000007b3700000,0x00000007b3800000)]
  0x0000019a958e8000 JavaThread "jar transforms Thread 95" [_thread_blocked, id=20620, stack(0x00000007b3800000,0x00000007b3900000)]
  0x0000019a958e6800 JavaThread "jar transforms Thread 96" [_thread_blocked, id=12180, stack(0x00000007b3900000,0x00000007b3a00000)]
  0x0000019a958e9000 JavaThread "jar transforms Thread 97" [_thread_blocked, id=19012, stack(0x00000007b3a00000,0x00000007b3b00000)]
  0x0000019a958e9800 JavaThread "jar transforms Thread 98" [_thread_blocked, id=18992, stack(0x00000007b3b00000,0x00000007b3c00000)]
  0x0000019a958e5800 JavaThread "jar transforms Thread 99" [_thread_blocked, id=11412, stack(0x00000007b3c00000,0x00000007b3d00000)]
  0x0000019a958e7800 JavaThread "jar transforms Thread 100" [_thread_blocked, id=6948, stack(0x00000007b3d00000,0x00000007b3e00000)]
  0x0000019a958e4000 JavaThread "jar transforms Thread 101" [_thread_blocked, id=16040, stack(0x00000007b3e00000,0x00000007b3f00000)]
  0x0000019a958e5000 JavaThread "jar transforms Thread 102" [_thread_blocked, id=20272, stack(0x00000007b3f00000,0x00000007b4000000)]
  0x0000019a92ac0000 JavaThread "jar transforms Thread 103" [_thread_blocked, id=11092, stack(0x00000007b4000000,0x00000007b4100000)]
  0x0000019a92ac4000 JavaThread "jar transforms Thread 104" [_thread_blocked, id=20556, stack(0x00000007b4100000,0x00000007b4200000)]
  0x0000019a92ac1000 JavaThread "jar transforms Thread 105" [_thread_blocked, id=13324, stack(0x00000007b4200000,0x00000007b4300000)]
  0x0000019a92ac5000 JavaThread "jar transforms Thread 106" [_thread_blocked, id=472, stack(0x00000007b4300000,0x00000007b4400000)]
  0x0000019a92abf000 JavaThread "jar transforms Thread 107" [_thread_blocked, id=21500, stack(0x00000007b4400000,0x00000007b4500000)]
  0x0000019a92ac1800 JavaThread "jar transforms Thread 108" [_thread_blocked, id=8304, stack(0x00000007b4500000,0x00000007b4600000)]
  0x0000019a92ac6000 JavaThread "jar transforms Thread 109" [_thread_blocked, id=21676, stack(0x00000007b4600000,0x00000007b4700000)]
  0x0000019a92ac6800 JavaThread "jar transforms Thread 110" [_thread_blocked, id=15620, stack(0x00000007b4700000,0x00000007b4800000)]
  0x0000019a92ac7800 JavaThread "jar transforms Thread 111" [_thread_blocked, id=2588, stack(0x00000007b4800000,0x00000007b4900000)]
  0x0000019a92ac2800 JavaThread "jar transforms Thread 112" [_thread_blocked, id=21856, stack(0x00000007b4900000,0x00000007b4a00000)]
  0x0000019a92ac8000 JavaThread "Memory manager" [_thread_blocked, id=10768, stack(0x00000007b4a00000,0x00000007b4b00000)]

Other Threads:
=>0x0000019aff227800 VMThread "VM Thread" [stack: 0x00000007aa900000,0x00000007aaa00000] [id=20684]
  0x0000019affd40800 WatcherThread [stack: 0x00000007ab300000,0x00000007ab400000] [id=21220]
  0x0000019af51b9000 GCTaskThread "GC Thread#0" [stack: 0x00000007aa400000,0x00000007aa500000] [id=2728]
  0x0000019a91b3b000 GCTaskThread "GC Thread#1" [stack: 0x00000007ab400000,0x00000007ab500000] [id=14428]
  0x0000019a9165d800 GCTaskThread "GC Thread#2" [stack: 0x00000007abc00000,0x00000007abd00000] [id=2632]
  0x0000019a9165e800 GCTaskThread "GC Thread#3" [stack: 0x00000007abd00000,0x00000007abe00000] [id=23712]
  0x0000019a924f2000 GCTaskThread "GC Thread#4" [stack: 0x00000007abe00000,0x00000007abf00000] [id=24228]
  0x0000019a924f3000 GCTaskThread "GC Thread#5" [stack: 0x00000007abf00000,0x00000007ac000000] [id=12956]
  0x0000019a924f3800 GCTaskThread "GC Thread#6" [stack: 0x00000007ac000000,0x00000007ac100000] [id=24012]
  0x0000019a924f8800 GCTaskThread "GC Thread#7" [stack: 0x00000007ac100000,0x00000007ac200000] [id=17816]
  0x0000019af51df800 ConcurrentGCThread "G1 Main Marker" [stack: 0x00000007aa500000,0x00000007aa600000] [id=16260]
  0x0000019af51e1000 ConcurrentGCThread "G1 Conc#0" [stack: 0x00000007aa600000,0x00000007aa700000] [id=20744]
  0x0000019a92b93800 ConcurrentGCThread "G1 Conc#1" [stack: 0x00000007aca00000,0x00000007acb00000] [id=10904]
  0x0000019af523b800 ConcurrentGCThread "G1 Refine#0" [stack: 0x00000007aa700000,0x00000007aa800000] [id=23368]
  0x0000019af523e000 ConcurrentGCThread "G1 Young RemSet Sampling" [stack: 0x00000007aa800000,0x00000007aa900000] [id=2136]

Threads with active compile tasks:
C2 CompilerThread0  19837 5209       4       java.lang.invoke.LambdaForm$Name::replaceNames (174 bytes)

VM state:at safepoint (normal execution)

VM Mutex/Monitor currently owned by a thread:  ([mutex/lock_event])
[0x0000019af519d820] Threads_lock - owner thread: 0x0000019aff227800
[0x0000019af519e240] Heap_lock - owner thread: 0x0000019a92785000

Heap address: 0x00000000a0000000, size: 1536 MB, Compressed Oops mode: 32-bit
Narrow klass base: 0x0000000000000000, Narrow klass shift: 3
Compressed class space size: 1073741824 Address: 0x0000000100000000

Heap:
 garbage-first heap   total 105472K, used 47675K [0x00000000a0000000, 0x0000000100000000)
  region size 1024K, 1 young (1024K), 1 survivors (1024K)
 Metaspace       used 58585K, capacity 59880K, committed 60160K, reserved 1101824K
  class space    used 7384K, capacity 7835K, committed 7936K, reserved 1048576K
Heap Regions: E=young(eden), S=young(survivor), O=old, HS=humongous(starts), HC=humongous(continues), CS=collection set, F=free, A=archive, TAMS=top-at-mark-start (previous, next)
|   0|0x00000000a0000000, 0x00000000a0100000, 0x00000000a0100000|100%| O|  |TAMS 0x00000000a0100000, 0x00000000a0000000| Untracked 
|   1|0x00000000a0100000, 0x00000000a0200000, 0x00000000a0200000|100%| O|  |TAMS 0x00000000a0200000, 0x00000000a0100000| Untracked 
|   2|0x00000000a0200000, 0x00000000a0300000, 0x00000000a0300000|100%| O|  |TAMS 0x00000000a0300000, 0x00000000a0200000| Untracked 
|   3|0x00000000a0300000, 0x00000000a0400000, 0x00000000a0400000|100%|HS|  |TAMS 0x00000000a0400000, 0x00000000a0300000| Complete 
|   4|0x00000000a0400000, 0x00000000a0500000, 0x00000000a0500000|100%|HC|  |TAMS 0x00000000a0500000, 0x00000000a0400000| Complete 
|   5|0x00000000a0500000, 0x00000000a0600000, 0x00000000a0600000|100%|HC|  |TAMS 0x00000000a0600000, 0x00000000a0500000| Complete 
|   6|0x00000000a0600000, 0x00000000a0700000, 0x00000000a0700000|100%| O|  |TAMS 0x00000000a0700000, 0x00000000a0600000| Untracked 
|   7|0x00000000a0700000, 0x00000000a0800000, 0x00000000a0800000|100%| O|  |TAMS 0x00000000a0800000, 0x00000000a0700000| Untracked 
|   8|0x00000000a0800000, 0x00000000a0900000, 0x00000000a0900000|100%| O|  |TAMS 0x00000000a0900000, 0x00000000a0800000| Untracked 
|   9|0x00000000a0900000, 0x00000000a0a00000, 0x00000000a0a00000|100%| O|  |TAMS 0x00000000a0a00000, 0x00000000a0900000| Untracked 
|  10|0x00000000a0a00000, 0x00000000a0b00000, 0x00000000a0b00000|100%| O|  |TAMS 0x00000000a0b00000, 0x00000000a0a00000| Untracked 
|  11|0x00000000a0b00000, 0x00000000a0c00000, 0x00000000a0c00000|100%| O|  |TAMS 0x00000000a0c00000, 0x00000000a0b00000| Untracked 
|  12|0x00000000a0c00000, 0x00000000a0d00000, 0x00000000a0d00000|100%| O|  |TAMS 0x00000000a0d00000, 0x00000000a0c00000| Untracked 
|  13|0x00000000a0d00000, 0x00000000a0e00000, 0x00000000a0e00000|100%| O|  |TAMS 0x00000000a0e00000, 0x00000000a0d00000| Untracked 
|  14|0x00000000a0e00000, 0x00000000a0f00000, 0x00000000a0f00000|100%| O|  |TAMS 0x00000000a0f00000, 0x00000000a0e00000| Untracked 
|  15|0x00000000a0f00000, 0x00000000a1000000, 0x00000000a1000000|100%| O|  |TAMS 0x00000000a1000000, 0x00000000a0f00000| Untracked 
|  16|0x00000000a1000000, 0x00000000a1100000, 0x00000000a1100000|100%| O|  |TAMS 0x00000000a1100000, 0x00000000a1000000| Untracked 
|  17|0x00000000a1100000, 0x00000000a1200000, 0x00000000a1200000|100%| O|  |TAMS 0x00000000a1200000, 0x00000000a1100000| Untracked 
|  18|0x00000000a1200000, 0x00000000a1300000, 0x00000000a1300000|100%| O|  |TAMS 0x00000000a1300000, 0x00000000a1200000| Untracked 
|  19|0x00000000a1300000, 0x00000000a1400000, 0x00000000a1400000|100%| O|  |TAMS 0x00000000a1400000, 0x00000000a1300000| Untracked 
|  20|0x00000000a1400000, 0x00000000a1500000, 0x00000000a1500000|100%| O|  |TAMS 0x00000000a1500000, 0x00000000a1400000| Untracked 
|  21|0x00000000a1500000, 0x00000000a1600000, 0x00000000a1600000|100%| O|  |TAMS 0x00000000a1600000, 0x00000000a1500000| Untracked 
|  22|0x00000000a1600000, 0x00000000a1700000, 0x00000000a1700000|100%| O|  |TAMS 0x00000000a1700000, 0x00000000a1600000| Untracked 
|  23|0x00000000a1700000, 0x00000000a1800000, 0x00000000a1800000|100%| O|  |TAMS 0x00000000a1800000, 0x00000000a1700000| Untracked 
|  24|0x00000000a1800000, 0x00000000a1900000, 0x00000000a1900000|100%| O|  |TAMS 0x00000000a1900000, 0x00000000a1800000| Untracked 
|  25|0x00000000a1900000, 0x00000000a1a00000, 0x00000000a1a00000|100%| O|  |TAMS 0x00000000a1a00000, 0x00000000a1900000| Untracked 
|  26|0x00000000a1a00000, 0x00000000a1b00000, 0x00000000a1b00000|100%| O|  |TAMS 0x00000000a1b00000, 0x00000000a1a00000| Untracked 
|  27|0x00000000a1b00000, 0x00000000a1c00000, 0x00000000a1c00000|100%|HS|  |TAMS 0x00000000a1c00000, 0x00000000a1b00000| Complete 
|  28|0x00000000a1c00000, 0x00000000a1d00000, 0x00000000a1d00000|100%| O|  |TAMS 0x00000000a1d00000, 0x00000000a1c00000| Untracked 
|  29|0x00000000a1d00000, 0x00000000a1e00000, 0x00000000a1e00000|100%| O|  |TAMS 0x00000000a1e00000, 0x00000000a1d00000| Untracked 
|  30|0x00000000a1e00000, 0x00000000a1f00000, 0x00000000a1f00000|100%|HS|  |TAMS 0x00000000a1f00000, 0x00000000a1e00000| Complete 
|  31|0x00000000a1f00000, 0x00000000a2000000, 0x00000000a2000000|100%|HC|  |TAMS 0x00000000a2000000, 0x00000000a1f00000| Complete 
|  32|0x00000000a2000000, 0x00000000a2100000, 0x00000000a2100000|100%|HC|  |TAMS 0x00000000a2100000, 0x00000000a2000000| Complete 
|  33|0x00000000a2100000, 0x00000000a2200000, 0x00000000a2200000|100%| O|  |TAMS 0x00000000a2200000, 0x00000000a2100000| Untracked 
|  34|0x00000000a2200000, 0x00000000a2300000, 0x00000000a2300000|100%| O|  |TAMS 0x00000000a2300000, 0x00000000a2200000| Untracked 
|  35|0x00000000a2300000, 0x00000000a2400000, 0x00000000a2400000|100%| O|  |TAMS 0x00000000a2400000, 0x00000000a2300000| Untracked 
|  36|0x00000000a2400000, 0x00000000a2500000, 0x00000000a2500000|100%|HS|  |TAMS 0x00000000a2500000, 0x00000000a2400000| Complete 
|  37|0x00000000a2500000, 0x00000000a2600000, 0x00000000a2600000|100%|HC|  |TAMS 0x00000000a2600000, 0x00000000a2500000| Complete 
|  38|0x00000000a2600000, 0x00000000a2700000, 0x00000000a2700000|100%| O|  |TAMS 0x00000000a2700000, 0x00000000a2600000| Untracked 
|  39|0x00000000a2700000, 0x00000000a2800000, 0x00000000a2800000|100%| O|  |TAMS 0x00000000a2800000, 0x00000000a2700000| Untracked 
|  40|0x00000000a2800000, 0x00000000a2900000, 0x00000000a2900000|100%| O|  |TAMS 0x00000000a2900000, 0x00000000a2800000| Untracked 
|  41|0x00000000a2900000, 0x00000000a2a00000, 0x00000000a2a00000|100%| O|  |TAMS 0x00000000a2a00000, 0x00000000a2900000| Untracked 
|  42|0x00000000a2a00000, 0x00000000a2b00000, 0x00000000a2b00000|100%| O|  |TAMS 0x00000000a2b00000, 0x00000000a2a00000| Untracked 
|  43|0x00000000a2b00000, 0x00000000a2c00000, 0x00000000a2c00000|100%| O|  |TAMS 0x00000000a2c00000, 0x00000000a2b00000| Untracked 
|  44|0x00000000a2c00000, 0x00000000a2d00000, 0x00000000a2d00000|100%| O|  |TAMS 0x00000000a2ccea00, 0x00000000a2c00000| Untracked 
|  45|0x00000000a2d00000, 0x00000000a2d00000, 0x00000000a2e00000|  0%| F|  |TAMS 0x00000000a2d00000, 0x00000000a2d00000| Untracked 
|  46|0x00000000a2e00000, 0x00000000a2eaf800, 0x00000000a2f00000| 68%| O|  |TAMS 0x00000000a2e00000, 0x00000000a2e00000| Untracked 
|  47|0x00000000a2f00000, 0x00000000a2f00000, 0x00000000a3000000|  0%| F|  |TAMS 0x00000000a2f00000, 0x00000000a2f00000| Untracked 
|  48|0x00000000a3000000, 0x00000000a3000000, 0x00000000a3100000|  0%| F|  |TAMS 0x00000000a3000000, 0x00000000a3000000| Untracked 
|  49|0x00000000a3100000, 0x00000000a3100000, 0x00000000a3200000|  0%| F|  |TAMS 0x00000000a3100000, 0x00000000a3100000| Untracked 
|  50|0x00000000a3200000, 0x00000000a3200000, 0x00000000a3300000|  0%| F|  |TAMS 0x00000000a3200000, 0x00000000a3200000| Untracked 
|  51|0x00000000a3300000, 0x00000000a3300000, 0x00000000a3400000|  0%| F|  |TAMS 0x00000000a3300000, 0x00000000a3300000| Untracked 
|  52|0x00000000a3400000, 0x00000000a3400000, 0x00000000a3500000|  0%| F|  |TAMS 0x00000000a3400000, 0x00000000a3400000| Untracked 
|  53|0x00000000a3500000, 0x00000000a3500000, 0x00000000a3600000|  0%| F|  |TAMS 0x00000000a3500000, 0x00000000a3500000| Untracked 
|  54|0x00000000a3600000, 0x00000000a3600000, 0x00000000a3700000|  0%| F|  |TAMS 0x00000000a3600000, 0x00000000a3600000| Untracked 
|  55|0x00000000a3700000, 0x00000000a3700000, 0x00000000a3800000|  0%| F|  |TAMS 0x00000000a3700000, 0x00000000a3700000| Untracked 
|  56|0x00000000a3800000, 0x00000000a3800000, 0x00000000a3900000|  0%| F|  |TAMS 0x00000000a3800000, 0x00000000a3800000| Untracked 
|  57|0x00000000a3900000, 0x00000000a3900000, 0x00000000a3a00000|  0%| F|  |TAMS 0x00000000a3900000, 0x00000000a3900000| Untracked 
|  58|0x00000000a3a00000, 0x00000000a3a00000, 0x00000000a3b00000|  0%| F|  |TAMS 0x00000000a3a00000, 0x00000000a3a00000| Untracked 
|  59|0x00000000a3b00000, 0x00000000a3b00000, 0x00000000a3c00000|  0%| F|  |TAMS 0x00000000a3b00000, 0x00000000a3b00000| Untracked 
|  60|0x00000000a3c00000, 0x00000000a3cdf7e8, 0x00000000a3d00000| 87%| S|CS|TAMS 0x00000000a3c00000, 0x00000000a3c00000| Complete 
|  61|0x00000000a3d00000, 0x00000000a3d00000, 0x00000000a3e00000|  0%| F|  |TAMS 0x00000000a3d00000, 0x00000000a3d00000| Untracked 
|  62|0x00000000a3e00000, 0x00000000a3e00000, 0x00000000a3f00000|  0%| F|  |TAMS 0x00000000a3e00000, 0x00000000a3e00000| Untracked 
|  63|0x00000000a3f00000, 0x00000000a3f00000, 0x00000000a4000000|  0%| F|  |TAMS 0x00000000a3f00000, 0x00000000a3f00000| Untracked 
|  64|0x00000000a4000000, 0x00000000a4000000, 0x00000000a4100000|  0%| F|  |TAMS 0x00000000a4000000, 0x00000000a4000000| Untracked 
|  65|0x00000000a4100000, 0x00000000a4100000, 0x00000000a4200000|  0%| F|  |TAMS 0x00000000a4100000, 0x00000000a4100000| Untracked 
|  66|0x00000000a4200000, 0x00000000a4200000, 0x00000000a4300000|  0%| F|  |TAMS 0x00000000a4200000, 0x00000000a4200000| Untracked 
|  67|0x00000000a4300000, 0x00000000a4300000, 0x00000000a4400000|  0%| F|  |TAMS 0x00000000a4300000, 0x00000000a4300000| Untracked 
|  68|0x00000000a4400000, 0x00000000a4400000, 0x00000000a4500000|  0%| F|  |TAMS 0x00000000a4400000, 0x00000000a4400000| Untracked 
|  69|0x00000000a4500000, 0x00000000a4500000, 0x00000000a4600000|  0%| F|  |TAMS 0x00000000a4500000, 0x00000000a4500000| Untracked 
|  70|0x00000000a4600000, 0x00000000a4600000, 0x00000000a4700000|  0%| F|  |TAMS 0x00000000a4600000, 0x00000000a4600000| Untracked 
|  71|0x00000000a4700000, 0x00000000a4700000, 0x00000000a4800000|  0%| F|  |TAMS 0x00000000a4700000, 0x00000000a4700000| Untracked 
|  72|0x00000000a4800000, 0x00000000a4800000, 0x00000000a4900000|  0%| F|  |TAMS 0x00000000a4800000, 0x00000000a4800000| Untracked 
|  73|0x00000000a4900000, 0x00000000a4900000, 0x00000000a4a00000|  0%| F|  |TAMS 0x00000000a4900000, 0x00000000a4900000| Untracked 
|  74|0x00000000a4a00000, 0x00000000a4a00000, 0x00000000a4b00000|  0%| F|  |TAMS 0x00000000a4a00000, 0x00000000a4a00000| Untracked 

Card table byte_map: [0x0000019afb1d0000,0x0000019afb4d0000] _byte_map_base: 0x0000019afacd0000

Marking Bits (Prev, Next): (CMBitMap*) 0x0000019af51d8908, (CMBitMap*) 0x0000019af51d8940
 Prev Bits: [0x0000019afb7d0000, 0x0000019afcfd0000)
 Next Bits: [0x0000019afcfd0000, 0x0000019afe7d0000)

Polling page: 0x0000019af6a30000

Metaspace:

Usage:
  Non-class:     50.83 MB capacity,    50.00 MB ( 98%) used,   716.91 KB (  1%) free+waste,   127.19 KB ( <1%) overhead. 
      Class:      7.65 MB capacity,     7.21 MB ( 94%) used,   390.94 KB (  5%) free+waste,    59.56 KB ( <1%) overhead. 
       Both:     58.48 MB capacity,    57.21 MB ( 98%) used,     1.08 MB (  2%) free+waste,   186.75 KB ( <1%) overhead. 

Virtual space:
  Non-class space:       52.00 MB reserved,      51.00 MB ( 98%) committed 
      Class space:        1.00 GB reserved,       7.75 MB ( <1%) committed 
             Both:        1.05 GB reserved,      58.75 MB (  5%) committed 

Chunk freelists:
   Non-Class:  51.00 KB
       Class:  5.00 KB
        Both:  56.00 KB

MaxMetaspaceSize: 17179869184.00 GB
CompressedClassSpaceSize: 1.00 GB

CodeHeap 'non-profiled nmethods': size=120000Kb used=2445Kb max_used=2445Kb free=117555Kb
 bounds [0x0000019a87ad0000, 0x0000019a87d40000, 0x0000019a8f000000]
CodeHeap 'profiled nmethods': size=120000Kb used=11629Kb max_used=11629Kb free=108371Kb
 bounds [0x0000019a805a0000, 0x0000019a81100000, 0x0000019a87ad0000]
CodeHeap 'non-nmethods': size=5760Kb used=2245Kb max_used=2271Kb free=3514Kb
 bounds [0x0000019a80000000, 0x0000019a80270000, 0x0000019a805a0000]
 total_blobs=6096 nmethods=5264 adapters=743
 compilation: enabled
              stopped_count=0, restarted_count=0
 full_count=0

Compilation events (20 events):
Event: 19.723 Thread 0x0000019affbd3800 5348       2       com.sun.org.apache.xerces.internal.dom.ElementImpl::getAttribute (49 bytes)
Event: 19.724 Thread 0x0000019affbd3800 nmethod 5348 0x0000019a810f7d90 code [0x0000019a810f7f80, 0x0000019a810f8298]
Event: 19.724 Thread 0x0000019affbd3800 5349       2       com.sun.org.apache.xerces.internal.dom.NamedNodeMapImpl::getNamedItem (29 bytes)
Event: 19.724 Thread 0x0000019affbd3800 nmethod 5349 0x0000019a810f8410 code [0x0000019a810f85e0, 0x0000019a810f8798]
Event: 19.724 Thread 0x0000019affbd3800 5350       2       com.sun.org.apache.xerces.internal.dom.AttrImpl::getValue (176 bytes)
Event: 19.725 Thread 0x0000019affbd3800 nmethod 5350 0x0000019a810f8890 code [0x0000019a810f8b40, 0x0000019a810f9768]
Event: 19.725 Thread 0x0000019affbd3800 5351       2       com.sun.org.apache.xerces.internal.dom.DeferredAttrImpl::synchronizeChildren (18 bytes)
Event: 19.725 Thread 0x0000019affbd3800 nmethod 5351 0x0000019a810f9c10 code [0x0000019a810f9de0, 0x0000019a810f9fd8]
Event: 19.725 Thread 0x0000019affbd3800 5352       2       com.sun.org.apache.xerces.internal.dom.DeferredDocumentImpl::synchronizeChildren (167 bytes)
Event: 19.726 Thread 0x0000019affbd3800 nmethod 5352 0x0000019a810fa110 code [0x0000019a810fa320, 0x0000019a810fa948]
Event: 19.726 Thread 0x0000019affbd3800 5317       1       com.sun.org.apache.xerces.internal.dom.ChildNode::getNextSibling (5 bytes)
Event: 19.726 Thread 0x0000019affbd3800 nmethod 5317 0x0000019a87d32b10 code [0x0000019a87d32cc0, 0x0000019a87d32d78]
Event: 19.726 Thread 0x0000019affbd3800 5323       1       com.sun.org.apache.xerces.internal.dom.TextImpl::getNodeType (2 bytes)
Event: 19.727 Thread 0x0000019affbd3800 nmethod 5323 0x0000019a87d32e10 code [0x0000019a87d32fc0, 0x0000019a87d33078]
Event: 19.727 Thread 0x0000019affbd3800 5324       1       com.sun.org.apache.xerces.internal.dom.ElementImpl::getNodeType (2 bytes)
Event: 19.727 Thread 0x0000019affbd3800 nmethod 5324 0x0000019a87d33110 code [0x0000019a87d332c0, 0x0000019a87d33378]
Event: 19.727 Thread 0x0000019affbd3800 5284       3       com.sun.org.apache.xerces.internal.util.XMLAttributesImpl::addAttribute (9 bytes)
Event: 19.727 Thread 0x0000019affbd3800 nmethod 5284 0x0000019a810fac90 code [0x0000019a810fae40, 0x0000019a810fafe8]
Event: 19.727 Thread 0x0000019affbd3800 5308       2       com.sun.org.apache.xerces.internal.dom.ChildNode::<init> (6 bytes)
Event: 19.727 Thread 0x0000019affbd3800 nmethod 5308 0x0000019a810fb090 code [0x0000019a810fb240, 0x0000019a810fb378]

GC Heap History (20 events):
Event: 15.889 GC heap after
{Heap after GC invocations=26 (full 0):
 garbage-first heap   total 63488K, used 42472K [0x00000000a0000000, 0x0000000100000000)
  region size 1024K, 1 young (1024K), 1 survivors (1024K)
 Metaspace       used 47363K, capacity 48484K, committed 48768K, reserved 1091584K
  class space    used 6060K, capacity 6438K, committed 6528K, reserved 1048576K
}
Event: 16.236 GC heap before
{Heap before GC invocations=27 (full 0):
 garbage-first heap   total 63488K, used 48616K [0x00000000a0000000, 0x0000000100000000)
  region size 1024K, 8 young (8192K), 1 survivors (1024K)
 Metaspace       used 48458K, capacity 49540K, committed 49664K, reserved 1091584K
  class space    used 6168K, capacity 6534K, committed 6656K, reserved 1048576K
}
Event: 16.239 GC heap after
{Heap after GC invocations=28 (full 0):
 garbage-first heap   total 63488K, used 42575K [0x00000000a0000000, 0x0000000100000000)
  region size 1024K, 1 young (1024K), 1 survivors (1024K)
 Metaspace       used 48458K, capacity 49540K, committed 49664K, reserved 1091584K
  class space    used 6168K, capacity 6534K, committed 6656K, reserved 1048576K
}
Event: 16.603 GC heap before
{Heap before GC invocations=28 (full 0):
 garbage-first heap   total 63488K, used 49743K [0x00000000a0000000, 0x0000000100000000)
  region size 1024K, 8 young (8192K), 1 survivors (1024K)
 Metaspace       used 50192K, capacity 51389K, committed 51712K, reserved 1093632K
  class space    used 6373K, capacity 6787K, committed 6912K, reserved 1048576K
}
Event: 16.607 GC heap after
{Heap after GC invocations=29 (full 0):
 garbage-first heap   total 63488K, used 43089K [0x00000000a0000000, 0x0000000100000000)
  region size 1024K, 1 young (1024K), 1 survivors (1024K)
 Metaspace       used 50192K, capacity 51389K, committed 51712K, reserved 1093632K
  class space    used 6373K, capacity 6787K, committed 6912K, reserved 1048576K
}
Event: 16.849 GC heap before
{Heap before GC invocations=30 (full 0):
 garbage-first heap   total 63488K, used 50257K [0x00000000a0000000, 0x0000000100000000)
  region size 1024K, 8 young (8192K), 1 survivors (1024K)
 Metaspace       used 51274K, capacity 52381K, committed 52480K, reserved 1095680K
  class space    used 6480K, capacity 6861K, committed 6912K, reserved 1048576K
}
Event: 16.857 GC heap after
{Heap after GC invocations=31 (full 0):
 garbage-first heap   total 63488K, used 43422K [0x00000000a0000000, 0x0000000100000000)
  region size 1024K, 1 young (1024K), 1 survivors (1024K)
 Metaspace       used 51274K, capacity 52381K, committed 52480K, reserved 1095680K
  class space    used 6480K, capacity 6861K, committed 6912K, reserved 1048576K
}
Event: 17.087 GC heap before
{Heap before GC invocations=31 (full 0):
 garbage-first heap   total 63488K, used 50590K [0x00000000a0000000, 0x0000000100000000)
  region size 1024K, 8 young (8192K), 1 survivors (1024K)
 Metaspace       used 51911K, capacity 53153K, committed 53376K, reserved 1095680K
  class space    used 6590K, capacity 7034K, committed 7040K, reserved 1048576K
}
Event: 17.091 GC heap after
{Heap after GC invocations=32 (full 0):
 garbage-first heap   total 63488K, used 43575K [0x00000000a0000000, 0x0000000100000000)
  region size 1024K, 1 young (1024K), 1 survivors (1024K)
 Metaspace       used 51911K, capacity 53153K, committed 53376K, reserved 1095680K
  class space    used 6590K, capacity 7034K, committed 7040K, reserved 1048576K
}
Event: 17.422 GC heap before
{Heap before GC invocations=33 (full 0):
 garbage-first heap   total 63488K, used 50743K [0x00000000a0000000, 0x0000000100000000)
  region size 1024K, 8 young (8192K), 1 survivors (1024K)
 Metaspace       used 52531K, capacity 53727K, committed 54016K, reserved 1095680K
  class space    used 6689K, capacity 7119K, committed 7168K, reserved 1048576K
}
Event: 17.425 GC heap after
{Heap after GC invocations=34 (full 0):
 garbage-first heap   total 63488K, used 43723K [0x00000000a0000000, 0x0000000100000000)
  region size 1024K, 1 young (1024K), 1 survivors (1024K)
 Metaspace       used 52531K, capacity 53727K, committed 54016K, reserved 1095680K
  class space    used 6689K, capacity 7119K, committed 7168K, reserved 1048576K
}
Event: 17.635 GC heap before
{Heap before GC invocations=34 (full 0):
 garbage-first heap   total 63488K, used 49867K [0x00000000a0000000, 0x0000000100000000)
  region size 1024K, 8 young (8192K), 1 survivors (1024K)
 Metaspace       used 53396K, capacity 54594K, committed 54912K, reserved 1097728K
  class space    used 6774K, capacity 7216K, committed 7296K, reserved 1048576K
}
Event: 17.653 GC heap after
{Heap after GC invocations=35 (full 0):
 garbage-first heap   total 76800K, used 45495K [0x00000000a0000000, 0x0000000100000000)
  region size 1024K, 1 young (1024K), 1 survivors (1024K)
 Metaspace       used 53396K, capacity 54594K, committed 54912K, reserved 1097728K
  class space    used 6774K, capacity 7216K, committed 7296K, reserved 1048576K
}
Event: 18.114 GC heap before
{Heap before GC invocations=36 (full 0):
 garbage-first heap   total 76800K, used 57783K [0x00000000a0000000, 0x0000000100000000)
  region size 1024K, 13 young (13312K), 1 survivors (1024K)
 Metaspace       used 54311K, capacity 55487K, committed 55808K, reserved 1097728K
  class space    used 6900K, capacity 7316K, committed 7424K, reserved 1048576K
}
Event: 18.124 GC heap after
{Heap after GC invocations=37 (full 0):
 garbage-first heap   total 76800K, used 45842K [0x00000000a0000000, 0x0000000100000000)
  region size 1024K, 2 young (2048K), 2 survivors (2048K)
 Metaspace       used 54311K, capacity 55487K, committed 55808K, reserved 1097728K
  class space    used 6900K, capacity 7316K, committed 7424K, reserved 1048576K
}
Event: 18.690 GC heap before
{Heap before GC invocations=37 (full 0):
 garbage-first heap   total 76800K, used 58130K [0x00000000a0000000, 0x0000000100000000)
  region size 1024K, 14 young (14336K), 2 survivors (2048K)
 Metaspace       used 55433K, capacity 56640K, committed 56960K, reserved 1099776K
  class space    used 7039K, capacity 7461K, committed 7552K, reserved 1048576K
}
Event: 18.699 GC heap after
{Heap after GC invocations=38 (full 0):
 garbage-first heap   total 76800K, used 46759K [0x00000000a0000000, 0x0000000100000000)
  region size 1024K, 2 young (2048K), 2 survivors (2048K)
 Metaspace       used 55433K, capacity 56640K, committed 56960K, reserved 1099776K
  class space    used 7039K, capacity 7461K, committed 7552K, reserved 1048576K
}
Event: 19.081 GC heap before
{Heap before GC invocations=39 (full 0):
 garbage-first heap   total 76800K, used 51879K [0x00000000a0000000, 0x0000000100000000)
  region size 1024K, 9 young (9216K), 2 survivors (2048K)
 Metaspace       used 56084K, capacity 57249K, committed 57600K, reserved 1099776K
  class space    used 7120K, capacity 7557K, committed 7680K, reserved 1048576K
}
Event: 19.095 GC heap after
{Heap after GC invocations=40 (full 0):
 garbage-first heap   total 76800K, used 47269K [0x00000000a0000000, 0x0000000100000000)
  region size 1024K, 2 young (2048K), 2 survivors (2048K)
 Metaspace       used 56084K, capacity 57249K, committed 57600K, reserved 1099776K
  class space    used 7120K, capacity 7557K, committed 7680K, reserved 1048576K
}
Event: 19.728 GC heap before
{Heap before GC invocations=41 (full 0):
 garbage-first heap   total 76800K, used 60581K [0x00000000a0000000, 0x0000000100000000)
  region size 1024K, 14 young (14336K), 2 survivors (2048K)
 Metaspace       used 58585K, capacity 59880K, committed 60160K, reserved 1101824K
  class space    used 7384K, capacity 7835K, committed 7936K, reserved 1048576K
}

Deoptimization events (20 events):
Event: 19.430 Thread 0x0000019a92785000 Uncommon trap: trap_request=0xffffff4d fr.pc=0x0000019a87c84920 relative=0x00000000000005c0
Event: 19.430 Thread 0x0000019a92785000 Uncommon trap: reason=unstable_if action=reinterpret pc=0x0000019a87c84920 method=java.lang.AbstractStringBuilder.appendChars(Ljava/lang/CharSequence;II)V @ 4 c2
Event: 19.430 Thread 0x0000019a92785000 DEOPT PACKING pc=0x0000019a87c84920 sp=0x00000007ac3f2350
Event: 19.430 Thread 0x0000019a92785000 DEOPT UNPACKING pc=0x0000019a800278af sp=0x00000007ac3f2228 mode 2
Event: 19.430 Thread 0x0000019a92785000 Uncommon trap: trap_request=0xffffff4d fr.pc=0x0000019a87b31f40 relative=0x0000000000000380
Event: 19.430 Thread 0x0000019a92785000 Uncommon trap: reason=unstable_if action=reinterpret pc=0x0000019a87b31f40 method=java.lang.AbstractStringBuilder.isLatin1()Z @ 10 c2
Event: 19.430 Thread 0x0000019a92785000 DEOPT PACKING pc=0x0000019a87b31f40 sp=0x00000007ac3f23e0
Event: 19.430 Thread 0x0000019a92785000 DEOPT UNPACKING pc=0x0000019a800278af sp=0x00000007ac3f2360 mode 2
Event: 19.431 Thread 0x0000019a92785000 Uncommon trap: trap_request=0xffffff4d fr.pc=0x0000019a87b12824 relative=0x0000000000000464
Event: 19.431 Thread 0x0000019a92785000 Uncommon trap: reason=unstable_if action=reinterpret pc=0x0000019a87b12824 method=java.lang.AbstractStringBuilder.putStringAt(ILjava/lang/String;)V @ 8 c2
Event: 19.431 Thread 0x0000019a92785000 DEOPT PACKING pc=0x0000019a87b12824 sp=0x00000007ac3f2040
Event: 19.431 Thread 0x0000019a92785000 DEOPT UNPACKING pc=0x0000019a800278af sp=0x00000007ac3f1fa0 mode 2
Event: 19.432 Thread 0x0000019a92785000 Uncommon trap: trap_request=0xffffff4d fr.pc=0x0000019a87b007ec relative=0x00000000000000cc
Event: 19.432 Thread 0x0000019a92785000 Uncommon trap: reason=unstable_if action=reinterpret pc=0x0000019a87b007ec method=java.lang.String.getBytes([BIB)V @ 5 c2
Event: 19.432 Thread 0x0000019a92785000 DEOPT PACKING pc=0x0000019a87b007ec sp=0x00000007ac3f1fc0
Event: 19.432 Thread 0x0000019a92785000 DEOPT UNPACKING pc=0x0000019a800278af sp=0x00000007ac3f1f68 mode 2
Event: 19.432 Thread 0x0000019a92785000 Uncommon trap: trap_request=0xffffff4d fr.pc=0x0000019a87b0f618 relative=0x0000000000000458
Event: 19.432 Thread 0x0000019a92785000 Uncommon trap: reason=unstable_if action=reinterpret pc=0x0000019a87b0f618 method=java.lang.String.substring(II)Ljava/lang/String; @ 31 c2
Event: 19.432 Thread 0x0000019a92785000 DEOPT PACKING pc=0x0000019a87b0f618 sp=0x00000007ac3f1fd0
Event: 19.432 Thread 0x0000019a92785000 DEOPT UNPACKING pc=0x0000019a800278af sp=0x00000007ac3f1f88 mode 2

Classes redefined (0 events):
No events

Internal exceptions (20 events):
Event: 14.719 Thread 0x0000019a92785000 Exception <a 'java/security/PrivilegedActionException'{0x00000000a3dd9e38}> (0x00000000a3dd9e38) thrown at [./src/hotspot/share/prims/jvm.cpp, line 1306]
Event: 14.719 Thread 0x0000019a92785000 Exception <a 'java/security/PrivilegedActionException'{0x00000000a3ddb8f0}> (0x00000000a3ddb8f0) thrown at [./src/hotspot/share/prims/jvm.cpp, line 1306]
Event: 14.719 Thread 0x0000019a92785000 Exception <a 'java/security/PrivilegedActionException'{0x00000000a3ddf508}> (0x00000000a3ddf508) thrown at [./src/hotspot/share/prims/jvm.cpp, line 1306]
Event: 14.719 Thread 0x0000019a92785000 Exception <a 'java/security/PrivilegedActionException'{0x00000000a3de0fc0}> (0x00000000a3de0fc0) thrown at [./src/hotspot/share/prims/jvm.cpp, line 1306]
Event: 14.720 Thread 0x0000019a92785000 Exception <a 'java/security/PrivilegedActionException'{0x00000000a3de4c30}> (0x00000000a3de4c30) thrown at [./src/hotspot/share/prims/jvm.cpp, line 1306]
Event: 14.720 Thread 0x0000019a92785000 Exception <a 'java/security/PrivilegedActionException'{0x00000000a3de66e8}> (0x00000000a3de66e8) thrown at [./src/hotspot/share/prims/jvm.cpp, line 1306]
Event: 14.721 Thread 0x0000019a92785000 Exception <a 'java/security/PrivilegedActionException'{0x00000000a3dea3b0}> (0x00000000a3dea3b0) thrown at [./src/hotspot/share/prims/jvm.cpp, line 1306]
Event: 14.721 Thread 0x0000019a92785000 Exception <a 'java/security/PrivilegedActionException'{0x00000000a3debe68}> (0x00000000a3debe68) thrown at [./src/hotspot/share/prims/jvm.cpp, line 1306]
Event: 14.827 Thread 0x0000019a92785000 Exception <a 'java/lang/ClassNotFoundException'{0x00000000a3cd4148}: build_2fau6gky5q65m13zikfc0grddBeanInfo> (0x00000000a3cd4148) thrown at [./src/hotspot/share/classfile/systemDictionary.cpp, line 231]
Event: 14.828 Thread 0x0000019a92785000 Exception <a 'java/lang/ClassNotFoundException'{0x00000000a3ce2de8}: build_2fau6gky5q65m13zikfc0grddCustomizer> (0x00000000a3ce2de8) thrown at [./src/hotspot/share/classfile/systemDictionary.cpp, line 231]
Event: 15.139 Thread 0x0000019a92785000 Exception <a 'java/lang/NoSuchMethodError'{0x00000000a3cb5df0}: 'void java.lang.invoke.DirectMethodHandle$Holder.invokeStatic(java.lang.Object, java.lang.Object, java.lang.Object, java.lang.Object, java.lang.Object)'> (0x00000000a3cb5df0) thrown at [./src/hotspot/share/interpreter/linkResolver.cpp, line 773]
Event: 15.574 Thread 0x0000019a92785000 Exception <a 'java/lang/NoSuchMethodError'{0x00000000a383a3b0}: 'java.lang.Object java.lang.invoke.DirectMethodHandle$Holder.invokeStatic(java.lang.Object, java.lang.Object, java.lang.Object, java.lang.Object, int)'> (0x00000000a383a3b0) thrown at [./src/hotspot/share/interpreter/linkResolver.cpp, line 773]
Event: 15.575 Thread 0x0000019a92785000 Exception <a 'java/lang/NoSuchMethodError'{0x00000000a383f848}: 'java.lang.Object java.lang.invoke.DirectMethodHandle$Holder.invokeSpecial(java.lang.Object, java.lang.Object, java.lang.Object, java.lang.Object, java.lang.Object, int)'> (0x00000000a383f848) thrown at [./src/hotspot/share/interpreter/linkResolver.cpp, line 773]
Event: 15.575 Thread 0x0000019a92785000 Exception <a 'java/lang/NoSuchMethodError'{0x00000000a3844928}: 'java.lang.Object java.lang.invoke.Invokers$Holder.linkToTargetMethod(java.lang.Object, java.lang.Object, java.lang.Object, int, java.lang.Object)'> (0x00000000a3844928) thrown at [./src/hotspot/share/interpreter/linkResolver.cpp, line 773]
Event: 16.416 Thread 0x0000019a92785000 Exception <a 'java/lang/IncompatibleClassChangeError'{0x00000000a3a1d950}: Found class java.lang.Object, but interface was expected> (0x00000000a3a1d950) thrown at [./src/hotspot/share/interpreter/linkResolver.cpp, line 839]
Event: 16.865 Thread 0x0000019a92785000 Exception <a 'java/lang/NoSuchMethodError'{0x00000000a3d67dd0}: 'void java.lang.invoke.DirectMethodHandle$Holder.invokeInterface(java.lang.Object, java.lang.Object, java.lang.Object, java.lang.Object)'> (0x00000000a3d67dd0) thrown at [./src/hotspot/share/interpreter/linkResolver.cpp, line 773]
Event: 17.170 Thread 0x0000019a92785000 Implicit null exception at 0x0000019a87cf3d08 to 0x0000019a87cf61ec
Event: 17.481 Thread 0x0000019a92785000 Implicit null exception at 0x0000019a87c0130b to 0x0000019a87c013e4
Event: 19.559 Thread 0x0000019a92785000 Exception <a 'java/lang/NoSuchMethodError'{0x00000000a3e4e8d8}: 'java.lang.Object java.lang.invoke.DirectMethodHandle$Holder.invokeSpecial(java.lang.Object, java.lang.Object, int, int, java.lang.Object, java.lang.Object, java.lang.Object)'> (0x00000000a3e4e8d8) thrown at [./src/hotspot/share/interpreter/linkResolver.cpp, line 773]
Event: 19.559 Thread 0x0000019a92785000 Exception <a 'java/lang/NoSuchMethodError'{0x00000000a3e538f8}: 'java.lang.Object java.lang.invoke.DelegatingMethodHandle$Holder.reinvoke_L(java.lang.Object, int, int, java.lang.Object, java.lang.Object, java.lang.Object)'> (0x00000000a3e538f8) thrown at [./src/hotspot/share/interpreter/linkResolver.cpp, line 773]

Events (20 events):
Event: 19.685 loading class com/sun/org/apache/xerces/internal/dom/DeferredAttrImpl done
Event: 19.717 loading class com/google/common/collect/Ordering
Event: 19.717 loading class com/google/common/collect/Ordering done
Event: 19.720 loading class com/google/common/collect/NaturalOrdering
Event: 19.720 loading class com/google/common/collect/NaturalOrdering done
Event: 19.722 loading class com/google/common/collect/UsingToStringOrdering
Event: 19.722 loading class com/google/common/collect/UsingToStringOrdering done
Event: 19.723 loading class com/google/common/collect/ByFunctionOrdering
Event: 19.723 loading class com/google/common/collect/ByFunctionOrdering done
Event: 19.724 loading class com/google/common/collect/ExplicitOrdering
Event: 19.724 loading class com/google/common/collect/ExplicitOrdering done
Event: 19.725 loading class com/google/common/collect/CompoundOrdering
Event: 19.725 loading class com/google/common/collect/CompoundOrdering done
Event: 19.726 loading class com/google/common/collect/LexicographicalOrdering
Event: 19.726 loading class com/google/common/collect/LexicographicalOrdering done
Event: 19.726 loading class com/google/common/collect/AllEqualOrdering
Event: 19.726 loading class com/google/common/collect/AllEqualOrdering done
Event: 19.727 loading class com/google/common/collect/ComparatorOrdering
Event: 19.727 loading class com/google/common/collect/ComparatorOrdering done
Event: 19.728 Executing VM operation: G1CollectForAllocation


Dynamic libraries:
0x00007ff659300000 - 0x00007ff65930a000 	C:\Program Files\Android\Android Studio\jre\bin\java.exe
0x00007ffbf8410000 - 0x00007ffbf8605000 	C:\WINDOWS\SYSTEM32\ntdll.dll
0x00007ffbf6460000 - 0x00007ffbf651e000 	C:\WINDOWS\System32\KERNEL32.DLL
0x00007ffbf5c60000 - 0x00007ffbf5f29000 	C:\WINDOWS\System32\KERNELBASE.dll
0x00007ffbf5b30000 - 0x00007ffbf5c30000 	C:\WINDOWS\System32\ucrtbase.dll
0x00007ffbe6a10000 - 0x00007ffbe6a27000 	C:\Program Files\Android\Android Studio\jre\bin\VCRUNTIME140.dll
0x00007ffbdbef0000 - 0x00007ffbdbf09000 	C:\Program Files\Android\Android Studio\jre\bin\jli.dll
0x00007ffbf6a40000 - 0x00007ffbf6be1000 	C:\WINDOWS\System32\USER32.dll
0x00007ffbf6020000 - 0x00007ffbf6042000 	C:\WINDOWS\System32\win32u.dll
0x00007ffbdfb80000 - 0x00007ffbdfe1a000 	C:\WINDOWS\WinSxS\amd64_microsoft.windows.common-controls_6595b64144ccf1df_6.0.19041.1110_none_60b5254171f9507e\COMCTL32.dll
0x00007ffbf6cb0000 - 0x00007ffbf6cdb000 	C:\WINDOWS\System32\GDI32.dll
0x00007ffbf6050000 - 0x00007ffbf615b000 	C:\WINDOWS\System32\gdi32full.dll
0x00007ffbf6790000 - 0x00007ffbf682e000 	C:\WINDOWS\System32\msvcrt.dll
0x00007ffbf6160000 - 0x00007ffbf61fd000 	C:\WINDOWS\System32\msvcp_win.dll
0x00007ffbf7220000 - 0x00007ffbf7250000 	C:\WINDOWS\System32\IMM32.DLL
0x00007ffbc8010000 - 0x00007ffbc80ad000 	C:\Program Files\Android\Android Studio\jre\bin\msvcp140.dll
0x00007ffbafdc0000 - 0x00007ffbb088f000 	C:\Program Files\Android\Android Studio\jre\bin\server\jvm.dll
0x00007ffbf7350000 - 0x00007ffbf73fc000 	C:\WINDOWS\System32\ADVAPI32.dll
0x00007ffbf6c10000 - 0x00007ffbf6cab000 	C:\WINDOWS\System32\sechost.dll
0x00007ffbf7400000 - 0x00007ffbf752a000 	C:\WINDOWS\System32\RPCRT4.dll
0x00007ffbf6950000 - 0x00007ffbf6958000 	C:\WINDOWS\System32\PSAPI.DLL
0x00007ffbeca40000 - 0x00007ffbeca67000 	C:\WINDOWS\SYSTEM32\WINMM.dll
0x00007ffbee850000 - 0x00007ffbee85a000 	C:\WINDOWS\SYSTEM32\VERSION.dll
0x00007ffbe44e0000 - 0x00007ffbe44e9000 	C:\WINDOWS\SYSTEM32\WSOCK32.dll
0x00007ffbf7250000 - 0x00007ffbf72bb000 	C:\WINDOWS\System32\ws2_32.DLL
0x00007ffbf43b0000 - 0x00007ffbf43c2000 	C:\WINDOWS\SYSTEM32\kernel.appcore.dll
0x00007ffbd91e0000 - 0x00007ffbd91f1000 	C:\Program Files\Android\Android Studio\jre\bin\verify.dll
0x00007ffbf3940000 - 0x00007ffbf3b24000 	C:\WINDOWS\SYSTEM32\DBGHELP.DLL
0x00007ffbdbeb0000 - 0x00007ffbdbedc000 	C:\WINDOWS\SYSTEM32\dbgcore.DLL
0x00007ffbf5f90000 - 0x00007ffbf6013000 	C:\WINDOWS\System32\bcryptPrimitives.dll
0x00007ffbd3430000 - 0x00007ffbd3459000 	C:\Program Files\Android\Android Studio\jre\bin\java.dll
0x00007ffbe6a00000 - 0x00007ffbe6a0b000 	C:\Program Files\Android\Android Studio\jre\bin\jimage.dll
0x00007ffbd91c0000 - 0x00007ffbd91d8000 	C:\Program Files\Android\Android Studio\jre\bin\zip.dll
0x00007ffbf7c90000 - 0x00007ffbf83cf000 	C:\WINDOWS\System32\SHELL32.dll
0x00007ffbf3c10000 - 0x00007ffbf43a0000 	C:\WINDOWS\SYSTEM32\windows.storage.dll
0x00007ffbf7530000 - 0x00007ffbf7885000 	C:\WINDOWS\System32\combase.dll
0x00007ffbf5580000 - 0x00007ffbf55ac000 	C:\WINDOWS\SYSTEM32\Wldp.dll
0x00007ffbf7170000 - 0x00007ffbf721d000 	C:\WINDOWS\System32\SHCORE.dll
0x00007ffbf6650000 - 0x00007ffbf66a5000 	C:\WINDOWS\System32\shlwapi.dll
0x00007ffbf5a70000 - 0x00007ffbf5a8f000 	C:\WINDOWS\SYSTEM32\profapi.dll
0x00007ffbd4b00000 - 0x00007ffbd4b1a000 	C:\Program Files\Android\Android Studio\jre\bin\net.dll
0x00007ffbee0a0000 - 0x00007ffbee1a8000 	C:\WINDOWS\SYSTEM32\WINHTTP.dll
0x00007ffbf52e0000 - 0x00007ffbf534a000 	C:\WINDOWS\system32\mswsock.dll
0x00007ffbd1140000 - 0x00007ffbd1154000 	C:\Program Files\Android\Android Studio\jre\bin\nio.dll
0x00007ffbd0d00000 - 0x00007ffbd0d27000 	C:\Users\ASUS\.gradle\native\fdc75f09e3144964f2cf3f50f0aa648679c211496f362492102eb8c894070792\windows-amd64\native-platform.dll
0x00007ffbc7e70000 - 0x00007ffbc8006000 	C:\Users\ASUS\.gradle\native\12488b8bf47d2d4c9fbf2f6322a914ad602e24e48041cd04a747c6da556b65c4\windows-amd64\native-platform-file-events.dll
0x00007ffbdd1c0000 - 0x00007ffbdd1ca000 	C:\Program Files\Android\Android Studio\jre\bin\management.dll
0x00007ffbdbfb0000 - 0x00007ffbdbfbc000 	C:\Program Files\Android\Android Studio\jre\bin\management_ext.dll
0x00007ffbf54e0000 - 0x00007ffbf54f8000 	C:\WINDOWS\SYSTEM32\CRYPTSP.dll
0x00007ffbf4bf0000 - 0x00007ffbf4c24000 	C:\WINDOWS\system32\rsaenh.dll
0x00007ffbf5c30000 - 0x00007ffbf5c57000 	C:\WINDOWS\System32\bcrypt.dll
0x00007ffbf5a30000 - 0x00007ffbf5a5e000 	C:\WINDOWS\SYSTEM32\USERENV.dll
0x00007ffbf54d0000 - 0x00007ffbf54dc000 	C:\WINDOWS\SYSTEM32\CRYPTBASE.dll
0x00007ffbf4f80000 - 0x00007ffbf4fbb000 	C:\WINDOWS\SYSTEM32\IPHLPAPI.DLL
0x00007ffbf7160000 - 0x00007ffbf7168000 	C:\WINDOWS\System32\NSI.dll
0x00007ffbee6b0000 - 0x00007ffbee6c7000 	C:\WINDOWS\SYSTEM32\dhcpcsvc6.DLL
0x00007ffbee770000 - 0x00007ffbee78d000 	C:\WINDOWS\SYSTEM32\dhcpcsvc.DLL
0x00007ffbf4fc0000 - 0x00007ffbf508c000 	C:\WINDOWS\SYSTEM32\DNSAPI.dll
0x00007ffbeeaa0000 - 0x00007ffbeeaab000 	C:\WINDOWS\SYSTEM32\WINNSI.DLL

dbghelp: loaded successfully - version: 4.0.5 - missing functions: none
symbol engine: initialized successfully - sym options: 0x614 - pdb path: .;C:\Program Files\Android\Android Studio\jre\bin;C:\WINDOWS\SYSTEM32;C:\WINDOWS\WinSxS\amd64_microsoft.windows.common-controls_6595b64144ccf1df_6.0.19041.1110_none_60b5254171f9507e;C:\Program Files\Android\Android Studio\jre\bin\server;C:\Users\ASUS\.gradle\native\fdc75f09e3144964f2cf3f50f0aa648679c211496f362492102eb8c894070792\windows-amd64;C:\Users\ASUS\.gradle\native\12488b8bf47d2d4c9fbf2f6322a914ad602e24e48041cd04a747c6da556b65c4\windows-amd64

VM Arguments:
jvm_args: --add-opens=java.base/java.util=ALL-UNNAMED --add-opens=java.base/java.lang=ALL-UNNAMED --add-opens=java.base/java.lang.invoke=ALL-UNNAMED --add-opens=java.prefs/java.util.prefs=ALL-UNNAMED -Xmx1536M -Dfile.encoding=windows-1252 -Duser.country=US -Duser.language=en -Duser.variant 
java_command: org.gradle.launcher.daemon.bootstrap.GradleDaemon 6.7
java_class_path (initial): C:\Users\ASUS\.gradle\wrapper\dists\gradle-6.7-all\cuy9mc7upwgwgeb72wkcrupxe\gradle-6.7\lib\gradle-launcher-6.7.jar
Launcher Type: SUN_STANDARD

[Global flags]
     intx CICompilerCount                          = 4                                         {product} {ergonomic}
     uint ConcGCThreads                            = 2                                         {product} {ergonomic}
     uint G1ConcRefinementThreads                  = 8                                         {product} {ergonomic}
   size_t G1HeapRegionSize                         = 1048576                                   {product} {ergonomic}
    uintx GCDrainStackTargetSize                   = 64                                        {product} {ergonomic}
   size_t InitialHeapSize                          = 65011712                                  {product} {ergonomic}
   size_t MarkStackSize                            = 4194304                                   {product} {ergonomic}
   size_t MaxHeapSize                              = 1610612736                                {product} {command line}
   size_t MaxNewSize                               = 965738496                                 {product} {ergonomic}
   size_t MinHeapDeltaBytes                        = 1048576                                   {product} {ergonomic}
    uintx NonNMethodCodeHeapSize                   = 5836300                                {pd product} {ergonomic}
    uintx NonProfiledCodeHeapSize                  = 122910970                              {pd product} {ergonomic}
    uintx ProfiledCodeHeapSize                     = 122910970                              {pd product} {ergonomic}
    uintx ReservedCodeCacheSize                    = 251658240                              {pd product} {ergonomic}
     bool SegmentedCodeCache                       = true                                      {product} {ergonomic}
     bool UseCompressedClassPointers               = true                                 {lp64_product} {ergonomic}
     bool UseCompressedOops                        = true                                 {lp64_product} {ergonomic}
     bool UseG1GC                                  = true                                      {product} {ergonomic}
     bool UseLargePagesIndividualAllocation        = false                                  {pd product} {ergonomic}

Logging:
Log output configuration:
 #0: stdout all=warning uptime,level,tags
 #1: stderr all=off uptime,level,tags

Environment Variables:
JAVA_HOME=C:\Program Files\Android\Android Studio\jre
CLASSPATH=C:\Users\ASUS\Documents\MP\tmj_finalproject\android\\gradle\wrapper\gradle-wrapper.jar
PATH=C:\Program Files (x86)\Common Files\Intel\Shared Libraries\redist\intel64\compiler;C:\Program Files (x86)\Common Files\Oracle\Java\javapath;C:\Windows\system32;C:\Windows;C:\Windows\System32\Wbem;C:\Windows\System32\WindowsPowerShell\v1.0\;C:\Windows\System32\OpenSSH\;C:\Program Files (x86)\NVIDIA Corporation\PhysX\Common;C:\Program Files\NVIDIA Corporation\NVIDIA NvDLISR;C:\Program Files\Java\jdk-14.0.2\bin;;C:\WINDOWS\system32;C:\WINDOWS;C:\WINDOWS\System32\Wbem;C:\WINDOWS\System32\WindowsPowerShell\v1.0\;C:\WINDOWS\System32\OpenSSH\;C:\Users\ASUS\AppData\Local\Microsoft\WindowsApps;C:\Users\ASUS\AppData\Local\Programs\Microsoft VS Code\bin;C:\src\flutter\bin;C:\src\flutter\bin\mingit\cmd
USERNAME=ASUS
OS=Windows_NT
PROCESSOR_IDENTIFIER=Intel64 Family 6 Model 158 Stepping 10, GenuineIntel



---------------  S Y S T E M  ---------------

OS: Windows 10 , 64 bit Build 19041 (10.0.19041.1202)
OS uptime: 0 days 18:03 hours

CPU:total 8 (initial active 8) (4 cores per cpu, 2 threads per core) family 6 model 158 stepping 10 microcode 0xd2, cmov, cx8, fxsr, mmx, sse, sse2, sse3, ssse3, sse4.1, sse4.2, popcnt, avx, avx2, aes, clmul, erms, 3dnowpref, lzcnt, ht, tsc, tscinvbit, bmi1, bmi2, adx, fma

Memory: 4k page, system-wide physical 3948M (199M free)
TotalPageFile size 16236M (AvailPageFile size 24M)
current process WorkingSet (physical memory assigned to process): 169M, peak: 185M
current process commit charge ("private bytes"): 292M, peak: 319M

vm_info: OpenJDK 64-Bit Server VM (11.0.10+0-b96-7249189) for windows-amd64 JRE (11.0.10+0-b96-7249189), built on Mar 31 2021 21:44:00 by "builder" with MS VC++ 14.0 (VS2015)

END.
