#
# There is insufficient memory for the Java Runtime Environment to continue.
# Native memory allocation (mmap) failed to map 65011712 bytes for Failed to commit area from 0x00000000c2400000 to 0x00000000c6200000 of length 65011712.
# Possible reasons:
#   The system is out of physical RAM or swap space
#   The process is running with CompressedOops enabled, and the Java Heap may be blocking the growth of the native heap
# Possible solutions:
#   Reduce memory load on the system
#   Increase physical memory or swap space
#   Check if swap backing store is full
#   Decrease Java heap size (-Xmx/-Xms)
#   Decrease number of Java threads
#   Decrease Java thread stack sizes (-Xss)
#   Set larger code cache with -XX:ReservedCodeCacheSize=
#   JVM is running with Unscaled Compressed Oops mode in which the Java heap is
#     placed in the first 4GB address space. The Java Heap base address is the
#     maximum limit for the native heap growth. Please use -XX:HeapBaseMinAddress
#     to set the Java Heap base and to place the Java Heap above 4GB virtual address.
# This output file may be truncated or incomplete.
#
#  Out of Memory Error (./open/src/hotspot/os/windows/os_windows.cpp:3315), pid=25572, tid=25576
#
# JRE version:  (14.0.2+12) (build )
# Java VM: Java HotSpot(TM) 64-Bit Server VM (14.0.2+12-46, mixed mode, sharing, tiered, compressed oops, g1 gc, windows-amd64)
# No core dump will be written. Minidumps are not enabled by default on client versions of Windows
#

---------------  S U M M A R Y ------------

Command Line: -Dorg.gradle.appname=gradlew org.gradle.wrapper.GradleWrapperMain -q -Ptarget-platform=android-x86 -Ptarget=C:\Users\ASUS\Documents\MP\tmj_finalproject\lib\main.dart -Pdart-defines=Zmx1dHRlci5pbnNwZWN0b3Iuc3RydWN0dXJlZEVycm9ycz10cnVl,RkxVVFRFUl9XRUJfQVVUT19ERVRFQ1Q9dHJ1ZQ== -Pdart-obfuscation=false -Ptrack-widget-creation=true -Ptree-shake-icons=false -Pfilesystem-scheme=org-dartlang-root assembleDebug

Host: Intel(R) Core(TM) i5-9300H CPU @ 2.40GHz, 8 cores, 3G,  Windows 10 , 64 bit Build 19041 (10.0.19041.1202)
Time: Sun Feb 13 10:51:09 2022 Malay Peninsula Standard Time elapsed time: 0 seconds (0d 0h 0m 0s)

---------------  T H R E A D  ---------------

Current thread (0x000001cec5add800):  JavaThread "Unknown thread" [_thread_in_vm, id=25576, stack(0x00000085ccd00000,0x00000085cce00000)]

Stack: [0x00000085ccd00000,0x00000085cce00000]
Native frames: (J=compiled Java code, j=interpreted, Vv=VM code, C=native code)
V  [jvm.dll+0x5f8a9a]
V  [jvm.dll+0x74247a]
V  [jvm.dll+0x743c2f]
V  [jvm.dll+0x744273]
V  [jvm.dll+0x20d288]
V  [jvm.dll+0x5f5dea]
V  [jvm.dll+0x5eac45]
V  [jvm.dll+0x2c7e9c]
V  [jvm.dll+0x2c7cd2]
V  [jvm.dll+0x2cdbbc]
V  [jvm.dll+0x313fe8]
V  [jvm.dll+0x313710]
V  [jvm.dll+0x2a092a]
V  [jvm.dll+0x2a1a79]
V  [jvm.dll+0x71fd48]
V  [jvm.dll+0x321c14]
V  [jvm.dll+0x70112c]
V  [jvm.dll+0x392def]
V  [jvm.dll+0x394e61]
C  [jli.dll+0x524b]
C  [ucrtbase.dll+0x21bb2]
C  [KERNEL32.DLL+0x17034]
C  [ntdll.dll+0x52651]


---------------  P R O C E S S  ---------------

Threads class SMR info:
_java_thread_list=0x00007ffc2fa93038, length=0, elements={
}

Java Threads: ( => current thread )

Other Threads:
  0x000001cec5b0f000 GCTaskThread "GC Thread#0" [stack: 0x00000085cce00000,0x00000085ccf00000] [id=25988]
  0x000001cec5b1a800 ConcurrentGCThread "G1 Main Marker" [stack: 0x00000085ccf00000,0x00000085cd000000] [id=12524]
  0x000001cec5b1d800 ConcurrentGCThread "G1 Conc#0" [stack: 0x00000085cd000000,0x00000085cd100000] [id=9280]

[error occurred during error reporting (printing all threads), id 0xc0000005, EXCEPTION_ACCESS_VIOLATION (0xc0000005) at pc=0x00007ffc2f2c1257]

VM state:not at safepoint (not fully initialized)

VM Mutex/Monitor currently owned by a thread:  ([mutex/lock_event])
[0x000001cec5ad87b0] Heap_lock - owner thread: 0x000001cec5add800

Heap address: 0x00000000c2400000, size: 988 MB, Compressed Oops mode: 32-bit
Narrow klass base: 0x0000000000000000, Narrow klass shift: 0

GC Heap History (0 events):
No events

Deoptimization events (0 events):
No events

Classes unloaded (0 events):
No events

Classes redefined (0 events):
No events

Internal exceptions (0 events):
No events

Events (2 events):
Event: 0.017 Loaded shared library C:\Program Files\Java\jdk-14.0.2\bin\java.dll
Event: 0.018 Loaded shared library C:\Program Files\Java\jdk-14.0.2\bin\zip.dll


Dynamic libraries:
0x00007ff6fb870000 - 0x00007ff6fb87f000 	C:\Program Files\Java\jdk-14.0.2\bin\java.exe
0x00007ffc8acb0000 - 0x00007ffc8aea5000 	C:\WINDOWS\SYSTEM32\ntdll.dll
0x00007ffc89da0000 - 0x00007ffc89e5e000 	C:\WINDOWS\System32\KERNEL32.DLL
0x00007ffc88530000 - 0x00007ffc887f9000 	C:\WINDOWS\System32\KERNELBASE.dll
0x00007ffc88b60000 - 0x00007ffc88c60000 	C:\WINDOWS\System32\ucrtbase.dll
0x00007ffc6c040000 - 0x00007ffc6c058000 	C:\Program Files\Java\jdk-14.0.2\bin\jli.dll
0x00007ffc8a290000 - 0x00007ffc8a33c000 	C:\WINDOWS\System32\ADVAPI32.dll
0x00007ffc89d00000 - 0x00007ffc89d9e000 	C:\WINDOWS\System32\msvcrt.dll
0x00007ffc66a20000 - 0x00007ffc66a35000 	C:\Program Files\Java\jdk-14.0.2\bin\VCRUNTIME140.dll
0x00007ffc8abd0000 - 0x00007ffc8ac6b000 	C:\WINDOWS\System32\sechost.dll
0x00007ffc8a890000 - 0x00007ffc8a9ba000 	C:\WINDOWS\System32\RPCRT4.dll
0x00007ffc8a0e0000 - 0x00007ffc8a281000 	C:\WINDOWS\System32\USER32.dll
0x00007ffc88b30000 - 0x00007ffc88b52000 	C:\WINDOWS\System32\win32u.dll
0x00007ffc89f40000 - 0x00007ffc89f6b000 	C:\WINDOWS\System32\GDI32.dll
0x00007ffc88a20000 - 0x00007ffc88b2b000 	C:\WINDOWS\System32\gdi32full.dll
0x00007ffc88c60000 - 0x00007ffc88cfd000 	C:\WINDOWS\System32\msvcp_win.dll
0x00007ffc729a0000 - 0x00007ffc72c3a000 	C:\WINDOWS\WinSxS\amd64_microsoft.windows.common-controls_6595b64144ccf1df_6.0.19041.1110_none_60b5254171f9507e\COMCTL32.dll
0x00007ffc81680000 - 0x00007ffc8168a000 	C:\WINDOWS\SYSTEM32\VERSION.dll
0x00007ffc8a030000 - 0x00007ffc8a060000 	C:\WINDOWS\System32\IMM32.DLL
0x00007ffc4cc40000 - 0x00007ffc4ccdb000 	C:\Program Files\Java\jdk-14.0.2\bin\msvcp140.dll
0x00007ffc2f010000 - 0x00007ffc2fb2e000 	C:\Program Files\Java\jdk-14.0.2\bin\server\jvm.dll
0x00007ffc89980000 - 0x00007ffc89988000 	C:\WINDOWS\System32\PSAPI.DLL
0x00007ffc708b0000 - 0x00007ffc708b9000 	C:\WINDOWS\SYSTEM32\WSOCK32.dll
0x00007ffc790d0000 - 0x00007ffc790f7000 	C:\WINDOWS\SYSTEM32\WINMM.dll
0x00007ffc8a340000 - 0x00007ffc8a3ab000 	C:\WINDOWS\System32\WS2_32.dll
0x00007ffc86c50000 - 0x00007ffc86c62000 	C:\WINDOWS\SYSTEM32\kernel.appcore.dll
0x00007ffc6c030000 - 0x00007ffc6c03a000 	C:\Program Files\Java\jdk-14.0.2\bin\jimage.dll
0x00007ffc861e0000 - 0x00007ffc863c4000 	C:\WINDOWS\SYSTEM32\DBGHELP.DLL
0x00007ffc71160000 - 0x00007ffc7118c000 	C:\WINDOWS\SYSTEM32\dbgcore.DLL
0x00007ffc88990000 - 0x00007ffc88a13000 	C:\WINDOWS\System32\bcryptPrimitives.dll
0x00007ffc669f0000 - 0x00007ffc66a15000 	C:\Program Files\Java\jdk-14.0.2\bin\java.dll
0x00007ffc669d0000 - 0x00007ffc669e6000 	C:\Program Files\Java\jdk-14.0.2\bin\zip.dll

dbghelp: loaded successfully - version: 4.0.5 - missing functions: none
symbol engine: initialized successfully - sym options: 0x614 - pdb path: .;C:\Program Files\Java\jdk-14.0.2\bin;C:\WINDOWS\SYSTEM32;C:\WINDOWS\WinSxS\amd64_microsoft.windows.common-controls_6595b64144ccf1df_6.0.19041.1110_none_60b5254171f9507e;C:\Program Files\Java\jdk-14.0.2\bin\server

VM Arguments:
jvm_args: -Dorg.gradle.appname=gradlew 
java_command: org.gradle.wrapper.GradleWrapperMain -q -Ptarget-platform=android-x86 -Ptarget=C:\Users\ASUS\Documents\MP\tmj_finalproject\lib\main.dart -Pdart-defines=Zmx1dHRlci5pbnNwZWN0b3Iuc3RydWN0dXJlZEVycm9ycz10cnVl,RkxVVFRFUl9XRUJfQVVUT19ERVRFQ1Q9dHJ1ZQ== -Pdart-obfuscation=false -Ptrack-widget-creation=true -Ptree-shake-icons=false -Pfilesystem-scheme=org-dartlang-root assembleDebug
java_class_path (initial): C:\Users\ASUS\Documents\MP\tmj_finalproject\android\\gradle\wrapper\gradle-wrapper.jar
Launcher Type: SUN_STANDARD

[Global flags]
     intx CICompilerCount                          = 4                                         {product} {ergonomic}
     uint ConcGCThreads                            = 2                                         {product} {ergonomic}
     uint G1ConcRefinementThreads                  = 8                                         {product} {ergonomic}
   size_t G1HeapRegionSize                         = 1048576                                   {product} {ergonomic}
    uintx GCDrainStackTargetSize                   = 64                                        {product} {ergonomic}
   size_t InitialHeapSize                          = 65011712                                  {product} {ergonomic}
   size_t MarkStackSize                            = 4194304                                   {product} {ergonomic}
   size_t MaxHeapSize                              = 1035993088                                {product} {ergonomic}
   size_t MinHeapDeltaBytes                        = 1048576                                   {product} {ergonomic}
   size_t MinHeapSize                              = 8388608                                   {product} {ergonomic}
    uintx NonNMethodCodeHeapSize                   = 5839372                                {pd product} {ergonomic}
    uintx NonProfiledCodeHeapSize                  = 122909434                              {pd product} {ergonomic}
    uintx ProfiledCodeHeapSize                     = 122909434                              {pd product} {ergonomic}
    uintx ReservedCodeCacheSize                    = 251658240                              {pd product} {ergonomic}
     bool SegmentedCodeCache                       = true                                      {product} {ergonomic}
   size_t SoftMaxHeapSize                          = 1035993088                             {manageable} {ergonomic}
     bool UseCompressedClassPointers               = true                                 {lp64_product} {ergonomic}
     bool UseCompressedOops                        = true                                 {lp64_product} {ergonomic}
     bool UseG1GC                                  = true                                      {product} {ergonomic}
     bool UseLargePagesIndividualAllocation        = false                                  {pd product} {ergonomic}

Logging:
Log output configuration:
 #0: stdout all=warning uptime,level,tags
 #1: stderr all=off uptime,level,tags

Environment Variables:
JAVA_HOME=C:\Program Files\Java\jdk-14.0.2
CLASSPATH=C:\Users\ASUS\Documents\MP\tmj_finalproject\android\\gradle\wrapper\gradle-wrapper.jar
PATH=C:\Program Files (x86)\Common Files\Intel\Shared Libraries\redist\intel64\compiler;C:\Program Files (x86)\Common Files\Oracle\Java\javapath;C:\Windows\system32;C:\Windows;C:\Windows\System32\Wbem;C:\Windows\System32\WindowsPowerShell\v1.0\;C:\Windows\System32\OpenSSH\;C:\Program Files (x86)\NVIDIA Corporation\PhysX\Common;C:\Program Files\NVIDIA Corporation\NVIDIA NvDLISR;C:\Program Files\Java\jdk-14.0.2\bin;;C:\WINDOWS\system32;C:\WINDOWS;C:\WINDOWS\System32\Wbem;C:\WINDOWS\System32\WindowsPowerShell\v1.0\;C:\WINDOWS\System32\OpenSSH\;C:\Users\ASUS\AppData\Local\Microsoft\WindowsApps;C:\Users\ASUS\AppData\Local\Programs\Microsoft VS Code\bin;C:\src\flutter\bin;C:\src\flutter\bin\mingit\cmd
USERNAME=ASUS
OS=Windows_NT
PROCESSOR_IDENTIFIER=Intel64 Family 6 Model 158 Stepping 10, GenuineIntel



---------------  S Y S T E M  ---------------

OS: Windows 10 , 64 bit Build 19041 (10.0.19041.1202)
OS uptime: 0 days 19:41 hours

CPU:total 8 (initial active 8) (4 cores per cpu, 2 threads per core) family 6 model 158 stepping 10, cmov, cx8, fxsr, mmx, sse, sse2, sse3, ssse3, sse4.1, sse4.2, popcnt, avx, avx2, aes, clmul, erms, 3dnowpref, lzcnt, ht, tsc, tscinvbit, bmi1, bmi2, adx, fma

Memory: 4k page, system-wide physical 3948M (56M free)
TotalPageFile size 16236M (AvailPageFile size 17M)
current process WorkingSet (physical memory assigned to process): 10M, peak: 10M
current process commit charge ("private bytes"): 59M, peak: 121M

vm_info: Java HotSpot(TM) 64-Bit Server VM (14.0.2+12-46) for windows-amd64 JRE (14.0.2+12-46), built on Jul  9 2020 00:35:52 by "mach5one" with MS VC++ 15.9 (VS2017)

END.
